[06-Mar-2025 08:47:16 America/Montevideo] PHP Warning:  Creating default object from empty value in C:\xampp\htdocs\orderNet\src\class\defaultclass\users.php on line 417
[06-Mar-2025 08:47:19 America/Montevideo] PHP Warning:  Creating default object from empty value in C:\xampp\htdocs\orderNet\src\class\defaultclass\users.php on line 314
[06-Mar-2025 08:47:23 America/Montevideo] PHP Warning:  Creating default object from empty value in C:\xampp\htdocs\orderNet\src\class\defaultclass\users.php on line 314
[06-Mar-2025 08:47:23 America/Montevideo] PHP Warning:  Creating default object from empty value in C:\xampp\htdocs\orderNet\src\class\defaultclass\users.php on line 350
[06-Mar-2025 08:47:31 America/Montevideo] PHP Warning:  Creating default object from empty value in C:\xampp\htdocs\orderNet\src\class\defaultclass\users.php on line 314
[06-Mar-2025 08:47:31 America/Montevideo] PHP Warning:  Creating default object from empty value in C:\xampp\htdocs\orderNet\src\class\defaultclass\users.php on line 350
[06-Mar-2025 08:48:18 America/Montevideo] PHP Warning:  Creating default object from empty value in C:\xampp\htdocs\orderNet\src\class\defaultclass\users.php on line 314
[06-Mar-2025 08:48:18 America/Montevideo] PHP Warning:  Creating default object from empty value in C:\xampp\htdocs\orderNet\src\class\defaultclass\users.php on line 350
[06-Mar-2025 08:48:59 America/Montevideo] PHP Warning:  Creating default object from empty value in C:\xampp\htdocs\orderNet\src\class\defaultclass\users.php on line 314
[06-Mar-2025 08:48:59 America/Montevideo] PHP Warning:  Creating default object from empty value in C:\xampp\htdocs\orderNet\src\class\defaultclass\users.php on line 350
[06-Mar-2025 08:49:21 America/Montevideo] PHP Warning:  Creating default object from empty value in C:\xampp\htdocs\orderNet\src\class\defaultclass\users.php on line 314
[06-Mar-2025 08:49:21 America/Montevideo] PHP Warning:  Creating default object from empty value in C:\xampp\htdocs\orderNet\src\class\defaultclass\users.php on line 350
[06-Mar-2025 08:55:09 America/Montevideo] PHP Warning:  Creating default object from empty value in C:\xampp\htdocs\orderNet\src\class\defaultclass\users.php on line 314
[06-Mar-2025 08:55:09 America/Montevideo] PHP Warning:  Creating default object from empty value in C:\xampp\htdocs\orderNet\src\class\defaultclass\users.php on line 350
[06-Mar-2025 08:56:25 America/Montevideo] PHP Warning:  Creating default object from empty value in C:\xampp\htdocs\orderNet\src\class\defaultclass\users.php on line 314
[06-Mar-2025 08:56:25 America/Montevideo] PHP Warning:  Creating default object from empty value in C:\xampp\htdocs\orderNet\src\class\defaultclass\users.php on line 350
[06-Mar-2025 08:57:53 America/Montevideo] PHP Warning:  Creating default object from empty value in C:\xampp\htdocs\orderNet\src\class\defaultclass\users.php on line 314
[06-Mar-2025 08:57:53 America/Montevideo] PHP Warning:  Creating default object from empty value in C:\xampp\htdocs\orderNet\src\class\defaultclass\users.php on line 350
[06-Mar-2025 08:58:30 America/Montevideo] PHP Warning:  Creating default object from empty value in C:\xampp\htdocs\orderNet\src\class\defaultclass\users.php on line 314
[06-Mar-2025 08:58:30 America/Montevideo] PHP Warning:  Creating default object from empty value in C:\xampp\htdocs\orderNet\src\class\defaultclass\users.php on line 350
[06-Mar-2025 09:00:27 America/Montevideo] PHP Warning:  Creating default object from empty value in C:\xampp\htdocs\orderNet\src\class\defaultclass\users.php on line 314
[06-Mar-2025 09:00:27 America/Montevideo] PHP Warning:  Creating default object from empty value in C:\xampp\htdocs\orderNet\src\class\defaultclass\users.php on line 350
[06-Mar-2025 09:03:50 America/Montevideo] PHP Warning:  Creating default object from empty value in C:\xampp\htdocs\orderNet\src\class\defaultclass\users.php on line 314
[06-Mar-2025 09:03:50 America/Montevideo] PHP Warning:  Creating default object from empty value in C:\xampp\htdocs\orderNet\src\class\defaultclass\users.php on line 350
[06-Mar-2025 09:04:17 America/Montevideo] PHP Warning:  Creating default object from empty value in C:\xampp\htdocs\orderNet\src\class\defaultclass\users.php on line 314
[06-Mar-2025 09:04:17 America/Montevideo] PHP Warning:  Creating default object from empty value in C:\xampp\htdocs\orderNet\src\class\defaultclass\users.php on line 350
[06-Mar-2025 09:04:39 America/Montevideo] PHP Warning:  Creating default object from empty value in C:\xampp\htdocs\orderNet\src\class\defaultclass\users.php on line 314
[06-Mar-2025 09:04:39 America/Montevideo] PHP Warning:  Creating default object from empty value in C:\xampp\htdocs\orderNet\src\class\defaultclass\users.php on line 350
[06-Mar-2025 09:05:31 America/Montevideo] PHP Warning:  Creating default object from empty value in C:\xampp\htdocs\orderNet\src\class\defaultclass\users.php on line 314
[06-Mar-2025 09:05:31 America/Montevideo] PHP Warning:  Creating default object from empty value in C:\xampp\htdocs\orderNet\src\class\defaultclass\users.php on line 350
[06-Mar-2025 09:06:11 America/Montevideo] PHP Warning:  Creating default object from empty value in C:\xampp\htdocs\orderNet\src\class\defaultclass\users.php on line 314
[06-Mar-2025 09:06:11 America/Montevideo] PHP Warning:  Creating default object from empty value in C:\xampp\htdocs\orderNet\src\class\defaultclass\users.php on line 350
[06-Mar-2025 09:07:18 America/Montevideo] PHP Warning:  Creating default object from empty value in C:\xampp\htdocs\orderNet\src\class\defaultclass\users.php on line 314
[06-Mar-2025 09:07:18 America/Montevideo] PHP Warning:  Creating default object from empty value in C:\xampp\htdocs\orderNet\src\class\defaultclass\users.php on line 350
[06-Mar-2025 09:07:31 America/Montevideo] PHP Warning:  Creating default object from empty value in C:\xampp\htdocs\orderNet\src\class\defaultclass\users.php on line 314
[06-Mar-2025 09:07:31 America/Montevideo] PHP Warning:  Creating default object from empty value in C:\xampp\htdocs\orderNet\src\class\defaultclass\users.php on line 350
[06-Mar-2025 09:10:41 America/Montevideo] PHP Warning:  Creating default object from empty value in C:\xampp\htdocs\orderNet\src\class\defaultclass\users.php on line 314
[06-Mar-2025 09:10:41 America/Montevideo] PHP Warning:  Creating default object from empty value in C:\xampp\htdocs\orderNet\src\class\defaultclass\users.php on line 350
[06-Mar-2025 09:11:16 America/Montevideo] PHP Warning:  Creating default object from empty value in C:\xampp\htdocs\orderNet\src\class\defaultclass\users.php on line 314
[06-Mar-2025 09:11:16 America/Montevideo] PHP Warning:  Creating default object from empty value in C:\xampp\htdocs\orderNet\src\class\defaultclass\users.php on line 350
[06-Mar-2025 09:11:33 America/Montevideo] PHP Warning:  Creating default object from empty value in C:\xampp\htdocs\orderNet\src\class\defaultclass\users.php on line 314
[06-Mar-2025 09:11:33 America/Montevideo] PHP Warning:  Creating default object from empty value in C:\xampp\htdocs\orderNet\src\class\defaultclass\users.php on line 350
[06-Mar-2025 09:11:46 America/Montevideo] PHP Warning:  Creating default object from empty value in C:\xampp\htdocs\orderNet\src\class\defaultclass\users.php on line 314
[06-Mar-2025 09:11:46 America/Montevideo] PHP Warning:  Creating default object from empty value in C:\xampp\htdocs\orderNet\src\class\defaultclass\users.php on line 350
[06-Mar-2025 09:12:02 America/Montevideo] PHP Warning:  Creating default object from empty value in C:\xampp\htdocs\orderNet\src\class\defaultclass\users.php on line 314
[06-Mar-2025 09:12:02 America/Montevideo] PHP Warning:  Creating default object from empty value in C:\xampp\htdocs\orderNet\src\class\defaultclass\users.php on line 350
[06-Mar-2025 09:12:46 America/Montevideo] PHP Warning:  Creating default object from empty value in C:\xampp\htdocs\orderNet\src\class\defaultclass\users.php on line 314
[06-Mar-2025 09:12:46 America/Montevideo] PHP Warning:  Creating default object from empty value in C:\xampp\htdocs\orderNet\src\class\defaultclass\users.php on line 350
[06-Mar-2025 10:14:37 America/Montevideo] PHP Warning:  Creating default object from empty value in C:\xampp\htdocs\orderNet\src\class\defaultclass\users.php on line 339
[06-Mar-2025 10:14:37 America/Montevideo] PHP Warning:  Creating default object from empty value in C:\xampp\htdocs\orderNet\src\class\defaultclass\users.php on line 375
[06-Mar-2025 10:14:39 America/Montevideo] PHP Notice:  Undefined variable: responseGetProvider in C:\xampp\htdocs\orderNet\src\controllers\ctr_users.php on line 210
[06-Mar-2025 10:14:39 America/Montevideo] PHP Notice:  Trying to get property 'result' of non-object in C:\xampp\htdocs\orderNet\src\controllers\ctr_users.php on line 210
[06-Mar-2025 10:14:39 America/Montevideo] PHP Notice:  Undefined variable: responseGetProvider in C:\xampp\htdocs\orderNet\src\controllers\ctr_users.php on line 212
[06-Mar-2025 10:14:39 America/Montevideo] PHP Notice:  Trying to get property 'result' of non-object in C:\xampp\htdocs\orderNet\src\controllers\ctr_users.php on line 212
[06-Mar-2025 10:15:22 America/Montevideo] PHP Warning:  Creating default object from empty value in C:\xampp\htdocs\orderNet\src\class\defaultclass\users.php on line 339
[06-Mar-2025 10:15:22 America/Montevideo] PHP Warning:  Creating default object from empty value in C:\xampp\htdocs\orderNet\src\class\defaultclass\users.php on line 375
[06-Mar-2025 10:15:24 America/Montevideo] PHP Warning:  call_user_func_array() expects parameter 1 to be a valid callback, first array member is not a valid class name or object in C:\xampp\htdocs\orderNet\src\connection\open_connection.php on line 59
[06-Mar-2025 10:17:10 America/Montevideo] PHP Warning:  Creating default object from empty value in C:\xampp\htdocs\orderNet\src\class\defaultclass\users.php on line 339
[06-Mar-2025 10:17:10 America/Montevideo] PHP Warning:  Creating default object from empty value in C:\xampp\htdocs\orderNet\src\class\defaultclass\users.php on line 375
[06-Mar-2025 10:17:42 America/Montevideo] PHP Warning:  Creating default object from empty value in C:\xampp\htdocs\orderNet\src\class\defaultclass\users.php on line 339
[06-Mar-2025 10:17:42 America/Montevideo] PHP Warning:  Creating default object from empty value in C:\xampp\htdocs\orderNet\src\class\defaultclass\users.php on line 375
[06-Mar-2025 10:17:44 America/Montevideo] PHP Warning:  call_user_func_array() expects parameter 1 to be a valid callback, first array member is not a valid class name or object in C:\xampp\htdocs\orderNet\src\connection\open_connection.php on line 59
[06-Mar-2025 10:19:49 America/Montevideo] PHP Warning:  Creating default object from empty value in C:\xampp\htdocs\orderNet\src\class\defaultclass\users.php on line 339
[06-Mar-2025 10:19:49 America/Montevideo] PHP Warning:  Creating default object from empty value in C:\xampp\htdocs\orderNet\src\class\defaultclass\users.php on line 375
[06-Mar-2025 10:19:52 America/Montevideo] PHP Warning:  call_user_func_array() expects parameter 1 to be a valid callback, first array member is not a valid class name or object in C:\xampp\htdocs\orderNet\src\connection\open_connection.php on line 59
[06-Mar-2025 10:20:59 America/Montevideo] PHP Warning:  Creating default object from empty value in C:\xampp\htdocs\orderNet\src\class\defaultclass\users.php on line 340
[06-Mar-2025 10:20:59 America/Montevideo] PHP Warning:  Creating default object from empty value in C:\xampp\htdocs\orderNet\src\class\defaultclass\users.php on line 376
[06-Mar-2025 10:21:01 America/Montevideo] PHP Warning:  call_user_func_array() expects parameter 1 to be a valid callback, first array member is not a valid class name or object in C:\xampp\htdocs\orderNet\src\connection\open_connection.php on line 59
[06-Mar-2025 10:21:23 America/Montevideo] PHP Warning:  Creating default object from empty value in C:\xampp\htdocs\orderNet\src\class\defaultclass\users.php on line 340
[06-Mar-2025 10:21:23 America/Montevideo] PHP Warning:  Creating default object from empty value in C:\xampp\htdocs\orderNet\src\class\defaultclass\users.php on line 376
[06-Mar-2025 10:21:34 America/Montevideo] PHP Warning:  Creating default object from empty value in C:\xampp\htdocs\orderNet\src\class\defaultclass\users.php on line 340
[06-Mar-2025 10:21:34 America/Montevideo] PHP Warning:  Creating default object from empty value in C:\xampp\htdocs\orderNet\src\class\defaultclass\users.php on line 376
[06-Mar-2025 10:22:19 America/Montevideo] PHP Warning:  Creating default object from empty value in C:\xampp\htdocs\orderNet\src\class\defaultclass\users.php on line 340
[06-Mar-2025 10:22:19 America/Montevideo] PHP Warning:  Creating default object from empty value in C:\xampp\htdocs\orderNet\src\class\defaultclass\users.php on line 376
[06-Mar-2025 10:22:25 America/Montevideo] PHP Notice:  Undefined variable: userId in C:\xampp\htdocs\orderNet\src\class\defaultclass\users.php on line 61
[06-Mar-2025 10:25:18 America/Montevideo] PHP Warning:  Creating default object from empty value in C:\xampp\htdocs\orderNet\src\class\defaultclass\users.php on line 340
[06-Mar-2025 10:25:18 America/Montevideo] PHP Warning:  Creating default object from empty value in C:\xampp\htdocs\orderNet\src\class\defaultclass\users.php on line 376
[06-Mar-2025 10:32:23 America/Montevideo] PHP Warning:  Creating default object from empty value in C:\xampp\htdocs\orderNet\src\class\defaultclass\users.php on line 340
[06-Mar-2025 10:32:23 America/Montevideo] PHP Warning:  Creating default object from empty value in C:\xampp\htdocs\orderNet\src\class\defaultclass\users.php on line 376
[06-Mar-2025 10:32:25 America/Montevideo] PHP Notice:  Undefined variable: id in C:\xampp\htdocs\orderNet\src\routes\routes_users.php on line 323
[06-Mar-2025 10:33:05 America/Montevideo] PHP Warning:  Creating default object from empty value in C:\xampp\htdocs\orderNet\src\class\defaultclass\users.php on line 340
[06-Mar-2025 10:33:05 America/Montevideo] PHP Warning:  Creating default object from empty value in C:\xampp\htdocs\orderNet\src\class\defaultclass\users.php on line 376
[06-Mar-2025 10:33:08 America/Montevideo] PHP Notice:  Undefined variable: id in C:\xampp\htdocs\orderNet\src\routes\routes_users.php on line 323
[06-Mar-2025 10:33:09 America/Montevideo] PHP Notice:  Undefined variable: id in C:\xampp\htdocs\orderNet\src\routes\routes_users.php on line 323
[06-Mar-2025 10:33:11 America/Montevideo] PHP Notice:  Undefined variable: id in C:\xampp\htdocs\orderNet\src\routes\routes_users.php on line 323
[06-Mar-2025 11:05:41 America/Montevideo] PHP Warning:  Creating default object from empty value in C:\xampp\htdocs\orderNet\src\class\defaultclass\users.php on line 348
[06-Mar-2025 11:05:41 America/Montevideo] PHP Warning:  Creating default object from empty value in C:\xampp\htdocs\orderNet\src\class\defaultclass\users.php on line 384
[06-Mar-2025 11:06:01 America/Montevideo] PHP Warning:  Creating default object from empty value in C:\xampp\htdocs\orderNet\src\class\defaultclass\users.php on line 348
[06-Mar-2025 11:06:01 America/Montevideo] PHP Warning:  Creating default object from empty value in C:\xampp\htdocs\orderNet\src\class\defaultclass\users.php on line 384
[06-Mar-2025 11:06:08 America/Montevideo] PHP Warning:  Creating default object from empty value in C:\xampp\htdocs\orderNet\src\class\defaultclass\users.php on line 348
[06-Mar-2025 11:06:08 America/Montevideo] PHP Warning:  Creating default object from empty value in C:\xampp\htdocs\orderNet\src\class\defaultclass\users.php on line 384
[06-Mar-2025 11:06:21 America/Montevideo] PHP Warning:  Creating default object from empty value in C:\xampp\htdocs\orderNet\src\class\defaultclass\users.php on line 451
[06-Mar-2025 11:06:23 America/Montevideo] PHP Warning:  Creating default object from empty value in C:\xampp\htdocs\orderNet\src\class\defaultclass\users.php on line 348
[06-Mar-2025 11:06:24 America/Montevideo] PHP Warning:  Creating default object from empty value in C:\xampp\htdocs\orderNet\src\class\defaultclass\users.php on line 348
[06-Mar-2025 11:06:24 America/Montevideo] PHP Warning:  Creating default object from empty value in C:\xampp\htdocs\orderNet\src\class\defaultclass\users.php on line 384
[06-Mar-2025 11:06:26 America/Montevideo] PHP Warning:  Creating default object from empty value in C:\xampp\htdocs\orderNet\src\class\defaultclass\users.php on line 451
[06-Mar-2025 11:06:27 America/Montevideo] PHP Warning:  Creating default object from empty value in C:\xampp\htdocs\orderNet\src\class\defaultclass\users.php on line 348
[06-Mar-2025 11:06:29 America/Montevideo] PHP Warning:  Creating default object from empty value in C:\xampp\htdocs\orderNet\src\class\defaultclass\users.php on line 348
[06-Mar-2025 11:06:29 America/Montevideo] PHP Warning:  Creating default object from empty value in C:\xampp\htdocs\orderNet\src\class\defaultclass\users.php on line 384
[06-Mar-2025 11:06:57 America/Montevideo] PHP Warning:  Creating default object from empty value in C:\xampp\htdocs\orderNet\src\class\defaultclass\users.php on line 451
[06-Mar-2025 11:06:59 America/Montevideo] PHP Warning:  Creating default object from empty value in C:\xampp\htdocs\orderNet\src\class\defaultclass\users.php on line 348
[06-Mar-2025 11:07:00 America/Montevideo] PHP Warning:  Creating default object from empty value in C:\xampp\htdocs\orderNet\src\class\defaultclass\users.php on line 348
[06-Mar-2025 11:07:00 America/Montevideo] PHP Warning:  Creating default object from empty value in C:\xampp\htdocs\orderNet\src\class\defaultclass\users.php on line 384
[06-Mar-2025 11:07:11 America/Montevideo] PHP Warning:  Creating default object from empty value in C:\xampp\htdocs\orderNet\src\class\defaultclass\users.php on line 451
[06-Mar-2025 11:07:13 America/Montevideo] PHP Warning:  Creating default object from empty value in C:\xampp\htdocs\orderNet\src\class\defaultclass\users.php on line 348
[06-Mar-2025 11:07:15 America/Montevideo] PHP Warning:  Creating default object from empty value in C:\xampp\htdocs\orderNet\src\class\defaultclass\users.php on line 348
[06-Mar-2025 11:07:15 America/Montevideo] PHP Warning:  Creating default object from empty value in C:\xampp\htdocs\orderNet\src\class\defaultclass\users.php on line 384
[06-Mar-2025 11:40:57 America/Montevideo] PHP Notice:  Undefined variable: responseGeCountArticles in C:\xampp\htdocs\orderNet\src\controllers\ctr_users.php on line 208
[06-Mar-2025 11:40:57 America/Montevideo] PHP Notice:  Trying to get property 'result' of non-object in C:\xampp\htdocs\orderNet\src\controllers\ctr_users.php on line 208
[06-Mar-2025 11:40:57 America/Montevideo] PHP Notice:  Undefined property: stdClass::$cantidad in C:\xampp\htdocs\orderNet\src\routes\routes_users.php on line 88
[06-Mar-2025 11:40:57 America/Montevideo] PHP Warning:  Creating default object from empty value in C:\xampp\htdocs\orderNet\src\class\defaultclass\users.php on line 359
[06-Mar-2025 11:40:57 America/Montevideo] PHP Warning:  Creating default object from empty value in C:\xampp\htdocs\orderNet\src\class\defaultclass\users.php on line 395
[06-Mar-2025 11:41:04 America/Montevideo] PHP Notice:  Undefined variable: responseGeCountArticles in C:\xampp\htdocs\orderNet\src\controllers\ctr_users.php on line 208
[06-Mar-2025 11:41:04 America/Montevideo] PHP Notice:  Trying to get property 'result' of non-object in C:\xampp\htdocs\orderNet\src\controllers\ctr_users.php on line 208
[06-Mar-2025 11:41:04 America/Montevideo] PHP Notice:  Undefined property: stdClass::$cantidad in C:\xampp\htdocs\orderNet\src\routes\routes_users.php on line 88
[06-Mar-2025 11:41:04 America/Montevideo] PHP Warning:  Creating default object from empty value in C:\xampp\htdocs\orderNet\src\class\defaultclass\users.php on line 359
[06-Mar-2025 11:41:04 America/Montevideo] PHP Warning:  Creating default object from empty value in C:\xampp\htdocs\orderNet\src\class\defaultclass\users.php on line 395
[06-Mar-2025 11:41:26 America/Montevideo] PHP Notice:  Undefined variable: responseGeCountArticles in C:\xampp\htdocs\orderNet\src\controllers\ctr_users.php on line 208
[06-Mar-2025 11:41:26 America/Montevideo] PHP Notice:  Trying to get property 'result' of non-object in C:\xampp\htdocs\orderNet\src\controllers\ctr_users.php on line 208
[06-Mar-2025 11:41:26 America/Montevideo] PHP Notice:  Undefined property: stdClass::$cantidad in C:\xampp\htdocs\orderNet\src\routes\routes_users.php on line 88
[06-Mar-2025 11:41:26 America/Montevideo] PHP Warning:  Creating default object from empty value in C:\xampp\htdocs\orderNet\src\class\defaultclass\users.php on line 359
[06-Mar-2025 11:41:26 America/Montevideo] PHP Warning:  Creating default object from empty value in C:\xampp\htdocs\orderNet\src\class\defaultclass\users.php on line 395
[06-Mar-2025 11:41:51 America/Montevideo] PHP Notice:  Undefined variable: responseGeCountArticles in C:\xampp\htdocs\orderNet\src\controllers\ctr_users.php on line 208
[06-Mar-2025 11:41:51 America/Montevideo] PHP Notice:  Trying to get property 'result' of non-object in C:\xampp\htdocs\orderNet\src\controllers\ctr_users.php on line 208
[06-Mar-2025 11:41:51 America/Montevideo] PHP Notice:  Undefined property: stdClass::$cantidad in C:\xampp\htdocs\orderNet\src\routes\routes_users.php on line 88
[06-Mar-2025 11:41:51 America/Montevideo] PHP Warning:  Creating default object from empty value in C:\xampp\htdocs\orderNet\src\class\defaultclass\users.php on line 359
[06-Mar-2025 11:41:51 America/Montevideo] PHP Warning:  Creating default object from empty value in C:\xampp\htdocs\orderNet\src\class\defaultclass\users.php on line 395
[06-Mar-2025 11:43:09 America/Montevideo] PHP Notice:  Undefined variable: responseGeCountArticles in C:\xampp\htdocs\orderNet\src\controllers\ctr_users.php on line 208
[06-Mar-2025 11:43:09 America/Montevideo] PHP Notice:  Trying to get property 'result' of non-object in C:\xampp\htdocs\orderNet\src\controllers\ctr_users.php on line 208
[06-Mar-2025 11:43:09 America/Montevideo] PHP Notice:  Undefined property: stdClass::$cantidad in C:\xampp\htdocs\orderNet\src\routes\routes_users.php on line 88
[06-Mar-2025 11:43:09 America/Montevideo] PHP Warning:  Creating default object from empty value in C:\xampp\htdocs\orderNet\src\class\defaultclass\users.php on line 359
[06-Mar-2025 11:43:09 America/Montevideo] PHP Warning:  Creating default object from empty value in C:\xampp\htdocs\orderNet\src\class\defaultclass\users.php on line 395
[06-Mar-2025 11:43:25 America/Montevideo] PHP Notice:  Undefined variable: responseGeCountArticles in C:\xampp\htdocs\orderNet\src\controllers\ctr_users.php on line 208
[06-Mar-2025 11:43:25 America/Montevideo] PHP Notice:  Trying to get property 'result' of non-object in C:\xampp\htdocs\orderNet\src\controllers\ctr_users.php on line 208
[06-Mar-2025 11:43:25 America/Montevideo] PHP Notice:  Undefined property: stdClass::$cantidad in C:\xampp\htdocs\orderNet\src\routes\routes_users.php on line 88
[06-Mar-2025 11:43:25 America/Montevideo] PHP Warning:  Creating default object from empty value in C:\xampp\htdocs\orderNet\src\class\defaultclass\users.php on line 359
[06-Mar-2025 11:43:25 America/Montevideo] PHP Warning:  Creating default object from empty value in C:\xampp\htdocs\orderNet\src\class\defaultclass\users.php on line 395
[06-Mar-2025 11:43:30 America/Montevideo] PHP Warning:  Creating default object from empty value in C:\xampp\htdocs\orderNet\src\class\defaultclass\users.php on line 462
[06-Mar-2025 11:43:31 America/Montevideo] PHP Warning:  Creating default object from empty value in C:\xampp\htdocs\orderNet\src\class\defaultclass\users.php on line 359
[06-Mar-2025 11:43:34 America/Montevideo] PHP Notice:  Undefined variable: responseGeCountArticles in C:\xampp\htdocs\orderNet\src\controllers\ctr_users.php on line 208
[06-Mar-2025 11:43:34 America/Montevideo] PHP Notice:  Trying to get property 'result' of non-object in C:\xampp\htdocs\orderNet\src\controllers\ctr_users.php on line 208
[06-Mar-2025 11:43:34 America/Montevideo] PHP Notice:  Undefined property: stdClass::$cantidad in C:\xampp\htdocs\orderNet\src\routes\routes_users.php on line 88
[06-Mar-2025 11:43:34 America/Montevideo] PHP Warning:  Creating default object from empty value in C:\xampp\htdocs\orderNet\src\class\defaultclass\users.php on line 359
[06-Mar-2025 11:43:34 America/Montevideo] PHP Warning:  Creating default object from empty value in C:\xampp\htdocs\orderNet\src\class\defaultclass\users.php on line 395
[06-Mar-2025 11:44:17 America/Montevideo] PHP Notice:  Undefined variable: responseGeCountArticles in C:\xampp\htdocs\orderNet\src\controllers\ctr_users.php on line 208
[06-Mar-2025 11:44:17 America/Montevideo] PHP Notice:  Trying to get property 'result' of non-object in C:\xampp\htdocs\orderNet\src\controllers\ctr_users.php on line 208
[06-Mar-2025 11:44:17 America/Montevideo] PHP Notice:  Undefined property: stdClass::$cantidad in C:\xampp\htdocs\orderNet\src\routes\routes_users.php on line 88
[06-Mar-2025 11:44:17 America/Montevideo] PHP Warning:  Creating default object from empty value in C:\xampp\htdocs\orderNet\src\class\defaultclass\users.php on line 359
[06-Mar-2025 11:44:17 America/Montevideo] PHP Warning:  Creating default object from empty value in C:\xampp\htdocs\orderNet\src\class\defaultclass\users.php on line 395
[06-Mar-2025 11:45:05 America/Montevideo] PHP Notice:  Undefined variable: responseGeCountArticles in C:\xampp\htdocs\orderNet\src\controllers\ctr_users.php on line 208
[06-Mar-2025 11:45:05 America/Montevideo] PHP Notice:  Trying to get property 'result' of non-object in C:\xampp\htdocs\orderNet\src\controllers\ctr_users.php on line 208
[06-Mar-2025 11:45:05 America/Montevideo] PHP Notice:  Undefined property: stdClass::$cantidad in C:\xampp\htdocs\orderNet\src\routes\routes_users.php on line 88
[06-Mar-2025 11:45:05 America/Montevideo] PHP Warning:  Creating default object from empty value in C:\xampp\htdocs\orderNet\src\class\defaultclass\users.php on line 359
[06-Mar-2025 11:45:05 America/Montevideo] PHP Warning:  Creating default object from empty value in C:\xampp\htdocs\orderNet\src\class\defaultclass\users.php on line 395
[06-Mar-2025 11:45:38 America/Montevideo] PHP Notice:  Undefined variable: responseGeCountArticles in C:\xampp\htdocs\orderNet\src\controllers\ctr_users.php on line 208
[06-Mar-2025 11:45:38 America/Montevideo] PHP Notice:  Trying to get property 'result' of non-object in C:\xampp\htdocs\orderNet\src\controllers\ctr_users.php on line 208
[06-Mar-2025 11:45:38 America/Montevideo] PHP Notice:  Undefined property: stdClass::$cantidad in C:\xampp\htdocs\orderNet\src\routes\routes_users.php on line 88
[06-Mar-2025 11:45:46 America/Montevideo] PHP Notice:  Undefined variable: responseGeCountArticles in C:\xampp\htdocs\orderNet\src\controllers\ctr_users.php on line 208
[06-Mar-2025 11:45:46 America/Montevideo] PHP Notice:  Trying to get property 'result' of non-object in C:\xampp\htdocs\orderNet\src\controllers\ctr_users.php on line 208
[06-Mar-2025 11:45:46 America/Montevideo] PHP Notice:  Undefined property: stdClass::$cantidad in C:\xampp\htdocs\orderNet\src\routes\routes_users.php on line 88
[06-Mar-2025 11:46:14 America/Montevideo] PHP Notice:  Undefined variable: responseGeCountArticles in C:\xampp\htdocs\orderNet\src\controllers\ctr_users.php on line 208
[06-Mar-2025 11:46:14 America/Montevideo] PHP Notice:  Trying to get property 'result' of non-object in C:\xampp\htdocs\orderNet\src\controllers\ctr_users.php on line 208
[06-Mar-2025 11:46:14 America/Montevideo] PHP Notice:  Undefined property: stdClass::$cantidad in C:\xampp\htdocs\orderNet\src\routes\routes_users.php on line 88
[06-Mar-2025 11:46:30 America/Montevideo] PHP Notice:  Undefined variable: responseGeCountArticles in C:\xampp\htdocs\orderNet\src\controllers\ctr_users.php on line 208
[06-Mar-2025 11:46:30 America/Montevideo] PHP Notice:  Trying to get property 'result' of non-object in C:\xampp\htdocs\orderNet\src\controllers\ctr_users.php on line 208
[06-Mar-2025 11:46:30 America/Montevideo] PHP Notice:  Undefined property: stdClass::$cantidad in C:\xampp\htdocs\orderNet\src\routes\routes_users.php on line 88
[06-Mar-2025 11:46:30 America/Montevideo] PHP Notice:  Undefined variable: responseGeCountArticles in C:\xampp\htdocs\orderNet\src\controllers\ctr_users.php on line 208
[06-Mar-2025 11:46:30 America/Montevideo] PHP Notice:  Trying to get property 'result' of non-object in C:\xampp\htdocs\orderNet\src\controllers\ctr_users.php on line 208
[06-Mar-2025 11:46:59 America/Montevideo] PHP Notice:  Undefined variable: responseGeCountArticles in C:\xampp\htdocs\orderNet\src\controllers\ctr_users.php on line 208
[06-Mar-2025 11:46:59 America/Montevideo] PHP Notice:  Trying to get property 'result' of non-object in C:\xampp\htdocs\orderNet\src\controllers\ctr_users.php on line 208
[06-Mar-2025 11:46:59 America/Montevideo] PHP Notice:  Undefined property: stdClass::$cantidad in C:\xampp\htdocs\orderNet\src\routes\routes_users.php on line 88
[06-Mar-2025 11:46:59 America/Montevideo] PHP Notice:  Undefined variable: responseGeCountArticles in C:\xampp\htdocs\orderNet\src\controllers\ctr_users.php on line 208
[06-Mar-2025 11:46:59 America/Montevideo] PHP Notice:  Trying to get property 'result' of non-object in C:\xampp\htdocs\orderNet\src\controllers\ctr_users.php on line 208
[06-Mar-2025 11:47:37 America/Montevideo] PHP Notice:  Undefined variable: responseGeCountArticles in C:\xampp\htdocs\orderNet\src\controllers\ctr_users.php on line 208
[06-Mar-2025 11:47:37 America/Montevideo] PHP Notice:  Trying to get property 'result' of non-object in C:\xampp\htdocs\orderNet\src\controllers\ctr_users.php on line 208
[06-Mar-2025 11:47:37 America/Montevideo] PHP Notice:  Undefined property: stdClass::$cantidad in C:\xampp\htdocs\orderNet\src\routes\routes_users.php on line 88
[06-Mar-2025 11:47:37 America/Montevideo] PHP Notice:  Undefined variable: responseGeCountArticles in C:\xampp\htdocs\orderNet\src\controllers\ctr_users.php on line 208
[06-Mar-2025 11:47:37 America/Montevideo] PHP Notice:  Trying to get property 'result' of non-object in C:\xampp\htdocs\orderNet\src\controllers\ctr_users.php on line 208
[06-Mar-2025 11:47:42 America/Montevideo] PHP Notice:  Undefined variable: responseGeCountArticles in C:\xampp\htdocs\orderNet\src\controllers\ctr_users.php on line 208
[06-Mar-2025 11:47:42 America/Montevideo] PHP Notice:  Trying to get property 'result' of non-object in C:\xampp\htdocs\orderNet\src\controllers\ctr_users.php on line 208
[06-Mar-2025 11:47:42 America/Montevideo] PHP Notice:  Undefined property: stdClass::$cantidad in C:\xampp\htdocs\orderNet\src\routes\routes_users.php on line 88
[06-Mar-2025 11:47:42 America/Montevideo] PHP Notice:  Undefined variable: responseGeCountArticles in C:\xampp\htdocs\orderNet\src\controllers\ctr_users.php on line 208
[06-Mar-2025 11:47:42 America/Montevideo] PHP Notice:  Trying to get property 'result' of non-object in C:\xampp\htdocs\orderNet\src\controllers\ctr_users.php on line 208
[06-Mar-2025 11:47:42 America/Montevideo] PHP Notice:  Undefined property: stdClass::$cantidad in C:\xampp\htdocs\orderNet\src\routes\routes_users.php on line 89
[06-Mar-2025 11:49:22 America/Montevideo] PHP Warning:  Creating default object from empty value in C:\xampp\htdocs\orderNet\src\class\defaultclass\users.php on line 359
[06-Mar-2025 11:49:22 America/Montevideo] PHP Warning:  Creating default object from empty value in C:\xampp\htdocs\orderNet\src\class\defaultclass\users.php on line 395
[06-Mar-2025 11:50:02 America/Montevideo] PHP Warning:  Creating default object from empty value in C:\xampp\htdocs\orderNet\src\class\defaultclass\users.php on line 359
[06-Mar-2025 11:50:02 America/Montevideo] PHP Warning:  Creating default object from empty value in C:\xampp\htdocs\orderNet\src\class\defaultclass\users.php on line 395
[06-Mar-2025 11:50:02 America/Montevideo] PHP Notice:  Array to string conversion in C:\xampp\htdocs\utils\vendor\twig\twig\src\Environment.php(418) : eval()'d code on line 137
[06-Mar-2025 11:50:21 America/Montevideo] PHP Warning:  Creating default object from empty value in C:\xampp\htdocs\orderNet\src\class\defaultclass\users.php on line 359
[06-Mar-2025 11:50:21 America/Montevideo] PHP Warning:  Creating default object from empty value in C:\xampp\htdocs\orderNet\src\class\defaultclass\users.php on line 395
[06-Mar-2025 11:53:11 America/Montevideo] PHP Warning:  Creating default object from empty value in C:\xampp\htdocs\orderNet\src\class\defaultclass\users.php on line 359
[06-Mar-2025 11:53:11 America/Montevideo] PHP Warning:  Creating default object from empty value in C:\xampp\htdocs\orderNet\src\class\defaultclass\users.php on line 395
[06-Mar-2025 11:53:27 America/Montevideo] PHP Warning:  Creating default object from empty value in C:\xampp\htdocs\orderNet\src\class\defaultclass\users.php on line 462
[06-Mar-2025 11:53:28 America/Montevideo] PHP Warning:  Creating default object from empty value in C:\xampp\htdocs\orderNet\src\class\defaultclass\users.php on line 359
[06-Mar-2025 11:53:30 America/Montevideo] PHP Warning:  Creating default object from empty value in C:\xampp\htdocs\orderNet\src\class\defaultclass\users.php on line 359
[06-Mar-2025 11:53:30 America/Montevideo] PHP Warning:  Creating default object from empty value in C:\xampp\htdocs\orderNet\src\class\defaultclass\users.php on line 395
[06-Mar-2025 11:53:37 America/Montevideo] PHP Warning:  Creating default object from empty value in C:\xampp\htdocs\orderNet\src\class\defaultclass\users.php on line 462
[06-Mar-2025 11:53:39 America/Montevideo] PHP Warning:  Creating default object from empty value in C:\xampp\htdocs\orderNet\src\class\defaultclass\users.php on line 359
[06-Mar-2025 11:53:41 America/Montevideo] PHP Warning:  Creating default object from empty value in C:\xampp\htdocs\orderNet\src\class\defaultclass\users.php on line 359
[06-Mar-2025 11:53:41 America/Montevideo] PHP Warning:  Creating default object from empty value in C:\xampp\htdocs\orderNet\src\class\defaultclass\users.php on line 395
[06-Mar-2025 11:56:34 America/Montevideo] PHP Warning:  Creating default object from empty value in C:\xampp\htdocs\orderNet\src\class\defaultclass\users.php on line 359
[06-Mar-2025 11:56:34 America/Montevideo] PHP Warning:  Creating default object from empty value in C:\xampp\htdocs\orderNet\src\class\defaultclass\users.php on line 395
[06-Mar-2025 11:56:36 America/Montevideo] PHP Warning:  Creating default object from empty value in C:\xampp\htdocs\orderNet\src\class\defaultclass\users.php on line 462
[06-Mar-2025 11:58:11 America/Montevideo] PHP Warning:  Creating default object from empty value in C:\xampp\htdocs\orderNet\src\class\defaultclass\users.php on line 462
[06-Mar-2025 11:58:14 America/Montevideo] PHP Warning:  Creating default object from empty value in C:\xampp\htdocs\orderNet\src\class\defaultclass\users.php on line 359
[06-Mar-2025 11:58:16 America/Montevideo] PHP Warning:  Creating default object from empty value in C:\xampp\htdocs\orderNet\src\class\defaultclass\users.php on line 359
[06-Mar-2025 11:58:16 America/Montevideo] PHP Warning:  Creating default object from empty value in C:\xampp\htdocs\orderNet\src\class\defaultclass\users.php on line 395
[06-Mar-2025 11:58:22 America/Montevideo] PHP Warning:  Creating default object from empty value in C:\xampp\htdocs\orderNet\src\class\defaultclass\users.php on line 462
[06-Mar-2025 11:58:24 America/Montevideo] PHP Warning:  Creating default object from empty value in C:\xampp\htdocs\orderNet\src\class\defaultclass\users.php on line 359
[06-Mar-2025 11:58:26 America/Montevideo] PHP Warning:  Creating default object from empty value in C:\xampp\htdocs\orderNet\src\class\defaultclass\users.php on line 359
[06-Mar-2025 11:58:26 America/Montevideo] PHP Warning:  Creating default object from empty value in C:\xampp\htdocs\orderNet\src\class\defaultclass\users.php on line 395
[06-Mar-2025 11:58:30 America/Montevideo] PHP Warning:  Creating default object from empty value in C:\xampp\htdocs\orderNet\src\class\defaultclass\users.php on line 462
[06-Mar-2025 11:58:32 America/Montevideo] PHP Warning:  Creating default object from empty value in C:\xampp\htdocs\orderNet\src\class\defaultclass\users.php on line 359
[06-Mar-2025 11:58:33 America/Montevideo] PHP Warning:  Creating default object from empty value in C:\xampp\htdocs\orderNet\src\class\defaultclass\users.php on line 359
[06-Mar-2025 11:58:33 America/Montevideo] PHP Warning:  Creating default object from empty value in C:\xampp\htdocs\orderNet\src\class\defaultclass\users.php on line 395
[06-Mar-2025 11:58:37 America/Montevideo] PHP Warning:  Creating default object from empty value in C:\xampp\htdocs\orderNet\src\class\defaultclass\users.php on line 462
[06-Mar-2025 11:58:52 America/Montevideo] PHP Warning:  Creating default object from empty value in C:\xampp\htdocs\orderNet\src\class\defaultclass\users.php on line 359
[06-Mar-2025 11:58:53 America/Montevideo] PHP Warning:  Creating default object from empty value in C:\xampp\htdocs\orderNet\src\class\defaultclass\users.php on line 359
[06-Mar-2025 11:58:53 America/Montevideo] PHP Warning:  Creating default object from empty value in C:\xampp\htdocs\orderNet\src\class\defaultclass\users.php on line 374
[06-Mar-2025 11:58:53 America/Montevideo] PHP Warning:  Creating default object from empty value in C:\xampp\htdocs\orderNet\src\controllers\ctr_users.php on line 282
[06-Mar-2025 11:58:54 America/Montevideo] PHP Warning:  Creating default object from empty value in C:\xampp\htdocs\orderNet\src\class\defaultclass\users.php on line 359
[06-Mar-2025 11:58:55 America/Montevideo] PHP Warning:  Creating default object from empty value in C:\xampp\htdocs\orderNet\src\class\defaultclass\users.php on line 462
[06-Mar-2025 11:58:57 America/Montevideo] PHP Warning:  Creating default object from empty value in C:\xampp\htdocs\orderNet\src\class\defaultclass\users.php on line 359
[06-Mar-2025 11:59:00 America/Montevideo] PHP Warning:  Creating default object from empty value in C:\xampp\htdocs\orderNet\src\class\defaultclass\users.php on line 359
[06-Mar-2025 11:59:00 America/Montevideo] PHP Warning:  Creating default object from empty value in C:\xampp\htdocs\orderNet\src\class\defaultclass\users.php on line 395
[06-Mar-2025 11:59:04 America/Montevideo] PHP Warning:  Creating default object from empty value in C:\xampp\htdocs\orderNet\src\class\defaultclass\users.php on line 462
[06-Mar-2025 11:59:06 America/Montevideo] PHP Warning:  Creating default object from empty value in C:\xampp\htdocs\orderNet\src\class\defaultclass\users.php on line 359
[06-Mar-2025 11:59:08 America/Montevideo] PHP Warning:  Creating default object from empty value in C:\xampp\htdocs\orderNet\src\class\defaultclass\users.php on line 359
[06-Mar-2025 11:59:08 America/Montevideo] PHP Warning:  Creating default object from empty value in C:\xampp\htdocs\orderNet\src\class\defaultclass\users.php on line 395
[06-Mar-2025 11:59:11 America/Montevideo] PHP Warning:  Creating default object from empty value in C:\xampp\htdocs\orderNet\src\class\defaultclass\users.php on line 462
[06-Mar-2025 11:59:12 America/Montevideo] PHP Warning:  Creating default object from empty value in C:\xampp\htdocs\orderNet\src\class\defaultclass\users.php on line 359
[06-Mar-2025 11:59:14 America/Montevideo] PHP Warning:  Creating default object from empty value in C:\xampp\htdocs\orderNet\src\class\defaultclass\users.php on line 359
[06-Mar-2025 11:59:14 America/Montevideo] PHP Warning:  Creating default object from empty value in C:\xampp\htdocs\orderNet\src\class\defaultclass\users.php on line 395
[06-Mar-2025 11:59:16 America/Montevideo] PHP Warning:  Creating default object from empty value in C:\xampp\htdocs\orderNet\src\class\defaultclass\users.php on line 359
[06-Mar-2025 11:59:17 America/Montevideo] PHP Warning:  Creating default object from empty value in C:\xampp\htdocs\orderNet\src\class\defaultclass\users.php on line 359
[06-Mar-2025 11:59:17 America/Montevideo] PHP Warning:  Creating default object from empty value in C:\xampp\htdocs\orderNet\src\class\defaultclass\users.php on line 395
[06-Mar-2025 11:59:20 America/Montevideo] PHP Warning:  Creating default object from empty value in C:\xampp\htdocs\orderNet\src\class\defaultclass\users.php on line 359
[06-Mar-2025 11:59:21 America/Montevideo] PHP Warning:  Creating default object from empty value in C:\xampp\htdocs\orderNet\src\class\defaultclass\users.php on line 359
[06-Mar-2025 11:59:21 America/Montevideo] PHP Warning:  Creating default object from empty value in C:\xampp\htdocs\orderNet\src\class\defaultclass\users.php on line 395
[06-Mar-2025 11:59:26 America/Montevideo] PHP Warning:  Creating default object from empty value in C:\xampp\htdocs\orderNet\src\class\defaultclass\users.php on line 462
[06-Mar-2025 11:59:54 America/Montevideo] PHP Warning:  Creating default object from empty value in C:\xampp\htdocs\orderNet\src\class\defaultclass\users.php on line 462
[06-Mar-2025 12:00:50 America/Montevideo] PHP Warning:  Creating default object from empty value in C:\xampp\htdocs\orderNet\src\class\defaultclass\users.php on line 462
[06-Mar-2025 12:01:27 America/Montevideo] PHP Warning:  Creating default object from empty value in C:\xampp\htdocs\orderNet\src\class\defaultclass\users.php on line 462
[06-Mar-2025 12:02:07 America/Montevideo] PHP Warning:  Creating default object from empty value in C:\xampp\htdocs\orderNet\src\class\defaultclass\users.php on line 462
[06-Mar-2025 12:02:11 America/Montevideo] PHP Warning:  Creating default object from empty value in C:\xampp\htdocs\orderNet\src\class\defaultclass\users.php on line 359
[06-Mar-2025 12:02:15 America/Montevideo] PHP Warning:  Creating default object from empty value in C:\xampp\htdocs\orderNet\src\class\defaultclass\users.php on line 462
[06-Mar-2025 12:02:17 America/Montevideo] PHP Warning:  Creating default object from empty value in C:\xampp\htdocs\orderNet\src\class\defaultclass\users.php on line 359
[06-Mar-2025 12:02:22 America/Montevideo] PHP Warning:  Creating default object from empty value in C:\xampp\htdocs\orderNet\src\class\defaultclass\users.php on line 359
[06-Mar-2025 12:02:22 America/Montevideo] PHP Warning:  Creating default object from empty value in C:\xampp\htdocs\orderNet\src\class\defaultclass\users.php on line 374
[06-Mar-2025 12:02:22 America/Montevideo] PHP Warning:  Creating default object from empty value in C:\xampp\htdocs\orderNet\src\class\defaultclass\users.php on line 359
[06-Mar-2025 12:02:24 America/Montevideo] PHP Warning:  Creating default object from empty value in C:\xampp\htdocs\orderNet\src\class\defaultclass\users.php on line 462
[06-Mar-2025 12:02:25 America/Montevideo] PHP Warning:  Creating default object from empty value in C:\xampp\htdocs\orderNet\src\class\defaultclass\users.php on line 359
[06-Mar-2025 12:02:27 America/Montevideo] PHP Warning:  Creating default object from empty value in C:\xampp\htdocs\orderNet\src\class\defaultclass\users.php on line 359
[06-Mar-2025 12:02:27 America/Montevideo] PHP Warning:  Creating default object from empty value in C:\xampp\htdocs\orderNet\src\class\defaultclass\users.php on line 374
[06-Mar-2025 12:02:27 America/Montevideo] PHP Warning:  Creating default object from empty value in C:\xampp\htdocs\orderNet\src\controllers\ctr_users.php on line 282
[06-Mar-2025 12:02:27 America/Montevideo] PHP Warning:  Creating default object from empty value in C:\xampp\htdocs\orderNet\src\class\defaultclass\users.php on line 359
[06-Mar-2025 12:02:29 America/Montevideo] PHP Warning:  Creating default object from empty value in C:\xampp\htdocs\orderNet\src\class\defaultclass\users.php on line 462
[06-Mar-2025 12:02:32 America/Montevideo] PHP Warning:  Creating default object from empty value in C:\xampp\htdocs\orderNet\src\class\defaultclass\users.php on line 359
[06-Mar-2025 12:02:33 America/Montevideo] PHP Warning:  Creating default object from empty value in C:\xampp\htdocs\orderNet\src\class\defaultclass\users.php on line 359
[06-Mar-2025 12:02:33 America/Montevideo] PHP Warning:  Creating default object from empty value in C:\xampp\htdocs\orderNet\src\class\defaultclass\users.php on line 374
[06-Mar-2025 12:02:33 America/Montevideo] PHP Warning:  Creating default object from empty value in C:\xampp\htdocs\orderNet\src\class\defaultclass\users.php on line 359
[06-Mar-2025 12:02:35 America/Montevideo] PHP Warning:  Creating default object from empty value in C:\xampp\htdocs\orderNet\src\class\defaultclass\users.php on line 462
[06-Mar-2025 12:02:37 America/Montevideo] PHP Warning:  Creating default object from empty value in C:\xampp\htdocs\orderNet\src\class\defaultclass\users.php on line 359
[06-Mar-2025 12:02:38 America/Montevideo] PHP Warning:  Creating default object from empty value in C:\xampp\htdocs\orderNet\src\class\defaultclass\users.php on line 359
[06-Mar-2025 12:02:38 America/Montevideo] PHP Warning:  Creating default object from empty value in C:\xampp\htdocs\orderNet\src\class\defaultclass\users.php on line 374
[06-Mar-2025 12:02:38 America/Montevideo] PHP Warning:  Creating default object from empty value in C:\xampp\htdocs\orderNet\src\controllers\ctr_users.php on line 282
[06-Mar-2025 12:02:38 America/Montevideo] PHP Warning:  Creating default object from empty value in C:\xampp\htdocs\orderNet\src\class\defaultclass\users.php on line 359
[06-Mar-2025 12:02:39 America/Montevideo] PHP Warning:  Creating default object from empty value in C:\xampp\htdocs\orderNet\src\class\defaultclass\users.php on line 462
[06-Mar-2025 12:02:40 America/Montevideo] PHP Warning:  Creating default object from empty value in C:\xampp\htdocs\orderNet\src\class\defaultclass\users.php on line 359
[06-Mar-2025 12:02:42 America/Montevideo] PHP Warning:  Creating default object from empty value in C:\xampp\htdocs\orderNet\src\class\defaultclass\users.php on line 359
[06-Mar-2025 12:02:42 America/Montevideo] PHP Warning:  Creating default object from empty value in C:\xampp\htdocs\orderNet\src\class\defaultclass\users.php on line 374
[06-Mar-2025 12:02:42 America/Montevideo] PHP Warning:  Creating default object from empty value in C:\xampp\htdocs\orderNet\src\controllers\ctr_users.php on line 282
[06-Mar-2025 12:02:42 America/Montevideo] PHP Warning:  Creating default object from empty value in C:\xampp\htdocs\orderNet\src\class\defaultclass\users.php on line 359
[06-Mar-2025 12:02:42 America/Montevideo] PHP Warning:  Creating default object from empty value in C:\xampp\htdocs\orderNet\src\class\defaultclass\users.php on line 359
[06-Mar-2025 12:02:42 America/Montevideo] PHP Warning:  Creating default object from empty value in C:\xampp\htdocs\orderNet\src\class\defaultclass\users.php on line 374
[06-Mar-2025 12:02:42 America/Montevideo] PHP Warning:  Creating default object from empty value in C:\xampp\htdocs\orderNet\src\class\defaultclass\users.php on line 359
[06-Mar-2025 12:02:43 America/Montevideo] PHP Warning:  Creating default object from empty value in C:\xampp\htdocs\orderNet\src\class\defaultclass\users.php on line 359
[06-Mar-2025 12:02:43 America/Montevideo] PHP Warning:  Creating default object from empty value in C:\xampp\htdocs\orderNet\src\class\defaultclass\users.php on line 374
[06-Mar-2025 12:02:44 America/Montevideo] PHP Warning:  Creating default object from empty value in C:\xampp\htdocs\orderNet\src\class\defaultclass\users.php on line 359
[06-Mar-2025 12:02:45 America/Montevideo] PHP Warning:  Creating default object from empty value in C:\xampp\htdocs\orderNet\src\class\defaultclass\users.php on line 359
[06-Mar-2025 12:02:45 America/Montevideo] PHP Warning:  Creating default object from empty value in C:\xampp\htdocs\orderNet\src\class\defaultclass\users.php on line 395
[06-Mar-2025 12:02:49 America/Montevideo] PHP Warning:  Creating default object from empty value in C:\xampp\htdocs\orderNet\src\class\defaultclass\users.php on line 462
[06-Mar-2025 12:02:51 America/Montevideo] PHP Warning:  Creating default object from empty value in C:\xampp\htdocs\orderNet\src\class\defaultclass\users.php on line 359
[06-Mar-2025 12:02:53 America/Montevideo] PHP Warning:  Creating default object from empty value in C:\xampp\htdocs\orderNet\src\class\defaultclass\users.php on line 359
[06-Mar-2025 12:02:53 America/Montevideo] PHP Warning:  Creating default object from empty value in C:\xampp\htdocs\orderNet\src\class\defaultclass\users.php on line 395
[06-Mar-2025 12:02:56 America/Montevideo] PHP Warning:  Creating default object from empty value in C:\xampp\htdocs\orderNet\src\class\defaultclass\users.php on line 462
[06-Mar-2025 12:02:57 America/Montevideo] PHP Warning:  Creating default object from empty value in C:\xampp\htdocs\orderNet\src\class\defaultclass\users.php on line 359
[06-Mar-2025 12:02:59 America/Montevideo] PHP Warning:  Creating default object from empty value in C:\xampp\htdocs\orderNet\src\class\defaultclass\users.php on line 359
[06-Mar-2025 12:02:59 America/Montevideo] PHP Warning:  Creating default object from empty value in C:\xampp\htdocs\orderNet\src\class\defaultclass\users.php on line 374
[06-Mar-2025 12:02:59 America/Montevideo] PHP Warning:  Creating default object from empty value in C:\xampp\htdocs\orderNet\src\controllers\ctr_users.php on line 282
[06-Mar-2025 12:02:59 America/Montevideo] PHP Warning:  Creating default object from empty value in C:\xampp\htdocs\orderNet\src\class\defaultclass\users.php on line 359
[06-Mar-2025 12:03:02 America/Montevideo] PHP Warning:  Creating default object from empty value in C:\xampp\htdocs\orderNet\src\class\defaultclass\users.php on line 359
[06-Mar-2025 12:03:02 America/Montevideo] PHP Warning:  Creating default object from empty value in C:\xampp\htdocs\orderNet\src\class\defaultclass\users.php on line 374
[06-Mar-2025 12:03:02 America/Montevideo] PHP Warning:  Creating default object from empty value in C:\xampp\htdocs\orderNet\src\controllers\ctr_users.php on line 282
[06-Mar-2025 12:03:02 America/Montevideo] PHP Warning:  Creating default object from empty value in C:\xampp\htdocs\orderNet\src\class\defaultclass\users.php on line 359
[06-Mar-2025 12:03:04 America/Montevideo] PHP Warning:  Creating default object from empty value in C:\xampp\htdocs\orderNet\src\class\defaultclass\users.php on line 359
[06-Mar-2025 12:03:04 America/Montevideo] PHP Warning:  Creating default object from empty value in C:\xampp\htdocs\orderNet\src\class\defaultclass\users.php on line 374
[06-Mar-2025 12:03:04 America/Montevideo] PHP Warning:  Creating default object from empty value in C:\xampp\htdocs\orderNet\src\controllers\ctr_users.php on line 282
[06-Mar-2025 12:03:04 America/Montevideo] PHP Warning:  Creating default object from empty value in C:\xampp\htdocs\orderNet\src\class\defaultclass\users.php on line 359
[06-Mar-2025 12:03:05 America/Montevideo] PHP Warning:  Creating default object from empty value in C:\xampp\htdocs\orderNet\src\class\defaultclass\users.php on line 462
[06-Mar-2025 12:03:12 America/Montevideo] PHP Warning:  Creating default object from empty value in C:\xampp\htdocs\orderNet\src\class\defaultclass\users.php on line 462
[06-Mar-2025 12:03:15 America/Montevideo] PHP Warning:  Creating default object from empty value in C:\xampp\htdocs\orderNet\src\class\defaultclass\users.php on line 359
[06-Mar-2025 12:03:17 America/Montevideo] PHP Warning:  Creating default object from empty value in C:\xampp\htdocs\orderNet\src\class\defaultclass\users.php on line 359
[06-Mar-2025 12:03:17 America/Montevideo] PHP Warning:  Creating default object from empty value in C:\xampp\htdocs\orderNet\src\class\defaultclass\users.php on line 374
[06-Mar-2025 12:03:17 America/Montevideo] PHP Warning:  Creating default object from empty value in C:\xampp\htdocs\orderNet\src\class\defaultclass\users.php on line 359
[06-Mar-2025 12:03:18 America/Montevideo] PHP Warning:  Creating default object from empty value in C:\xampp\htdocs\orderNet\src\class\defaultclass\users.php on line 359
[06-Mar-2025 12:03:18 America/Montevideo] PHP Warning:  Creating default object from empty value in C:\xampp\htdocs\orderNet\src\class\defaultclass\users.php on line 374
[06-Mar-2025 12:03:18 America/Montevideo] PHP Warning:  Creating default object from empty value in C:\xampp\htdocs\orderNet\src\class\defaultclass\users.php on line 359
[06-Mar-2025 12:03:20 America/Montevideo] PHP Warning:  Creating default object from empty value in C:\xampp\htdocs\orderNet\src\class\defaultclass\users.php on line 462
[06-Mar-2025 12:03:21 America/Montevideo] PHP Warning:  Creating default object from empty value in C:\xampp\htdocs\orderNet\src\class\defaultclass\users.php on line 359
[06-Mar-2025 12:03:22 America/Montevideo] PHP Warning:  Creating default object from empty value in C:\xampp\htdocs\orderNet\src\class\defaultclass\users.php on line 359
[06-Mar-2025 12:03:22 America/Montevideo] PHP Warning:  Creating default object from empty value in C:\xampp\htdocs\orderNet\src\class\defaultclass\users.php on line 374
[06-Mar-2025 12:03:22 America/Montevideo] PHP Warning:  Creating default object from empty value in C:\xampp\htdocs\orderNet\src\class\defaultclass\users.php on line 359
[06-Mar-2025 12:03:23 America/Montevideo] PHP Warning:  Creating default object from empty value in C:\xampp\htdocs\orderNet\src\class\defaultclass\users.php on line 359
[06-Mar-2025 12:03:23 America/Montevideo] PHP Warning:  Creating default object from empty value in C:\xampp\htdocs\orderNet\src\class\defaultclass\users.php on line 374
[06-Mar-2025 12:03:23 America/Montevideo] PHP Warning:  Creating default object from empty value in C:\xampp\htdocs\orderNet\src\controllers\ctr_users.php on line 282
[06-Mar-2025 12:03:24 America/Montevideo] PHP Warning:  Creating default object from empty value in C:\xampp\htdocs\orderNet\src\class\defaultclass\users.php on line 359
[06-Mar-2025 12:03:25 America/Montevideo] PHP Warning:  Creating default object from empty value in C:\xampp\htdocs\orderNet\src\class\defaultclass\users.php on line 462
[06-Mar-2025 12:03:26 America/Montevideo] PHP Warning:  Creating default object from empty value in C:\xampp\htdocs\orderNet\src\class\defaultclass\users.php on line 359
[06-Mar-2025 12:03:28 America/Montevideo] PHP Warning:  Creating default object from empty value in C:\xampp\htdocs\orderNet\src\class\defaultclass\users.php on line 359
[06-Mar-2025 12:03:28 America/Montevideo] PHP Warning:  Creating default object from empty value in C:\xampp\htdocs\orderNet\src\class\defaultclass\users.php on line 374
[06-Mar-2025 12:03:28 America/Montevideo] PHP Warning:  Creating default object from empty value in C:\xampp\htdocs\orderNet\src\controllers\ctr_users.php on line 282
[06-Mar-2025 12:03:28 America/Montevideo] PHP Warning:  Creating default object from empty value in C:\xampp\htdocs\orderNet\src\class\defaultclass\users.php on line 359
[06-Mar-2025 12:03:29 America/Montevideo] PHP Warning:  Creating default object from empty value in C:\xampp\htdocs\orderNet\src\class\defaultclass\users.php on line 359
[06-Mar-2025 12:03:29 America/Montevideo] PHP Warning:  Creating default object from empty value in C:\xampp\htdocs\orderNet\src\class\defaultclass\users.php on line 374
[06-Mar-2025 12:03:29 America/Montevideo] PHP Warning:  Creating default object from empty value in C:\xampp\htdocs\orderNet\src\class\defaultclass\users.php on line 359
[06-Mar-2025 12:03:30 America/Montevideo] PHP Warning:  Creating default object from empty value in C:\xampp\htdocs\orderNet\src\class\defaultclass\users.php on line 359
[06-Mar-2025 12:03:30 America/Montevideo] PHP Warning:  Creating default object from empty value in C:\xampp\htdocs\orderNet\src\class\defaultclass\users.php on line 395
[06-Mar-2025 12:03:33 America/Montevideo] PHP Warning:  Creating default object from empty value in C:\xampp\htdocs\orderNet\src\class\defaultclass\users.php on line 462
[06-Mar-2025 12:03:35 America/Montevideo] PHP Warning:  Creating default object from empty value in C:\xampp\htdocs\orderNet\src\class\defaultclass\users.php on line 359
[06-Mar-2025 12:03:36 America/Montevideo] PHP Warning:  Creating default object from empty value in C:\xampp\htdocs\orderNet\src\class\defaultclass\users.php on line 359
[06-Mar-2025 12:03:36 America/Montevideo] PHP Warning:  Creating default object from empty value in C:\xampp\htdocs\orderNet\src\class\defaultclass\users.php on line 395
[06-Mar-2025 12:03:39 America/Montevideo] PHP Warning:  Creating default object from empty value in C:\xampp\htdocs\orderNet\src\class\defaultclass\users.php on line 359
[06-Mar-2025 12:03:40 America/Montevideo] PHP Warning:  Creating default object from empty value in C:\xampp\htdocs\orderNet\src\class\defaultclass\users.php on line 359
[06-Mar-2025 12:03:40 America/Montevideo] PHP Warning:  Creating default object from empty value in C:\xampp\htdocs\orderNet\src\class\defaultclass\users.php on line 395
[06-Mar-2025 12:03:43 America/Montevideo] PHP Warning:  Creating default object from empty value in C:\xampp\htdocs\orderNet\src\class\defaultclass\users.php on line 359
[06-Mar-2025 12:03:44 America/Montevideo] PHP Warning:  Creating default object from empty value in C:\xampp\htdocs\orderNet\src\class\defaultclass\users.php on line 359
[06-Mar-2025 12:03:44 America/Montevideo] PHP Warning:  Creating default object from empty value in C:\xampp\htdocs\orderNet\src\class\defaultclass\users.php on line 395
[06-Mar-2025 12:03:59 America/Montevideo] PHP Warning:  Creating default object from empty value in C:\xampp\htdocs\orderNet\src\class\defaultclass\users.php on line 462
[06-Mar-2025 12:04:01 America/Montevideo] PHP Warning:  Creating default object from empty value in C:\xampp\htdocs\orderNet\src\class\defaultclass\users.php on line 359
[06-Mar-2025 12:04:03 America/Montevideo] PHP Warning:  Creating default object from empty value in C:\xampp\htdocs\orderNet\src\class\defaultclass\users.php on line 359
[06-Mar-2025 12:04:03 America/Montevideo] PHP Warning:  Creating default object from empty value in C:\xampp\htdocs\orderNet\src\class\defaultclass\users.php on line 374
[06-Mar-2025 12:04:03 America/Montevideo] PHP Warning:  Creating default object from empty value in C:\xampp\htdocs\orderNet\src\class\defaultclass\users.php on line 359
[06-Mar-2025 12:04:04 America/Montevideo] PHP Warning:  Creating default object from empty value in C:\xampp\htdocs\orderNet\src\class\defaultclass\users.php on line 359
[06-Mar-2025 12:04:04 America/Montevideo] PHP Warning:  Creating default object from empty value in C:\xampp\htdocs\orderNet\src\class\defaultclass\users.php on line 374
[06-Mar-2025 12:04:04 America/Montevideo] PHP Warning:  Creating default object from empty value in C:\xampp\htdocs\orderNet\src\controllers\ctr_users.php on line 282
[06-Mar-2025 12:04:04 America/Montevideo] PHP Warning:  Creating default object from empty value in C:\xampp\htdocs\orderNet\src\class\defaultclass\users.php on line 359
[06-Mar-2025 12:04:05 America/Montevideo] PHP Warning:  Creating default object from empty value in C:\xampp\htdocs\orderNet\src\class\defaultclass\users.php on line 462
[06-Mar-2025 12:04:07 America/Montevideo] PHP Warning:  Creating default object from empty value in C:\xampp\htdocs\orderNet\src\class\defaultclass\users.php on line 359
[06-Mar-2025 12:04:11 America/Montevideo] PHP Warning:  Creating default object from empty value in C:\xampp\htdocs\orderNet\src\class\defaultclass\users.php on line 462
[06-Mar-2025 12:04:12 America/Montevideo] PHP Warning:  Creating default object from empty value in C:\xampp\htdocs\orderNet\src\class\defaultclass\users.php on line 359
[06-Mar-2025 12:04:13 America/Montevideo] PHP Warning:  Creating default object from empty value in C:\xampp\htdocs\orderNet\src\class\defaultclass\users.php on line 359
[06-Mar-2025 12:04:13 America/Montevideo] PHP Warning:  Creating default object from empty value in C:\xampp\htdocs\orderNet\src\class\defaultclass\users.php on line 374
[06-Mar-2025 12:04:13 America/Montevideo] PHP Warning:  Creating default object from empty value in C:\xampp\htdocs\orderNet\src\controllers\ctr_users.php on line 282
[06-Mar-2025 12:04:13 America/Montevideo] PHP Warning:  Creating default object from empty value in C:\xampp\htdocs\orderNet\src\class\defaultclass\users.php on line 359
[06-Mar-2025 12:04:14 America/Montevideo] PHP Warning:  Creating default object from empty value in C:\xampp\htdocs\orderNet\src\class\defaultclass\users.php on line 359
[06-Mar-2025 12:04:14 America/Montevideo] PHP Warning:  Creating default object from empty value in C:\xampp\htdocs\orderNet\src\class\defaultclass\users.php on line 374
[06-Mar-2025 12:04:14 America/Montevideo] PHP Warning:  Creating default object from empty value in C:\xampp\htdocs\orderNet\src\class\defaultclass\users.php on line 359
[06-Mar-2025 12:04:15 America/Montevideo] PHP Warning:  Creating default object from empty value in C:\xampp\htdocs\orderNet\src\class\defaultclass\users.php on line 359
[06-Mar-2025 12:04:15 America/Montevideo] PHP Warning:  Creating default object from empty value in C:\xampp\htdocs\orderNet\src\class\defaultclass\users.php on line 395
[06-Mar-2025 12:05:35 America/Montevideo] PHP Warning:  Creating default object from empty value in C:\xampp\htdocs\orderNet\src\class\defaultclass\users.php on line 462
[06-Mar-2025 12:05:38 America/Montevideo] PHP Warning:  Creating default object from empty value in C:\xampp\htdocs\orderNet\src\class\defaultclass\users.php on line 359
[06-Mar-2025 12:05:39 America/Montevideo] PHP Warning:  Creating default object from empty value in C:\xampp\htdocs\orderNet\src\class\defaultclass\users.php on line 359
[06-Mar-2025 12:05:39 America/Montevideo] PHP Warning:  Creating default object from empty value in C:\xampp\htdocs\orderNet\src\class\defaultclass\users.php on line 374
[06-Mar-2025 12:05:39 America/Montevideo] PHP Warning:  Creating default object from empty value in C:\xampp\htdocs\orderNet\src\class\defaultclass\users.php on line 359
[06-Mar-2025 12:05:41 America/Montevideo] PHP Warning:  Creating default object from empty value in C:\xampp\htdocs\orderNet\src\class\defaultclass\users.php on line 359
[06-Mar-2025 12:05:41 America/Montevideo] PHP Warning:  Creating default object from empty value in C:\xampp\htdocs\orderNet\src\class\defaultclass\users.php on line 374
[06-Mar-2025 12:05:41 America/Montevideo] PHP Warning:  Creating default object from empty value in C:\xampp\htdocs\orderNet\src\class\defaultclass\users.php on line 359
[06-Mar-2025 12:05:42 America/Montevideo] PHP Warning:  Creating default object from empty value in C:\xampp\htdocs\orderNet\src\class\defaultclass\users.php on line 359
[06-Mar-2025 12:05:42 America/Montevideo] PHP Warning:  Creating default object from empty value in C:\xampp\htdocs\orderNet\src\class\defaultclass\users.php on line 374
[06-Mar-2025 12:05:42 America/Montevideo] PHP Warning:  Creating default object from empty value in C:\xampp\htdocs\orderNet\src\class\defaultclass\users.php on line 359
[06-Mar-2025 12:05:43 America/Montevideo] PHP Warning:  Creating default object from empty value in C:\xampp\htdocs\orderNet\src\class\defaultclass\users.php on line 359
[06-Mar-2025 12:05:43 America/Montevideo] PHP Warning:  Creating default object from empty value in C:\xampp\htdocs\orderNet\src\class\defaultclass\users.php on line 395
[06-Mar-2025 12:20:59 America/Montevideo] PHP Warning:  Creating default object from empty value in C:\xampp\htdocs\orderNet\src\class\defaultclass\users.php on line 396
[06-Mar-2025 12:20:59 America/Montevideo] PHP Warning:  Creating default object from empty value in C:\xampp\htdocs\orderNet\src\class\defaultclass\users.php on line 432
[06-Mar-2025 12:21:24 America/Montevideo] PHP Warning:  Creating default object from empty value in C:\xampp\htdocs\orderNet\src\class\defaultclass\users.php on line 396
[06-Mar-2025 12:21:24 America/Montevideo] PHP Warning:  Creating default object from empty value in C:\xampp\htdocs\orderNet\src\class\defaultclass\users.php on line 432
[06-Mar-2025 12:21:30 America/Montevideo] PHP Warning:  Creating default object from empty value in C:\xampp\htdocs\orderNet\src\class\defaultclass\users.php on line 499
[06-Mar-2025 12:21:32 America/Montevideo] PHP Warning:  Creating default object from empty value in C:\xampp\htdocs\orderNet\src\class\defaultclass\users.php on line 396
[06-Mar-2025 12:21:33 America/Montevideo] PHP Warning:  Creating default object from empty value in C:\xampp\htdocs\orderNet\src\class\defaultclass\users.php on line 396
[06-Mar-2025 12:21:33 America/Montevideo] PHP Warning:  Creating default object from empty value in C:\xampp\htdocs\orderNet\src\class\defaultclass\users.php on line 432
[06-Mar-2025 12:22:01 America/Montevideo] PHP Warning:  Creating default object from empty value in C:\xampp\htdocs\orderNet\src\class\defaultclass\users.php on line 499
[06-Mar-2025 12:22:02 America/Montevideo] PHP Warning:  Creating default object from empty value in C:\xampp\htdocs\orderNet\src\class\defaultclass\users.php on line 396
[06-Mar-2025 12:22:03 America/Montevideo] PHP Warning:  Creating default object from empty value in C:\xampp\htdocs\orderNet\src\class\defaultclass\users.php on line 396
[06-Mar-2025 12:22:03 America/Montevideo] PHP Warning:  Creating default object from empty value in C:\xampp\htdocs\orderNet\src\class\defaultclass\users.php on line 432
[06-Mar-2025 12:22:06 America/Montevideo] PHP Warning:  Creating default object from empty value in C:\xampp\htdocs\orderNet\src\class\defaultclass\users.php on line 499
[06-Mar-2025 12:22:08 America/Montevideo] PHP Warning:  Creating default object from empty value in C:\xampp\htdocs\orderNet\src\class\defaultclass\users.php on line 396
[06-Mar-2025 12:22:09 America/Montevideo] PHP Warning:  Creating default object from empty value in C:\xampp\htdocs\orderNet\src\class\defaultclass\users.php on line 396
[06-Mar-2025 12:22:09 America/Montevideo] PHP Warning:  Creating default object from empty value in C:\xampp\htdocs\orderNet\src\class\defaultclass\users.php on line 432
[06-Mar-2025 12:22:12 America/Montevideo] PHP Warning:  Creating default object from empty value in C:\xampp\htdocs\orderNet\src\class\defaultclass\users.php on line 396
[06-Mar-2025 12:22:13 America/Montevideo] PHP Warning:  Creating default object from empty value in C:\xampp\htdocs\orderNet\src\class\defaultclass\users.php on line 396
[06-Mar-2025 12:22:13 America/Montevideo] PHP Warning:  Creating default object from empty value in C:\xampp\htdocs\orderNet\src\class\defaultclass\users.php on line 432
[06-Mar-2025 12:22:47 America/Montevideo] PHP Warning:  Creating default object from empty value in C:\xampp\htdocs\orderNet\src\class\defaultclass\users.php on line 499
[06-Mar-2025 12:22:48 America/Montevideo] PHP Warning:  Creating default object from empty value in C:\xampp\htdocs\orderNet\src\class\defaultclass\users.php on line 396
[06-Mar-2025 12:22:50 America/Montevideo] PHP Warning:  Creating default object from empty value in C:\xampp\htdocs\orderNet\src\class\defaultclass\users.php on line 396
[06-Mar-2025 12:22:50 America/Montevideo] PHP Warning:  Creating default object from empty value in C:\xampp\htdocs\orderNet\src\class\defaultclass\users.php on line 432
[06-Mar-2025 12:23:04 America/Montevideo] PHP Warning:  Creating default object from empty value in C:\xampp\htdocs\orderNet\src\class\defaultclass\users.php on line 396
[06-Mar-2025 12:23:04 America/Montevideo] PHP Warning:  Creating default object from empty value in C:\xampp\htdocs\orderNet\src\class\defaultclass\users.php on line 432
[06-Mar-2025 12:27:04 America/Montevideo] PHP Warning:  Creating default object from empty value in C:\xampp\htdocs\orderNet\src\class\defaultclass\users.php on line 396
[06-Mar-2025 12:27:04 America/Montevideo] PHP Warning:  Creating default object from empty value in C:\xampp\htdocs\orderNet\src\class\defaultclass\users.php on line 432
[06-Mar-2025 12:28:46 America/Montevideo] PHP Warning:  Creating default object from empty value in C:\xampp\htdocs\orderNet\src\class\defaultclass\users.php on line 396
[06-Mar-2025 12:28:46 America/Montevideo] PHP Warning:  Creating default object from empty value in C:\xampp\htdocs\orderNet\src\class\defaultclass\users.php on line 432
[06-Mar-2025 12:29:17 America/Montevideo] PHP Warning:  Creating default object from empty value in C:\xampp\htdocs\orderNet\src\class\defaultclass\users.php on line 396
[06-Mar-2025 12:29:17 America/Montevideo] PHP Warning:  Creating default object from empty value in C:\xampp\htdocs\orderNet\src\class\defaultclass\users.php on line 432
[06-Mar-2025 12:29:47 America/Montevideo] PHP Warning:  Creating default object from empty value in C:\xampp\htdocs\orderNet\src\class\defaultclass\users.php on line 396
[06-Mar-2025 12:29:47 America/Montevideo] PHP Warning:  Creating default object from empty value in C:\xampp\htdocs\orderNet\src\class\defaultclass\users.php on line 432
