[03-Mar-2025 08:41:01 America/Montevideo] PHP Warning:  Creating default object from empty value in C:\xampp\htdocs\orderNet\src\class\defaultclass\users.php on line 281
[03-Mar-2025 08:41:03 America/Montevideo] PHP Warning:  Creating default object from empty value in C:\xampp\htdocs\orderNet\src\class\defaultclass\users.php on line 125
[03-Mar-2025 08:41:06 America/Montevideo] PHP Warning:  Creating default object from empty value in C:\xampp\htdocs\orderNet\src\class\defaultclass\users.php on line 365
[03-Mar-2025 08:41:08 America/Montevideo] PHP Warning:  Creating default object from empty value in C:\xampp\htdocs\orderNet\src\class\defaultclass\users.php on line 302
[03-Mar-2025 08:41:10 America/Montevideo] PHP Warning:  Creating default object from empty value in C:\xampp\htdocs\orderNet\src\class\defaultclass\users.php on line 324
[03-Mar-2025 08:41:13 America/Montevideo] PHP Warning:  Creating default object from empty value in C:\xampp\htdocs\orderNet\src\class\defaultclass\users.php on line 406
[03-Mar-2025 08:41:20 America/Montevideo] PHP Warning:  Creating default object from empty value in C:\xampp\htdocs\orderNet\src\class\defaultclass\users.php on line 406
[03-Mar-2025 08:41:28 America/Montevideo] PHP Warning:  Creating default object from empty value in C:\xampp\htdocs\orderNet\src\class\defaultclass\users.php on line 406
[03-Mar-2025 08:41:57 America/Montevideo] PHP Warning:  Creating default object from empty value in C:\xampp\htdocs\orderNet\src\class\defaultclass\users.php on line 389
[03-Mar-2025 08:42:01 America/Montevideo] PHP Warning:  Creating default object from empty value in C:\xampp\htdocs\orderNet\src\class\defaultclass\users.php on line 302
[03-Mar-2025 08:56:31 America/Montevideo] PHP Warning:  Creating default object from empty value in C:\xampp\htdocs\orderNet\src\class\defaultclass\users.php on line 389
[03-Mar-2025 08:56:33 America/Montevideo] PHP Warning:  Creating default object from empty value in C:\xampp\htdocs\orderNet\src\class\defaultclass\users.php on line 302
[03-Mar-2025 08:56:41 America/Montevideo] PHP Warning:  Creating default object from empty value in C:\xampp\htdocs\orderNet\src\class\defaultclass\users.php on line 389
[03-Mar-2025 08:56:42 America/Montevideo] PHP Warning:  Creating default object from empty value in C:\xampp\htdocs\orderNet\src\class\defaultclass\users.php on line 302
[03-Mar-2025 08:56:52 America/Montevideo] PHP Warning:  Creating default object from empty value in C:\xampp\htdocs\orderNet\src\class\defaultclass\users.php on line 389
[03-Mar-2025 08:56:53 America/Montevideo] PHP Warning:  Creating default object from empty value in C:\xampp\htdocs\orderNet\src\class\defaultclass\users.php on line 302
[03-Mar-2025 08:57:01 America/Montevideo] PHP Warning:  Creating default object from empty value in C:\xampp\htdocs\orderNet\src\class\defaultclass\users.php on line 389
[03-Mar-2025 09:26:52 America/Montevideo] PHP Warning:  Creating default object from empty value in C:\xampp\htdocs\orderNet\src\class\defaultclass\users.php on line 281
[03-Mar-2025 09:26:55 America/Montevideo] PHP Warning:  Creating default object from empty value in C:\xampp\htdocs\orderNet\src\class\defaultclass\users.php on line 125
[03-Mar-2025 09:26:57 America/Montevideo] PHP Warning:  Creating default object from empty value in C:\xampp\htdocs\orderNet\src\class\defaultclass\users.php on line 365
[03-Mar-2025 09:26:59 America/Montevideo] PHP Warning:  Creating default object from empty value in C:\xampp\htdocs\orderNet\src\class\defaultclass\users.php on line 281
[03-Mar-2025 09:27:02 America/Montevideo] PHP Warning:  Creating default object from empty value in C:\xampp\htdocs\orderNet\src\class\defaultclass\users.php on line 365
[03-Mar-2025 09:27:03 America/Montevideo] PHP Warning:  Creating default object from empty value in C:\xampp\htdocs\orderNet\src\class\defaultclass\users.php on line 281
[03-Mar-2025 09:27:05 America/Montevideo] PHP Warning:  Creating default object from empty value in C:\xampp\htdocs\orderNet\src\class\defaultclass\users.php on line 365
[03-Mar-2025 09:27:06 America/Montevideo] PHP Warning:  Creating default object from empty value in C:\xampp\htdocs\orderNet\src\class\defaultclass\users.php on line 281
[03-Mar-2025 09:27:09 America/Montevideo] PHP Warning:  Creating default object from empty value in C:\xampp\htdocs\orderNet\src\class\defaultclass\users.php on line 365
[03-Mar-2025 09:27:10 America/Montevideo] PHP Warning:  Creating default object from empty value in C:\xampp\htdocs\orderNet\src\class\defaultclass\users.php on line 281
[03-Mar-2025 09:27:11 America/Montevideo] PHP Warning:  Creating default object from empty value in C:\xampp\htdocs\orderNet\src\class\defaultclass\users.php on line 365
[03-Mar-2025 09:27:12 America/Montevideo] PHP Warning:  Creating default object from empty value in C:\xampp\htdocs\orderNet\src\class\defaultclass\users.php on line 281
[03-Mar-2025 09:27:14 America/Montevideo] PHP Warning:  Creating default object from empty value in C:\xampp\htdocs\orderNet\src\class\defaultclass\users.php on line 365
[03-Mar-2025 09:27:16 America/Montevideo] PHP Warning:  Creating default object from empty value in C:\xampp\htdocs\orderNet\src\class\defaultclass\users.php on line 302
[03-Mar-2025 09:27:23 America/Montevideo] PHP Warning:  Creating default object from empty value in C:\xampp\htdocs\orderNet\src\class\defaultclass\users.php on line 465
[03-Mar-2025 09:27:33 America/Montevideo] PHP Warning:  Creating default object from empty value in C:\xampp\htdocs\orderNet\src\class\defaultclass\users.php on line 406
[03-Mar-2025 09:27:38 America/Montevideo] PHP Warning:  Creating default object from empty value in C:\xampp\htdocs\orderNet\src\class\defaultclass\users.php on line 324
[03-Mar-2025 09:27:40 America/Montevideo] PHP Warning:  Creating default object from empty value in C:\xampp\htdocs\orderNet\src\class\defaultclass\users.php on line 406
[03-Mar-2025 09:27:44 America/Montevideo] PHP Warning:  Creating default object from empty value in C:\xampp\htdocs\orderNet\src\class\defaultclass\users.php on line 324
[03-Mar-2025 09:27:45 America/Montevideo] PHP Warning:  Creating default object from empty value in C:\xampp\htdocs\orderNet\src\class\defaultclass\users.php on line 406
[03-Mar-2025 09:27:51 America/Montevideo] PHP Warning:  Creating default object from empty value in C:\xampp\htdocs\orderNet\src\class\defaultclass\users.php on line 324
[03-Mar-2025 09:27:54 America/Montevideo] PHP Warning:  Creating default object from empty value in C:\xampp\htdocs\orderNet\src\class\defaultclass\users.php on line 302
[03-Mar-2025 09:27:57 America/Montevideo] PHP Warning:  Creating default object from empty value in C:\xampp\htdocs\orderNet\src\class\defaultclass\users.php on line 406
[03-Mar-2025 09:28:03 America/Montevideo] PHP Warning:  Creating default object from empty value in C:\xampp\htdocs\orderNet\src\class\defaultclass\users.php on line 324
[03-Mar-2025 09:28:07 America/Montevideo] PHP Warning:  Creating default object from empty value in C:\xampp\htdocs\orderNet\src\class\defaultclass\users.php on line 465
[03-Mar-2025 09:28:13 America/Montevideo] PHP Warning:  Creating default object from empty value in C:\xampp\htdocs\orderNet\src\class\defaultclass\users.php on line 365
[03-Mar-2025 09:28:15 America/Montevideo] PHP Warning:  Creating default object from empty value in C:\xampp\htdocs\orderNet\src\class\defaultclass\users.php on line 302
[03-Mar-2025 09:28:16 America/Montevideo] PHP Warning:  Creating default object from empty value in C:\xampp\htdocs\orderNet\src\class\defaultclass\users.php on line 324
[03-Mar-2025 09:28:18 America/Montevideo] PHP Warning:  Creating default object from empty value in C:\xampp\htdocs\orderNet\src\class\defaultclass\users.php on line 302
[03-Mar-2025 09:28:19 America/Montevideo] PHP Warning:  Creating default object from empty value in C:\xampp\htdocs\orderNet\src\class\defaultclass\users.php on line 324
[03-Mar-2025 09:28:20 America/Montevideo] PHP Warning:  Creating default object from empty value in C:\xampp\htdocs\orderNet\src\class\defaultclass\users.php on line 302
[03-Mar-2025 09:28:22 America/Montevideo] PHP Warning:  Creating default object from empty value in C:\xampp\htdocs\orderNet\src\class\defaultclass\users.php on line 406
[03-Mar-2025 09:28:29 America/Montevideo] PHP Warning:  Creating default object from empty value in C:\xampp\htdocs\orderNet\src\class\defaultclass\users.php on line 324
[03-Mar-2025 09:28:31 America/Montevideo] PHP Warning:  Creating default object from empty value in C:\xampp\htdocs\orderNet\src\class\defaultclass\users.php on line 302
[03-Mar-2025 09:28:34 America/Montevideo] PHP Warning:  Creating default object from empty value in C:\xampp\htdocs\orderNet\src\class\defaultclass\users.php on line 406
[03-Mar-2025 09:28:40 America/Montevideo] PHP Warning:  Creating default object from empty value in C:\xampp\htdocs\orderNet\src\class\defaultclass\users.php on line 324
[03-Mar-2025 09:28:41 America/Montevideo] PHP Warning:  Creating default object from empty value in C:\xampp\htdocs\orderNet\src\class\defaultclass\users.php on line 406
[03-Mar-2025 09:28:46 America/Montevideo] PHP Warning:  Creating default object from empty value in C:\xampp\htdocs\orderNet\src\class\defaultclass\users.php on line 324
[03-Mar-2025 09:28:49 America/Montevideo] PHP Warning:  Creating default object from empty value in C:\xampp\htdocs\orderNet\src\class\defaultclass\users.php on line 302
[03-Mar-2025 09:28:51 America/Montevideo] PHP Warning:  Creating default object from empty value in C:\xampp\htdocs\orderNet\src\class\defaultclass\users.php on line 365
[03-Mar-2025 09:28:52 America/Montevideo] PHP Warning:  Creating default object from empty value in C:\xampp\htdocs\orderNet\src\class\defaultclass\users.php on line 302
[03-Mar-2025 09:28:55 America/Montevideo] PHP Warning:  Creating default object from empty value in C:\xampp\htdocs\orderNet\src\class\defaultclass\users.php on line 302
[03-Mar-2025 09:28:58 America/Montevideo] PHP Warning:  Creating default object from empty value in C:\xampp\htdocs\orderNet\src\class\defaultclass\users.php on line 302
[03-Mar-2025 09:29:01 America/Montevideo] PHP Warning:  Creating default object from empty value in C:\xampp\htdocs\orderNet\src\class\defaultclass\users.php on line 406
[03-Mar-2025 09:29:04 America/Montevideo] PHP Warning:  Creating default object from empty value in C:\xampp\htdocs\orderNet\src\class\defaultclass\users.php on line 324
[03-Mar-2025 09:29:05 America/Montevideo] PHP Warning:  Creating default object from empty value in C:\xampp\htdocs\orderNet\src\class\defaultclass\users.php on line 302
[03-Mar-2025 09:29:06 America/Montevideo] PHP Warning:  Creating default object from empty value in C:\xampp\htdocs\orderNet\src\class\defaultclass\users.php on line 324
[03-Mar-2025 09:29:07 America/Montevideo] PHP Warning:  Creating default object from empty value in C:\xampp\htdocs\orderNet\src\class\defaultclass\users.php on line 302
[03-Mar-2025 09:29:10 America/Montevideo] PHP Warning:  Creating default object from empty value in C:\xampp\htdocs\orderNet\src\class\defaultclass\users.php on line 406
[03-Mar-2025 09:29:15 America/Montevideo] PHP Warning:  Creating default object from empty value in C:\xampp\htdocs\orderNet\src\class\defaultclass\users.php on line 324
[03-Mar-2025 09:29:17 America/Montevideo] PHP Warning:  Creating default object from empty value in C:\xampp\htdocs\orderNet\src\class\defaultclass\users.php on line 302
[03-Mar-2025 09:29:20 America/Montevideo] PHP Warning:  Creating default object from empty value in C:\xampp\htdocs\orderNet\src\class\defaultclass\users.php on line 406
[03-Mar-2025 09:29:25 America/Montevideo] PHP Warning:  Creating default object from empty value in C:\xampp\htdocs\orderNet\src\class\defaultclass\users.php on line 324
[03-Mar-2025 09:29:27 America/Montevideo] PHP Warning:  Creating default object from empty value in C:\xampp\htdocs\orderNet\src\class\defaultclass\users.php on line 302
[03-Mar-2025 09:29:29 America/Montevideo] PHP Warning:  Creating default object from empty value in C:\xampp\htdocs\orderNet\src\class\defaultclass\users.php on line 406
[03-Mar-2025 09:29:34 America/Montevideo] PHP Warning:  Creating default object from empty value in C:\xampp\htdocs\orderNet\src\class\defaultclass\users.php on line 324
[03-Mar-2025 09:29:35 America/Montevideo] PHP Warning:  Creating default object from empty value in C:\xampp\htdocs\orderNet\src\class\defaultclass\users.php on line 302
[03-Mar-2025 09:29:37 America/Montevideo] PHP Warning:  Creating default object from empty value in C:\xampp\htdocs\orderNet\src\class\defaultclass\users.php on line 406
[03-Mar-2025 09:29:41 America/Montevideo] PHP Warning:  Creating default object from empty value in C:\xampp\htdocs\orderNet\src\class\defaultclass\users.php on line 324
[03-Mar-2025 09:29:42 America/Montevideo] PHP Warning:  Creating default object from empty value in C:\xampp\htdocs\orderNet\src\class\defaultclass\users.php on line 406
[03-Mar-2025 09:29:47 America/Montevideo] PHP Warning:  Creating default object from empty value in C:\xampp\htdocs\orderNet\src\class\defaultclass\users.php on line 324
[03-Mar-2025 09:29:50 America/Montevideo] PHP Warning:  Creating default object from empty value in C:\xampp\htdocs\orderNet\src\class\defaultclass\users.php on line 302
[03-Mar-2025 09:29:53 America/Montevideo] PHP Warning:  Creating default object from empty value in C:\xampp\htdocs\orderNet\src\class\defaultclass\users.php on line 406
[03-Mar-2025 09:29:58 America/Montevideo] PHP Warning:  Creating default object from empty value in C:\xampp\htdocs\orderNet\src\class\defaultclass\users.php on line 324
[03-Mar-2025 09:29:59 America/Montevideo] PHP Warning:  Creating default object from empty value in C:\xampp\htdocs\orderNet\src\class\defaultclass\users.php on line 406
[03-Mar-2025 09:30:06 America/Montevideo] PHP Warning:  Creating default object from empty value in C:\xampp\htdocs\orderNet\src\class\defaultclass\users.php on line 324
[03-Mar-2025 09:30:13 America/Montevideo] PHP Warning:  Creating default object from empty value in C:\xampp\htdocs\orderNet\src\class\defaultclass\users.php on line 302
[03-Mar-2025 09:30:15 America/Montevideo] PHP Warning:  Creating default object from empty value in C:\xampp\htdocs\orderNet\src\class\defaultclass\users.php on line 365
[03-Mar-2025 09:30:17 America/Montevideo] PHP Warning:  Creating default object from empty value in C:\xampp\htdocs\orderNet\src\class\defaultclass\users.php on line 302
[03-Mar-2025 09:30:19 America/Montevideo] PHP Warning:  Creating default object from empty value in C:\xampp\htdocs\orderNet\src\class\defaultclass\users.php on line 406
[03-Mar-2025 09:30:28 America/Montevideo] PHP Warning:  Creating default object from empty value in C:\xampp\htdocs\orderNet\src\class\defaultclass\users.php on line 324
[03-Mar-2025 09:30:29 America/Montevideo] PHP Warning:  Creating default object from empty value in C:\xampp\htdocs\orderNet\src\class\defaultclass\users.php on line 302
[03-Mar-2025 09:30:32 America/Montevideo] PHP Warning:  Creating default object from empty value in C:\xampp\htdocs\orderNet\src\class\defaultclass\users.php on line 406
[03-Mar-2025 09:30:37 America/Montevideo] PHP Warning:  Creating default object from empty value in C:\xampp\htdocs\orderNet\src\class\defaultclass\users.php on line 324
[03-Mar-2025 09:30:38 America/Montevideo] PHP Warning:  Creating default object from empty value in C:\xampp\htdocs\orderNet\src\class\defaultclass\users.php on line 302
[03-Mar-2025 09:30:40 America/Montevideo] PHP Warning:  Creating default object from empty value in C:\xampp\htdocs\orderNet\src\class\defaultclass\users.php on line 324
[03-Mar-2025 09:30:41 America/Montevideo] PHP Warning:  Creating default object from empty value in C:\xampp\htdocs\orderNet\src\class\defaultclass\users.php on line 302
[03-Mar-2025 09:30:43 America/Montevideo] PHP Warning:  Creating default object from empty value in C:\xampp\htdocs\orderNet\src\class\defaultclass\users.php on line 406
[03-Mar-2025 09:30:48 America/Montevideo] PHP Warning:  Creating default object from empty value in C:\xampp\htdocs\orderNet\src\class\defaultclass\users.php on line 324
[03-Mar-2025 09:30:49 America/Montevideo] PHP Warning:  Creating default object from empty value in C:\xampp\htdocs\orderNet\src\class\defaultclass\users.php on line 302
[03-Mar-2025 09:30:52 America/Montevideo] PHP Warning:  Creating default object from empty value in C:\xampp\htdocs\orderNet\src\class\defaultclass\users.php on line 406
[03-Mar-2025 09:30:59 America/Montevideo] PHP Warning:  Creating default object from empty value in C:\xampp\htdocs\orderNet\src\class\defaultclass\users.php on line 324
[03-Mar-2025 09:31:01 America/Montevideo] PHP Warning:  Creating default object from empty value in C:\xampp\htdocs\orderNet\src\class\defaultclass\users.php on line 302
[03-Mar-2025 09:31:02 America/Montevideo] PHP Warning:  Creating default object from empty value in C:\xampp\htdocs\orderNet\src\class\defaultclass\users.php on line 365
[03-Mar-2025 09:31:03 America/Montevideo] PHP Warning:  Creating default object from empty value in C:\xampp\htdocs\orderNet\src\class\defaultclass\users.php on line 302
[03-Mar-2025 09:31:06 America/Montevideo] PHP Warning:  Creating default object from empty value in C:\xampp\htdocs\orderNet\src\class\defaultclass\users.php on line 406
[03-Mar-2025 09:31:08 America/Montevideo] PHP Warning:  Creating default object from empty value in C:\xampp\htdocs\orderNet\src\class\defaultclass\users.php on line 324
[03-Mar-2025 09:31:09 America/Montevideo] PHP Warning:  Creating default object from empty value in C:\xampp\htdocs\orderNet\src\class\defaultclass\users.php on line 302
[03-Mar-2025 09:31:11 America/Montevideo] PHP Warning:  Creating default object from empty value in C:\xampp\htdocs\orderNet\src\class\defaultclass\users.php on line 406
[03-Mar-2025 09:31:15 America/Montevideo] PHP Warning:  Creating default object from empty value in C:\xampp\htdocs\orderNet\src\class\defaultclass\users.php on line 324
[03-Mar-2025 09:31:17 America/Montevideo] PHP Warning:  Creating default object from empty value in C:\xampp\htdocs\orderNet\src\class\defaultclass\users.php on line 302
[03-Mar-2025 09:31:19 America/Montevideo] PHP Warning:  Creating default object from empty value in C:\xampp\htdocs\orderNet\src\class\defaultclass\users.php on line 406
[03-Mar-2025 09:31:23 America/Montevideo] PHP Warning:  Creating default object from empty value in C:\xampp\htdocs\orderNet\src\class\defaultclass\users.php on line 324
[03-Mar-2025 09:31:24 America/Montevideo] PHP Warning:  Creating default object from empty value in C:\xampp\htdocs\orderNet\src\class\defaultclass\users.php on line 406
[03-Mar-2025 09:31:29 America/Montevideo] PHP Warning:  Creating default object from empty value in C:\xampp\htdocs\orderNet\src\class\defaultclass\users.php on line 324
[03-Mar-2025 09:31:31 America/Montevideo] PHP Warning:  Creating default object from empty value in C:\xampp\htdocs\orderNet\src\class\defaultclass\users.php on line 302
[03-Mar-2025 09:31:35 America/Montevideo] PHP Warning:  Creating default object from empty value in C:\xampp\htdocs\orderNet\src\class\defaultclass\users.php on line 406
[03-Mar-2025 09:31:42 America/Montevideo] PHP Warning:  Creating default object from empty value in C:\xampp\htdocs\orderNet\src\class\defaultclass\users.php on line 324
[03-Mar-2025 09:31:43 America/Montevideo] PHP Warning:  Creating default object from empty value in C:\xampp\htdocs\orderNet\src\class\defaultclass\users.php on line 406
[03-Mar-2025 09:31:47 America/Montevideo] PHP Warning:  Creating default object from empty value in C:\xampp\htdocs\orderNet\src\class\defaultclass\users.php on line 324
[03-Mar-2025 09:31:48 America/Montevideo] PHP Warning:  Creating default object from empty value in C:\xampp\htdocs\orderNet\src\class\defaultclass\users.php on line 302
[03-Mar-2025 09:31:50 America/Montevideo] PHP Warning:  Creating default object from empty value in C:\xampp\htdocs\orderNet\src\class\defaultclass\users.php on line 324
[03-Mar-2025 09:31:52 America/Montevideo] PHP Warning:  Creating default object from empty value in C:\xampp\htdocs\orderNet\src\class\defaultclass\users.php on line 302
[03-Mar-2025 09:31:53 America/Montevideo] PHP Warning:  Creating default object from empty value in C:\xampp\htdocs\orderNet\src\class\defaultclass\users.php on line 365
[03-Mar-2025 09:31:54 America/Montevideo] PHP Warning:  Creating default object from empty value in C:\xampp\htdocs\orderNet\src\class\defaultclass\users.php on line 302
[03-Mar-2025 09:31:55 America/Montevideo] PHP Warning:  Creating default object from empty value in C:\xampp\htdocs\orderNet\src\class\defaultclass\users.php on line 324
[03-Mar-2025 09:31:56 America/Montevideo] PHP Warning:  Creating default object from empty value in C:\xampp\htdocs\orderNet\src\class\defaultclass\users.php on line 302
[03-Mar-2025 09:31:57 America/Montevideo] PHP Warning:  Creating default object from empty value in C:\xampp\htdocs\orderNet\src\class\defaultclass\users.php on line 365
[03-Mar-2025 09:31:58 America/Montevideo] PHP Warning:  Creating default object from empty value in C:\xampp\htdocs\orderNet\src\class\defaultclass\users.php on line 302
[03-Mar-2025 09:32:01 America/Montevideo] PHP Warning:  Creating default object from empty value in C:\xampp\htdocs\orderNet\src\class\defaultclass\users.php on line 406
[03-Mar-2025 09:32:05 America/Montevideo] PHP Warning:  Creating default object from empty value in C:\xampp\htdocs\orderNet\src\class\defaultclass\users.php on line 324
[03-Mar-2025 09:32:07 America/Montevideo] PHP Warning:  Creating default object from empty value in C:\xampp\htdocs\orderNet\src\class\defaultclass\users.php on line 406
[03-Mar-2025 09:32:09 America/Montevideo] PHP Warning:  Creating default object from empty value in C:\xampp\htdocs\orderNet\src\class\defaultclass\users.php on line 324
[03-Mar-2025 09:32:10 America/Montevideo] PHP Warning:  Creating default object from empty value in C:\xampp\htdocs\orderNet\src\class\defaultclass\users.php on line 302
[03-Mar-2025 09:32:12 America/Montevideo] PHP Warning:  Creating default object from empty value in C:\xampp\htdocs\orderNet\src\class\defaultclass\users.php on line 406
[03-Mar-2025 09:32:18 America/Montevideo] PHP Warning:  Creating default object from empty value in C:\xampp\htdocs\orderNet\src\class\defaultclass\users.php on line 324
[03-Mar-2025 09:32:19 America/Montevideo] PHP Warning:  Creating default object from empty value in C:\xampp\htdocs\orderNet\src\class\defaultclass\users.php on line 406
[03-Mar-2025 09:32:27 America/Montevideo] PHP Warning:  Creating default object from empty value in C:\xampp\htdocs\orderNet\src\class\defaultclass\users.php on line 324
[03-Mar-2025 09:32:28 America/Montevideo] PHP Warning:  Creating default object from empty value in C:\xampp\htdocs\orderNet\src\class\defaultclass\users.php on line 302
[03-Mar-2025 09:32:31 America/Montevideo] PHP Warning:  Creating default object from empty value in C:\xampp\htdocs\orderNet\src\class\defaultclass\users.php on line 406
[03-Mar-2025 09:32:39 America/Montevideo] PHP Warning:  Creating default object from empty value in C:\xampp\htdocs\orderNet\src\class\defaultclass\users.php on line 324
[03-Mar-2025 09:32:40 America/Montevideo] PHP Warning:  Creating default object from empty value in C:\xampp\htdocs\orderNet\src\class\defaultclass\users.php on line 406
[03-Mar-2025 09:32:43 America/Montevideo] PHP Warning:  Creating default object from empty value in C:\xampp\htdocs\orderNet\src\class\defaultclass\users.php on line 324
[03-Mar-2025 09:32:44 America/Montevideo] PHP Warning:  Creating default object from empty value in C:\xampp\htdocs\orderNet\src\class\defaultclass\users.php on line 302
[03-Mar-2025 09:32:46 America/Montevideo] PHP Warning:  Creating default object from empty value in C:\xampp\htdocs\orderNet\src\class\defaultclass\users.php on line 406
[03-Mar-2025 09:32:52 America/Montevideo] PHP Warning:  Creating default object from empty value in C:\xampp\htdocs\orderNet\src\class\defaultclass\users.php on line 324
[03-Mar-2025 09:32:53 America/Montevideo] PHP Warning:  Creating default object from empty value in C:\xampp\htdocs\orderNet\src\class\defaultclass\users.php on line 406
[03-Mar-2025 09:32:57 America/Montevideo] PHP Warning:  Creating default object from empty value in C:\xampp\htdocs\orderNet\src\class\defaultclass\users.php on line 324
[03-Mar-2025 09:32:58 America/Montevideo] PHP Warning:  Creating default object from empty value in C:\xampp\htdocs\orderNet\src\class\defaultclass\users.php on line 302
[03-Mar-2025 09:32:59 America/Montevideo] PHP Warning:  Creating default object from empty value in C:\xampp\htdocs\orderNet\src\class\defaultclass\users.php on line 365
[03-Mar-2025 09:33:01 America/Montevideo] PHP Warning:  Creating default object from empty value in C:\xampp\htdocs\orderNet\src\class\defaultclass\users.php on line 302
[03-Mar-2025 09:33:02 America/Montevideo] PHP Warning:  Creating default object from empty value in C:\xampp\htdocs\orderNet\src\class\defaultclass\users.php on line 324
[03-Mar-2025 09:33:03 America/Montevideo] PHP Warning:  Creating default object from empty value in C:\xampp\htdocs\orderNet\src\class\defaultclass\users.php on line 302
[03-Mar-2025 09:33:04 America/Montevideo] PHP Warning:  Creating default object from empty value in C:\xampp\htdocs\orderNet\src\class\defaultclass\users.php on line 365
[03-Mar-2025 09:33:04 America/Montevideo] PHP Warning:  Creating default object from empty value in C:\xampp\htdocs\orderNet\src\class\defaultclass\users.php on line 302
[03-Mar-2025 09:33:05 America/Montevideo] PHP Warning:  Creating default object from empty value in C:\xampp\htdocs\orderNet\src\class\defaultclass\users.php on line 324
[03-Mar-2025 09:33:07 America/Montevideo] PHP Warning:  Creating default object from empty value in C:\xampp\htdocs\orderNet\src\class\defaultclass\users.php on line 302
[03-Mar-2025 09:33:09 America/Montevideo] PHP Warning:  Creating default object from empty value in C:\xampp\htdocs\orderNet\src\class\defaultclass\users.php on line 449
[03-Mar-2025 09:33:13 America/Montevideo] PHP Warning:  Creating default object from empty value in C:\xampp\htdocs\orderNet\src\class\defaultclass\users.php on line 479
[03-Mar-2025 09:33:16 America/Montevideo] PHP Warning:  Creating default object from empty value in C:\xampp\htdocs\orderNet\src\class\defaultclass\users.php on line 479
[03-Mar-2025 09:33:17 America/Montevideo] PHP Warning:  Creating default object from empty value in C:\xampp\htdocs\orderNet\src\class\defaultclass\users.php on line 479
[03-Mar-2025 09:33:19 America/Montevideo] PHP Warning:  Creating default object from empty value in C:\xampp\htdocs\orderNet\src\class\defaultclass\users.php on line 479
[03-Mar-2025 09:33:20 America/Montevideo] PHP Warning:  Creating default object from empty value in C:\xampp\htdocs\orderNet\src\class\defaultclass\users.php on line 479
[03-Mar-2025 09:33:21 America/Montevideo] PHP Warning:  Creating default object from empty value in C:\xampp\htdocs\orderNet\src\class\defaultclass\users.php on line 479
[03-Mar-2025 09:33:21 America/Montevideo] PHP Warning:  Creating default object from empty value in C:\xampp\htdocs\orderNet\src\class\defaultclass\users.php on line 479
[03-Mar-2025 09:33:22 America/Montevideo] PHP Warning:  Creating default object from empty value in C:\xampp\htdocs\orderNet\src\class\defaultclass\users.php on line 479
[03-Mar-2025 09:33:22 America/Montevideo] PHP Warning:  Creating default object from empty value in C:\xampp\htdocs\orderNet\src\class\defaultclass\users.php on line 479
[03-Mar-2025 09:33:23 America/Montevideo] PHP Warning:  Creating default object from empty value in C:\xampp\htdocs\orderNet\src\class\defaultclass\users.php on line 479
[03-Mar-2025 09:33:24 America/Montevideo] PHP Warning:  Creating default object from empty value in C:\xampp\htdocs\orderNet\src\class\defaultclass\users.php on line 479
[03-Mar-2025 09:33:24 America/Montevideo] PHP Warning:  Creating default object from empty value in C:\xampp\htdocs\orderNet\src\class\defaultclass\users.php on line 479
[03-Mar-2025 09:34:04 America/Montevideo] PHP Warning:  Creating default object from empty value in C:\xampp\htdocs\orderNet\src\class\defaultclass\users.php on line 449
[03-Mar-2025 09:34:06 America/Montevideo] PHP Warning:  Creating default object from empty value in C:\xampp\htdocs\orderNet\src\class\defaultclass\users.php on line 479
[03-Mar-2025 09:34:15 America/Montevideo] PHP Warning:  Creating default object from empty value in C:\xampp\htdocs\orderNet\src\class\defaultclass\users.php on line 365
[03-Mar-2025 09:34:19 America/Montevideo] PHP Warning:  Creating default object from empty value in C:\xampp\htdocs\orderNet\src\class\defaultclass\users.php on line 281
[03-Mar-2025 09:34:20 America/Montevideo] PHP Warning:  Creating default object from empty value in C:\xampp\htdocs\orderNet\src\class\defaultclass\users.php on line 125
[03-Mar-2025 09:34:28 America/Montevideo] PHP Warning:  Creating default object from empty value in C:\xampp\htdocs\orderNet\src\class\defaultclass\users.php on line 389
[03-Mar-2025 09:34:31 America/Montevideo] PHP Warning:  Creating default object from empty value in C:\xampp\htdocs\orderNet\src\class\defaultclass\users.php on line 302
[03-Mar-2025 09:38:57 America/Montevideo] PHP Warning:  Creating default object from empty value in C:\xampp\htdocs\orderNet\src\class\defaultclass\users.php on line 302
[03-Mar-2025 09:39:10 America/Montevideo] PHP Warning:  Creating default object from empty value in C:\xampp\htdocs\orderNet\src\class\defaultclass\users.php on line 449
[03-Mar-2025 09:39:13 America/Montevideo] PHP Warning:  Creating default object from empty value in C:\xampp\htdocs\orderNet\src\class\defaultclass\users.php on line 479
[03-Mar-2025 09:39:21 America/Montevideo] PHP Warning:  Creating default object from empty value in C:\xampp\htdocs\orderNet\src\class\defaultclass\users.php on line 449
[03-Mar-2025 09:39:32 America/Montevideo] PHP Warning:  Creating default object from empty value in C:\xampp\htdocs\orderNet\src\class\defaultclass\users.php on line 479
[03-Mar-2025 09:39:40 America/Montevideo] PHP Warning:  Creating default object from empty value in C:\xampp\htdocs\orderNet\src\class\defaultclass\users.php on line 449
[03-Mar-2025 09:39:42 America/Montevideo] PHP Warning:  Creating default object from empty value in C:\xampp\htdocs\orderNet\src\class\defaultclass\users.php on line 479
[03-Mar-2025 09:42:33 America/Montevideo] PHP Warning:  Creating default object from empty value in C:\xampp\htdocs\orderNet\src\class\defaultclass\users.php on line 281
[03-Mar-2025 09:42:35 America/Montevideo] PHP Warning:  Creating default object from empty value in C:\xampp\htdocs\orderNet\src\class\defaultclass\users.php on line 125
[03-Mar-2025 09:42:38 America/Montevideo] PHP Warning:  Creating default object from empty value in C:\xampp\htdocs\orderNet\src\class\defaultclass\users.php on line 302
[03-Mar-2025 09:42:40 America/Montevideo] PHP Warning:  Creating default object from empty value in C:\xampp\htdocs\orderNet\src\class\defaultclass\users.php on line 324
[03-Mar-2025 09:42:48 America/Montevideo] PHP Warning:  Creating default object from empty value in C:\xampp\htdocs\orderNet\src\class\defaultclass\users.php on line 479
[03-Mar-2025 09:42:56 America/Montevideo] PHP Warning:  Creating default object from empty value in C:\xampp\htdocs\orderNet\src\class\defaultclass\users.php on line 281
[03-Mar-2025 09:46:36 America/Montevideo] PHP Warning:  Creating default object from empty value in C:\xampp\htdocs\orderNet\src\class\defaultclass\users.php on line 365
[03-Mar-2025 09:46:37 America/Montevideo] PHP Warning:  Creating default object from empty value in C:\xampp\htdocs\orderNet\src\class\defaultclass\users.php on line 302
[03-Mar-2025 09:46:39 America/Montevideo] PHP Warning:  Creating default object from empty value in C:\xampp\htdocs\orderNet\src\class\defaultclass\users.php on line 324
[03-Mar-2025 09:46:59 America/Montevideo] PHP Warning:  Creating default object from empty value in C:\xampp\htdocs\orderNet\src\class\defaultclass\users.php on line 389
[03-Mar-2025 09:51:54 America/Montevideo] PHP Warning:  Creating default object from empty value in C:\xampp\htdocs\orderNet\src\class\defaultclass\users.php on line 389
[03-Mar-2025 09:52:55 America/Montevideo] PHP Warning:  Creating default object from empty value in C:\xampp\htdocs\orderNet\src\class\defaultclass\users.php on line 389
[03-Mar-2025 09:53:11 America/Montevideo] PHP Warning:  Creating default object from empty value in C:\xampp\htdocs\orderNet\src\class\defaultclass\users.php on line 389
[03-Mar-2025 09:53:41 America/Montevideo] PHP Warning:  Creating default object from empty value in C:\xampp\htdocs\orderNet\src\class\defaultclass\users.php on line 389
[03-Mar-2025 09:53:47 America/Montevideo] PHP Warning:  Creating default object from empty value in C:\xampp\htdocs\orderNet\src\class\defaultclass\users.php on line 389
[03-Mar-2025 09:54:41 America/Montevideo] PHP Warning:  Creating default object from empty value in C:\xampp\htdocs\orderNet\src\class\defaultclass\users.php on line 389
[03-Mar-2025 09:57:32 America/Montevideo] PHP Warning:  Creating default object from empty value in C:\xampp\htdocs\orderNet\src\class\defaultclass\users.php on line 389
[03-Mar-2025 09:57:34 America/Montevideo] PHP Warning:  Creating default object from empty value in C:\xampp\htdocs\orderNet\src\class\defaultclass\users.php on line 302
[03-Mar-2025 09:57:44 America/Montevideo] PHP Warning:  Creating default object from empty value in C:\xampp\htdocs\orderNet\src\class\defaultclass\users.php on line 389
[03-Mar-2025 09:57:46 America/Montevideo] PHP Warning:  Creating default object from empty value in C:\xampp\htdocs\orderNet\src\class\defaultclass\users.php on line 302
[03-Mar-2025 09:58:32 America/Montevideo] PHP Warning:  Creating default object from empty value in C:\xampp\htdocs\orderNet\src\class\defaultclass\users.php on line 389
[03-Mar-2025 10:00:30 America/Montevideo] PHP Warning:  Creating default object from empty value in C:\xampp\htdocs\orderNet\src\class\defaultclass\users.php on line 389
[03-Mar-2025 10:00:39 America/Montevideo] PHP Warning:  Creating default object from empty value in C:\xampp\htdocs\orderNet\src\class\defaultclass\users.php on line 389
[03-Mar-2025 10:02:54 America/Montevideo] PHP Warning:  Creating default object from empty value in C:\xampp\htdocs\orderNet\src\class\defaultclass\users.php on line 389
[03-Mar-2025 10:02:56 America/Montevideo] PHP Warning:  Creating default object from empty value in C:\xampp\htdocs\orderNet\src\class\defaultclass\users.php on line 302
[03-Mar-2025 10:12:38 America/Montevideo] PHP Warning:  Creating default object from empty value in C:\xampp\htdocs\orderNet\src\class\defaultclass\users.php on line 302
[03-Mar-2025 10:22:33 America/Montevideo] PHP Warning:  Creating default object from empty value in C:\xampp\htdocs\orderNet\src\class\defaultclass\users.php on line 302
[03-Mar-2025 10:22:54 America/Montevideo] PHP Warning:  Creating default object from empty value in C:\xampp\htdocs\orderNet\src\class\defaultclass\users.php on line 302
[03-Mar-2025 10:23:07 America/Montevideo] PHP Warning:  Creating default object from empty value in C:\xampp\htdocs\orderNet\src\class\defaultclass\users.php on line 302
[03-Mar-2025 10:23:27 America/Montevideo] PHP Warning:  Creating default object from empty value in C:\xampp\htdocs\orderNet\src\class\defaultclass\users.php on line 302
[03-Mar-2025 10:23:33 America/Montevideo] PHP Warning:  Creating default object from empty value in C:\xampp\htdocs\orderNet\src\class\defaultclass\users.php on line 302
[03-Mar-2025 10:25:21 America/Montevideo] PHP Warning:  Creating default object from empty value in C:\xampp\htdocs\orderNet\src\class\defaultclass\users.php on line 302
[03-Mar-2025 10:25:26 America/Montevideo] PHP Warning:  Creating default object from empty value in C:\xampp\htdocs\orderNet\src\class\defaultclass\users.php on line 302
[03-Mar-2025 10:26:11 America/Montevideo] PHP Warning:  Creating default object from empty value in C:\xampp\htdocs\orderNet\src\class\defaultclass\users.php on line 302
[03-Mar-2025 10:27:22 America/Montevideo] PHP Warning:  Creating default object from empty value in C:\xampp\htdocs\orderNet\src\class\defaultclass\users.php on line 302
[03-Mar-2025 10:29:12 America/Montevideo] PHP Warning:  Creating default object from empty value in C:\xampp\htdocs\orderNet\src\class\defaultclass\users.php on line 302
[03-Mar-2025 10:30:27 America/Montevideo] PHP Warning:  Creating default object from empty value in C:\xampp\htdocs\orderNet\src\class\defaultclass\users.php on line 302
[03-Mar-2025 10:31:26 America/Montevideo] PHP Warning:  Creating default object from empty value in C:\xampp\htdocs\orderNet\src\class\defaultclass\users.php on line 302
[03-Mar-2025 10:39:14 America/Montevideo] PHP Warning:  Creating default object from empty value in C:\xampp\htdocs\orderNet\src\class\defaultclass\users.php on line 302
[03-Mar-2025 10:41:02 America/Montevideo] PHP Warning:  Creating default object from empty value in C:\xampp\htdocs\orderNet\src\class\defaultclass\users.php on line 302
[03-Mar-2025 10:41:34 America/Montevideo] PHP Warning:  Creating default object from empty value in C:\xampp\htdocs\orderNet\src\class\defaultclass\users.php on line 302
[03-Mar-2025 10:42:30 America/Montevideo] PHP Warning:  Creating default object from empty value in C:\xampp\htdocs\orderNet\src\class\defaultclass\users.php on line 302
[03-Mar-2025 10:42:46 America/Montevideo] PHP Warning:  Creating default object from empty value in C:\xampp\htdocs\orderNet\src\class\defaultclass\users.php on line 302
[03-Mar-2025 10:42:48 America/Montevideo] PHP Warning:  Creating default object from empty value in C:\xampp\htdocs\orderNet\src\class\defaultclass\users.php on line 302
[03-Mar-2025 10:42:49 America/Montevideo] PHP Warning:  Creating default object from empty value in C:\xampp\htdocs\orderNet\src\class\defaultclass\users.php on line 302
[03-Mar-2025 10:42:50 America/Montevideo] PHP Warning:  Creating default object from empty value in C:\xampp\htdocs\orderNet\src\class\defaultclass\users.php on line 302
[03-Mar-2025 10:42:51 America/Montevideo] PHP Warning:  Creating default object from empty value in C:\xampp\htdocs\orderNet\src\class\defaultclass\users.php on line 302
[03-Mar-2025 11:17:37 America/Montevideo] PHP Warning:  Creating default object from empty value in C:\xampp\htdocs\orderNet\src\class\defaultclass\users.php on line 307
[03-Mar-2025 11:17:39 America/Montevideo] PHP Notice:  Undefined variable: provider in C:\xampp\htdocs\orderNet\src\class\defaultclass\users.php on line 274
[03-Mar-2025 11:17:39 America/Montevideo] PHP Notice:  Trying to get property 'codigo' of non-object in C:\xampp\htdocs\orderNet\src\class\defaultclass\users.php on line 274
[03-Mar-2025 11:17:39 America/Montevideo] PHP Notice:  Undefined variable: provider in C:\xampp\htdocs\orderNet\src\class\defaultclass\users.php on line 274
[03-Mar-2025 11:17:39 America/Montevideo] PHP Notice:  Trying to get property 'id' of non-object in C:\xampp\htdocs\orderNet\src\class\defaultclass\users.php on line 274
[03-Mar-2025 11:17:39 America/Montevideo] PHP Notice:  Undefined variable: articleId in C:\xampp\htdocs\orderNet\src\class\defaultclass\users.php on line 274
[03-Mar-2025 11:17:39 America/Montevideo] PHP Warning:  Creating default object from empty value in C:\xampp\htdocs\orderNet\src\class\defaultclass\users.php on line 307
[03-Mar-2025 11:17:41 America/Montevideo] PHP Notice:  Undefined variable: provider in C:\xampp\htdocs\orderNet\src\class\defaultclass\users.php on line 274
[03-Mar-2025 11:17:41 America/Montevideo] PHP Notice:  Trying to get property 'codigo' of non-object in C:\xampp\htdocs\orderNet\src\class\defaultclass\users.php on line 274
[03-Mar-2025 11:17:41 America/Montevideo] PHP Notice:  Undefined variable: provider in C:\xampp\htdocs\orderNet\src\class\defaultclass\users.php on line 274
[03-Mar-2025 11:17:41 America/Montevideo] PHP Notice:  Trying to get property 'id' of non-object in C:\xampp\htdocs\orderNet\src\class\defaultclass\users.php on line 274
[03-Mar-2025 11:17:41 America/Montevideo] PHP Notice:  Undefined variable: articleId in C:\xampp\htdocs\orderNet\src\class\defaultclass\users.php on line 274
[03-Mar-2025 11:17:42 America/Montevideo] PHP Warning:  Creating default object from empty value in C:\xampp\htdocs\orderNet\src\class\defaultclass\users.php on line 307
[03-Mar-2025 11:21:23 America/Montevideo] PHP Warning:  Creating default object from empty value in C:\xampp\htdocs\orderNet\src\class\defaultclass\users.php on line 307
[03-Mar-2025 11:23:21 America/Montevideo] PHP Warning:  Creating default object from empty value in C:\xampp\htdocs\orderNet\src\class\defaultclass\users.php on line 307
[03-Mar-2025 11:24:15 America/Montevideo] PHP Warning:  Creating default object from empty value in C:\xampp\htdocs\orderNet\src\class\defaultclass\users.php on line 307
[03-Mar-2025 11:24:58 America/Montevideo] PHP Warning:  Creating default object from empty value in C:\xampp\htdocs\orderNet\src\class\defaultclass\users.php on line 307
[03-Mar-2025 11:25:12 America/Montevideo] PHP Warning:  Creating default object from empty value in C:\xampp\htdocs\orderNet\src\class\defaultclass\users.php on line 307
[03-Mar-2025 11:25:43 America/Montevideo] PHP Warning:  Creating default object from empty value in C:\xampp\htdocs\orderNet\src\class\defaultclass\users.php on line 307
[03-Mar-2025 11:25:45 America/Montevideo] PHP Warning:  Creating default object from empty value in C:\xampp\htdocs\orderNet\src\class\defaultclass\users.php on line 307
[03-Mar-2025 11:25:53 America/Montevideo] PHP Warning:  Creating default object from empty value in C:\xampp\htdocs\orderNet\src\class\defaultclass\users.php on line 307
[03-Mar-2025 11:25:55 America/Montevideo] PHP Warning:  Creating default object from empty value in C:\xampp\htdocs\orderNet\src\class\defaultclass\users.php on line 307
[03-Mar-2025 11:25:55 America/Montevideo] PHP Warning:  Creating default object from empty value in C:\xampp\htdocs\orderNet\src\class\defaultclass\users.php on line 307
[03-Mar-2025 11:32:20 America/Montevideo] PHP Warning:  Creating default object from empty value in C:\xampp\htdocs\orderNet\src\class\defaultclass\users.php on line 307
[03-Mar-2025 11:32:21 America/Montevideo] PHP Warning:  Creating default object from empty value in C:\xampp\htdocs\orderNet\src\class\defaultclass\users.php on line 307
[03-Mar-2025 11:32:22 America/Montevideo] PHP Warning:  Creating default object from empty value in C:\xampp\htdocs\orderNet\src\class\defaultclass\users.php on line 307
[03-Mar-2025 11:32:32 America/Montevideo] PHP Warning:  Creating default object from empty value in C:\xampp\htdocs\orderNet\src\class\defaultclass\users.php on line 394
[03-Mar-2025 11:32:34 America/Montevideo] PHP Warning:  Creating default object from empty value in C:\xampp\htdocs\orderNet\src\class\defaultclass\users.php on line 307
[03-Mar-2025 11:32:51 America/Montevideo] PHP Warning:  Creating default object from empty value in C:\xampp\htdocs\orderNet\src\class\defaultclass\users.php on line 307
[03-Mar-2025 11:32:52 America/Montevideo] PHP Warning:  Creating default object from empty value in C:\xampp\htdocs\orderNet\src\class\defaultclass\users.php on line 307
[03-Mar-2025 11:32:52 America/Montevideo] PHP Warning:  Creating default object from empty value in C:\xampp\htdocs\orderNet\src\class\defaultclass\users.php on line 307
[03-Mar-2025 11:32:53 America/Montevideo] PHP Warning:  Creating default object from empty value in C:\xampp\htdocs\orderNet\src\class\defaultclass\users.php on line 307
[03-Mar-2025 11:32:54 America/Montevideo] PHP Warning:  Creating default object from empty value in C:\xampp\htdocs\orderNet\src\class\defaultclass\users.php on line 307
[03-Mar-2025 11:32:55 America/Montevideo] PHP Warning:  Creating default object from empty value in C:\xampp\htdocs\orderNet\src\class\defaultclass\users.php on line 307
[03-Mar-2025 11:33:32 America/Montevideo] PHP Warning:  Creating default object from empty value in C:\xampp\htdocs\orderNet\src\class\defaultclass\users.php on line 394
[03-Mar-2025 11:36:40 America/Montevideo] PHP Warning:  Creating default object from empty value in C:\xampp\htdocs\orderNet\src\class\defaultclass\users.php on line 396
[03-Mar-2025 11:37:15 America/Montevideo] PHP Warning:  Creating default object from empty value in C:\xampp\htdocs\orderNet\src\class\defaultclass\users.php on line 396
[03-Mar-2025 11:37:26 America/Montevideo] PHP Warning:  Creating default object from empty value in C:\xampp\htdocs\orderNet\src\class\defaultclass\users.php on line 396
[03-Mar-2025 11:38:18 America/Montevideo] PHP Warning:  Creating default object from empty value in C:\xampp\htdocs\orderNet\src\class\defaultclass\users.php on line 396
[03-Mar-2025 11:38:59 America/Montevideo] PHP Warning:  Creating default object from empty value in C:\xampp\htdocs\orderNet\src\class\defaultclass\users.php on line 396
[03-Mar-2025 11:41:08 America/Montevideo] PHP Warning:  Creating default object from empty value in C:\xampp\htdocs\orderNet\src\class\defaultclass\users.php on line 396
[03-Mar-2025 11:42:04 America/Montevideo] PHP Warning:  Creating default object from empty value in C:\xampp\htdocs\orderNet\src\class\defaultclass\users.php on line 396
[03-Mar-2025 11:43:02 America/Montevideo] PHP Warning:  Creating default object from empty value in C:\xampp\htdocs\orderNet\src\class\defaultclass\users.php on line 396
[03-Mar-2025 11:43:40 America/Montevideo] PHP Warning:  Creating default object from empty value in C:\xampp\htdocs\orderNet\src\class\defaultclass\users.php on line 307
[03-Mar-2025 11:44:10 America/Montevideo] PHP Warning:  Creating default object from empty value in C:\xampp\htdocs\orderNet\src\class\defaultclass\users.php on line 307
[03-Mar-2025 11:44:12 America/Montevideo] PHP Warning:  Creating default object from empty value in C:\xampp\htdocs\orderNet\src\class\defaultclass\users.php on line 396
[03-Mar-2025 11:44:13 America/Montevideo] PHP Warning:  Creating default object from empty value in C:\xampp\htdocs\orderNet\src\class\defaultclass\users.php on line 307
[03-Mar-2025 11:44:15 America/Montevideo] PHP Warning:  Creating default object from empty value in C:\xampp\htdocs\orderNet\src\class\defaultclass\users.php on line 307
[03-Mar-2025 11:44:16 America/Montevideo] PHP Warning:  Creating default object from empty value in C:\xampp\htdocs\orderNet\src\class\defaultclass\users.php on line 307
[03-Mar-2025 11:44:17 America/Montevideo] PHP Warning:  Creating default object from empty value in C:\xampp\htdocs\orderNet\src\class\defaultclass\users.php on line 307
[03-Mar-2025 11:44:17 America/Montevideo] PHP Warning:  Creating default object from empty value in C:\xampp\htdocs\orderNet\src\class\defaultclass\users.php on line 307
[03-Mar-2025 11:44:19 America/Montevideo] PHP Warning:  Creating default object from empty value in C:\xampp\htdocs\orderNet\src\class\defaultclass\users.php on line 396
[03-Mar-2025 11:44:38 America/Montevideo] PHP Warning:  Creating default object from empty value in C:\xampp\htdocs\orderNet\src\class\defaultclass\users.php on line 307
[03-Mar-2025 11:44:39 America/Montevideo] PHP Warning:  Creating default object from empty value in C:\xampp\htdocs\orderNet\src\class\defaultclass\users.php on line 307
[03-Mar-2025 11:44:40 America/Montevideo] PHP Warning:  Creating default object from empty value in C:\xampp\htdocs\orderNet\src\class\defaultclass\users.php on line 307
[03-Mar-2025 11:44:40 America/Montevideo] PHP Warning:  Creating default object from empty value in C:\xampp\htdocs\orderNet\src\class\defaultclass\users.php on line 307
[03-Mar-2025 11:44:41 America/Montevideo] PHP Warning:  Creating default object from empty value in C:\xampp\htdocs\orderNet\src\class\defaultclass\users.php on line 307
[03-Mar-2025 11:44:42 America/Montevideo] PHP Warning:  Creating default object from empty value in C:\xampp\htdocs\orderNet\src\class\defaultclass\users.php on line 307
[03-Mar-2025 11:44:42 America/Montevideo] PHP Warning:  Creating default object from empty value in C:\xampp\htdocs\orderNet\src\class\defaultclass\users.php on line 307
[03-Mar-2025 11:44:44 America/Montevideo] PHP Warning:  Creating default object from empty value in C:\xampp\htdocs\orderNet\src\class\defaultclass\users.php on line 396
[03-Mar-2025 12:00:01 America/Montevideo] PHP Warning:  Creating default object from empty value in C:\xampp\htdocs\orderNet\src\class\defaultclass\users.php on line 307
[03-Mar-2025 12:00:14 America/Montevideo] PHP Warning:  Creating default object from empty value in C:\xampp\htdocs\orderNet\src\class\defaultclass\users.php on line 396
[03-Mar-2025 12:00:41 America/Montevideo] PHP Warning:  Creating default object from empty value in C:\xampp\htdocs\orderNet\src\class\defaultclass\users.php on line 396
[03-Mar-2025 12:00:42 America/Montevideo] PHP Warning:  Creating default object from empty value in C:\xampp\htdocs\orderNet\src\class\defaultclass\users.php on line 307
[03-Mar-2025 12:00:45 America/Montevideo] PHP Warning:  Creating default object from empty value in C:\xampp\htdocs\orderNet\src\class\defaultclass\users.php on line 396
[03-Mar-2025 12:00:46 America/Montevideo] PHP Warning:  Creating default object from empty value in C:\xampp\htdocs\orderNet\src\class\defaultclass\users.php on line 307
[03-Mar-2025 12:00:48 America/Montevideo] PHP Warning:  Creating default object from empty value in C:\xampp\htdocs\orderNet\src\class\defaultclass\users.php on line 396
[03-Mar-2025 12:00:51 America/Montevideo] PHP Warning:  Creating default object from empty value in C:\xampp\htdocs\orderNet\src\class\defaultclass\users.php on line 307
[03-Mar-2025 12:15:26 America/Montevideo] PHP Warning:  Creating default object from empty value in C:\xampp\htdocs\orderNet\src\class\defaultclass\users.php on line 310
[03-Mar-2025 12:15:44 America/Montevideo] PHP Warning:  Creating default object from empty value in C:\xampp\htdocs\orderNet\src\class\defaultclass\users.php on line 310
[03-Mar-2025 12:15:51 America/Montevideo] PHP Warning:  Creating default object from empty value in C:\xampp\htdocs\orderNet\src\class\defaultclass\users.php on line 310
[03-Mar-2025 12:15:57 America/Montevideo] PHP Warning:  Creating default object from empty value in C:\xampp\htdocs\orderNet\src\class\defaultclass\users.php on line 310
[03-Mar-2025 12:26:51 America/Montevideo] PHP Warning:  Creating default object from empty value in C:\xampp\htdocs\orderNet\src\class\defaultclass\users.php on line 315
[03-Mar-2025 12:26:53 America/Montevideo] PHP Warning:  Creating default object from empty value in C:\xampp\htdocs\orderNet\src\class\defaultclass\users.php on line 315
[03-Mar-2025 12:26:53 America/Montevideo] PHP Notice:  Trying to get property 'estado' of non-object in C:\xampp\htdocs\orderNet\src\controllers\ctr_users.php on line 214
[03-Mar-2025 12:26:53 America/Montevideo] PHP Notice:  Undefined variable: userClass in C:\xampp\htdocs\orderNet\src\controllers\ctr_users.php on line 234
[03-Mar-2025 12:27:28 America/Montevideo] PHP Warning:  Creating default object from empty value in C:\xampp\htdocs\orderNet\src\class\defaultclass\users.php on line 315
[03-Mar-2025 12:27:30 America/Montevideo] PHP Warning:  Creating default object from empty value in C:\xampp\htdocs\orderNet\src\class\defaultclass\users.php on line 315
[03-Mar-2025 12:27:30 America/Montevideo] PHP Notice:  Trying to get property 'estado' of non-object in C:\xampp\htdocs\orderNet\src\controllers\ctr_users.php on line 214
[03-Mar-2025 12:27:30 America/Montevideo] PHP Notice:  Undefined variable: userClass in C:\xampp\htdocs\orderNet\src\controllers\ctr_users.php on line 234
[03-Mar-2025 12:29:05 America/Montevideo] PHP Warning:  Creating default object from empty value in C:\xampp\htdocs\orderNet\src\class\defaultclass\users.php on line 315
[03-Mar-2025 12:29:07 America/Montevideo] PHP Warning:  Creating default object from empty value in C:\xampp\htdocs\orderNet\src\class\defaultclass\users.php on line 404
[03-Mar-2025 12:29:14 America/Montevideo] PHP Warning:  Creating default object from empty value in C:\xampp\htdocs\orderNet\src\class\defaultclass\users.php on line 404
[03-Mar-2025 12:29:17 America/Montevideo] PHP Warning:  Creating default object from empty value in C:\xampp\htdocs\orderNet\src\class\defaultclass\users.php on line 315
[03-Mar-2025 12:29:20 America/Montevideo] PHP Warning:  Creating default object from empty value in C:\xampp\htdocs\orderNet\src\class\defaultclass\users.php on line 315
[03-Mar-2025 12:29:20 America/Montevideo] PHP Notice:  Trying to get property 'estado' of non-object in C:\xampp\htdocs\orderNet\src\controllers\ctr_users.php on line 214
[03-Mar-2025 12:29:20 America/Montevideo] PHP Warning:  Creating default object from empty value in C:\xampp\htdocs\orderNet\src\class\defaultclass\users.php on line 315
[03-Mar-2025 12:29:24 America/Montevideo] PHP Warning:  Creating default object from empty value in C:\xampp\htdocs\orderNet\src\class\defaultclass\users.php on line 404
[03-Mar-2025 12:29:25 America/Montevideo] PHP Warning:  Creating default object from empty value in C:\xampp\htdocs\orderNet\src\class\defaultclass\users.php on line 315
[03-Mar-2025 12:29:27 America/Montevideo] PHP Warning:  Creating default object from empty value in C:\xampp\htdocs\orderNet\src\class\defaultclass\users.php on line 404
[03-Mar-2025 12:29:28 America/Montevideo] PHP Warning:  Creating default object from empty value in C:\xampp\htdocs\orderNet\src\class\defaultclass\users.php on line 315
[03-Mar-2025 12:29:30 America/Montevideo] PHP Warning:  Creating default object from empty value in C:\xampp\htdocs\orderNet\src\class\defaultclass\users.php on line 404
[03-Mar-2025 12:29:31 America/Montevideo] PHP Warning:  Creating default object from empty value in C:\xampp\htdocs\orderNet\src\class\defaultclass\users.php on line 315
[03-Mar-2025 12:29:33 America/Montevideo] PHP Warning:  Creating default object from empty value in C:\xampp\htdocs\orderNet\src\class\defaultclass\users.php on line 315
[03-Mar-2025 12:29:33 America/Montevideo] PHP Notice:  Trying to get property 'estado' of non-object in C:\xampp\htdocs\orderNet\src\controllers\ctr_users.php on line 214
[03-Mar-2025 12:29:33 America/Montevideo] PHP Warning:  Creating default object from empty value in C:\xampp\htdocs\orderNet\src\class\defaultclass\users.php on line 315
[03-Mar-2025 12:29:34 America/Montevideo] PHP Warning:  Creating default object from empty value in C:\xampp\htdocs\orderNet\src\class\defaultclass\users.php on line 315
[03-Mar-2025 12:29:34 America/Montevideo] PHP Notice:  Trying to get property 'estado' of non-object in C:\xampp\htdocs\orderNet\src\controllers\ctr_users.php on line 214
[03-Mar-2025 12:29:34 America/Montevideo] PHP Warning:  Creating default object from empty value in C:\xampp\htdocs\orderNet\src\class\defaultclass\users.php on line 315
[03-Mar-2025 12:29:35 America/Montevideo] PHP Warning:  Creating default object from empty value in C:\xampp\htdocs\orderNet\src\class\defaultclass\users.php on line 315
[03-Mar-2025 12:29:35 America/Montevideo] PHP Notice:  Trying to get property 'estado' of non-object in C:\xampp\htdocs\orderNet\src\controllers\ctr_users.php on line 214
[03-Mar-2025 12:29:35 America/Montevideo] PHP Notice:  Undefined variable: userClass in C:\xampp\htdocs\orderNet\src\controllers\ctr_users.php on line 234
[03-Mar-2025 12:30:49 America/Montevideo] PHP Warning:  Creating default object from empty value in C:\xampp\htdocs\orderNet\src\class\defaultclass\users.php on line 315
[03-Mar-2025 12:30:50 America/Montevideo] PHP Warning:  Creating default object from empty value in C:\xampp\htdocs\orderNet\src\class\defaultclass\users.php on line 315
[03-Mar-2025 12:30:50 America/Montevideo] PHP Notice:  Trying to get property 'estado' of non-object in C:\xampp\htdocs\orderNet\src\controllers\ctr_users.php on line 214
[03-Mar-2025 12:30:50 America/Montevideo] PHP Notice:  Undefined variable: userClass in C:\xampp\htdocs\orderNet\src\controllers\ctr_users.php on line 237
[03-Mar-2025 12:32:06 America/Montevideo] PHP Warning:  Creating default object from empty value in C:\xampp\htdocs\orderNet\src\class\defaultclass\users.php on line 315
[03-Mar-2025 12:32:08 America/Montevideo] PHP Warning:  Creating default object from empty value in C:\xampp\htdocs\orderNet\src\class\defaultclass\users.php on line 404
[03-Mar-2025 12:32:10 America/Montevideo] PHP Warning:  Creating default object from empty value in C:\xampp\htdocs\orderNet\src\class\defaultclass\users.php on line 315
[03-Mar-2025 12:32:12 America/Montevideo] PHP Warning:  Creating default object from empty value in C:\xampp\htdocs\orderNet\src\class\defaultclass\users.php on line 315
[03-Mar-2025 12:32:12 America/Montevideo] PHP Notice:  Trying to get property 'estado' of non-object in C:\xampp\htdocs\orderNet\src\controllers\ctr_users.php on line 214
[03-Mar-2025 12:32:12 America/Montevideo] PHP Notice:  Undefined variable: userClass in C:\xampp\htdocs\orderNet\src\controllers\ctr_users.php on line 237
