[27-Feb-2025 07:44:48 America/Montevideo] PHP Warning:  Creating default object from empty value in C:\xampp\htdocs\orderNet\src\class\defaultclass\users.php on line 205
[27-Feb-2025 07:49:16 America/Montevideo] PHP Warning:  Creating default object from empty value in C:\xampp\htdocs\orderNet\src\class\defaultclass\users.php on line 84
[27-Feb-2025 07:49:24 America/Montevideo] PHP Warning:  Creating default object from empty value in C:\xampp\htdocs\orderNet\src\class\defaultclass\users.php on line 225
[27-Feb-2025 07:49:28 America/Montevideo] PHP Warning:  Creating default object from empty value in C:\xampp\htdocs\orderNet\src\class\defaultclass\users.php on line 304
[27-Feb-2025 07:49:35 America/Montevideo] PHP Warning:  Creating default object from empty value in C:\xampp\htdocs\orderNet\src\class\defaultclass\users.php on line 246
[27-Feb-2025 07:49:46 America/Montevideo] PHP Warning:  Creating default object from empty value in C:\xampp\htdocs\orderNet\src\class\defaultclass\users.php on line 363
[27-Feb-2025 07:49:48 America/Montevideo] PHP Warning:  Creating default object from empty value in C:\xampp\htdocs\orderNet\src\class\defaultclass\users.php on line 246
[27-Feb-2025 07:49:58 America/Montevideo] PHP Warning:  Creating default object from empty value in C:\xampp\htdocs\orderNet\src\class\defaultclass\users.php on line 287
[27-Feb-2025 07:50:02 America/Montevideo] PHP Warning:  Creating default object from empty value in C:\xampp\htdocs\orderNet\src\class\defaultclass\users.php on line 363
[27-Feb-2025 07:50:07 America/Montevideo] PHP Warning:  Creating default object from empty value in C:\xampp\htdocs\orderNet\src\class\defaultclass\users.php on line 225
[27-Feb-2025 07:50:44 America/Montevideo] PHP Warning:  Creating default object from empty value in C:\xampp\htdocs\orderNet\src\class\defaultclass\users.php on line 363
[27-Feb-2025 07:51:00 America/Montevideo] PHP Warning:  Creating default object from empty value in C:\xampp\htdocs\orderNet\src\class\defaultclass\users.php on line 377
[27-Feb-2025 07:51:09 America/Montevideo] PHP Warning:  Creating default object from empty value in C:\xampp\htdocs\orderNet\src\class\defaultclass\users.php on line 347
[27-Feb-2025 07:51:17 America/Montevideo] PHP Warning:  Creating default object from empty value in C:\xampp\htdocs\orderNet\src\class\defaultclass\users.php on line 347
[27-Feb-2025 07:51:18 America/Montevideo] PHP Warning:  Creating default object from empty value in C:\xampp\htdocs\orderNet\src\class\defaultclass\users.php on line 377
[27-Feb-2025 07:52:25 America/Montevideo] PHP Warning:  Creating default object from empty value in C:\xampp\htdocs\orderNet\src\class\defaultclass\users.php on line 377
[27-Feb-2025 07:52:37 America/Montevideo] PHP Warning:  Creating default object from empty value in C:\xampp\htdocs\orderNet\src\class\defaultclass\users.php on line 377
[27-Feb-2025 07:53:36 America/Montevideo] PHP Warning:  Creating default object from empty value in C:\xampp\htdocs\orderNet\src\class\defaultclass\users.php on line 377
[27-Feb-2025 07:54:02 America/Montevideo] PHP Warning:  Creating default object from empty value in C:\xampp\htdocs\orderNet\src\class\defaultclass\users.php on line 377
[27-Feb-2025 07:55:03 America/Montevideo] PHP Warning:  Creating default object from empty value in C:\xampp\htdocs\orderNet\src\class\defaultclass\users.php on line 377
[27-Feb-2025 07:55:45 America/Montevideo] PHP Warning:  Creating default object from empty value in C:\xampp\htdocs\orderNet\src\class\defaultclass\users.php on line 377
[27-Feb-2025 07:56:08 America/Montevideo] PHP Warning:  Creating default object from empty value in C:\xampp\htdocs\orderNet\src\class\defaultclass\users.php on line 377
[27-Feb-2025 07:56:36 America/Montevideo] PHP Warning:  Creating default object from empty value in C:\xampp\htdocs\orderNet\src\class\defaultclass\users.php on line 377
[27-Feb-2025 07:56:58 America/Montevideo] PHP Warning:  Creating default object from empty value in C:\xampp\htdocs\orderNet\src\class\defaultclass\users.php on line 377
[27-Feb-2025 07:57:22 America/Montevideo] PHP Warning:  Creating default object from empty value in C:\xampp\htdocs\orderNet\src\class\defaultclass\users.php on line 377
[27-Feb-2025 07:58:00 America/Montevideo] PHP Warning:  Creating default object from empty value in C:\xampp\htdocs\orderNet\src\class\defaultclass\users.php on line 377
[27-Feb-2025 07:58:30 America/Montevideo] PHP Warning:  Creating default object from empty value in C:\xampp\htdocs\orderNet\src\class\defaultclass\users.php on line 377
[27-Feb-2025 07:59:26 America/Montevideo] PHP Warning:  Creating default object from empty value in C:\xampp\htdocs\orderNet\src\class\defaultclass\users.php on line 377
[27-Feb-2025 07:59:48 America/Montevideo] PHP Warning:  Creating default object from empty value in C:\xampp\htdocs\orderNet\src\class\defaultclass\users.php on line 377
[27-Feb-2025 08:00:20 America/Montevideo] PHP Warning:  Creating default object from empty value in C:\xampp\htdocs\orderNet\src\class\defaultclass\users.php on line 377
[27-Feb-2025 08:00:39 America/Montevideo] PHP Warning:  Creating default object from empty value in C:\xampp\htdocs\orderNet\src\class\defaultclass\users.php on line 377
[27-Feb-2025 08:00:57 America/Montevideo] PHP Warning:  Creating default object from empty value in C:\xampp\htdocs\orderNet\src\class\defaultclass\users.php on line 377
[27-Feb-2025 08:01:19 America/Montevideo] PHP Warning:  Creating default object from empty value in C:\xampp\htdocs\orderNet\src\class\defaultclass\users.php on line 377
[27-Feb-2025 08:01:45 America/Montevideo] PHP Warning:  Creating default object from empty value in C:\xampp\htdocs\orderNet\src\class\defaultclass\users.php on line 377
[27-Feb-2025 08:02:10 America/Montevideo] PHP Warning:  Creating default object from empty value in C:\xampp\htdocs\orderNet\src\class\defaultclass\users.php on line 377
[27-Feb-2025 08:02:51 America/Montevideo] PHP Warning:  Creating default object from empty value in C:\xampp\htdocs\orderNet\src\class\defaultclass\users.php on line 377
[27-Feb-2025 08:03:14 America/Montevideo] PHP Warning:  Creating default object from empty value in C:\xampp\htdocs\orderNet\src\class\defaultclass\users.php on line 377
[27-Feb-2025 08:03:31 America/Montevideo] PHP Warning:  Creating default object from empty value in C:\xampp\htdocs\orderNet\src\class\defaultclass\users.php on line 377
[27-Feb-2025 08:03:44 America/Montevideo] PHP Warning:  Creating default object from empty value in C:\xampp\htdocs\orderNet\src\class\defaultclass\users.php on line 377
[27-Feb-2025 08:04:29 America/Montevideo] PHP Warning:  Creating default object from empty value in C:\xampp\htdocs\orderNet\src\class\defaultclass\users.php on line 377
[27-Feb-2025 08:04:47 America/Montevideo] PHP Warning:  Creating default object from empty value in C:\xampp\htdocs\orderNet\src\class\defaultclass\users.php on line 377
[27-Feb-2025 08:05:01 America/Montevideo] PHP Warning:  Creating default object from empty value in C:\xampp\htdocs\orderNet\src\class\defaultclass\users.php on line 377
[27-Feb-2025 08:05:08 America/Montevideo] PHP Warning:  Creating default object from empty value in C:\xampp\htdocs\orderNet\src\class\defaultclass\users.php on line 377
[27-Feb-2025 08:05:26 America/Montevideo] PHP Warning:  Creating default object from empty value in C:\xampp\htdocs\orderNet\src\class\defaultclass\users.php on line 377
[27-Feb-2025 08:05:54 America/Montevideo] PHP Warning:  Creating default object from empty value in C:\xampp\htdocs\orderNet\src\class\defaultclass\users.php on line 377
[27-Feb-2025 08:06:24 America/Montevideo] PHP Warning:  Creating default object from empty value in C:\xampp\htdocs\orderNet\src\class\defaultclass\users.php on line 377
[27-Feb-2025 08:07:13 America/Montevideo] PHP Warning:  Creating default object from empty value in C:\xampp\htdocs\orderNet\src\class\defaultclass\users.php on line 347
[27-Feb-2025 08:07:15 America/Montevideo] PHP Warning:  Creating default object from empty value in C:\xampp\htdocs\orderNet\src\class\defaultclass\users.php on line 377
[27-Feb-2025 08:08:50 America/Montevideo] PHP Warning:  Creating default object from empty value in C:\xampp\htdocs\orderNet\src\class\defaultclass\users.php on line 347
[27-Feb-2025 08:08:51 America/Montevideo] PHP Warning:  Creating default object from empty value in C:\xampp\htdocs\orderNet\src\class\defaultclass\users.php on line 377
[27-Feb-2025 08:09:38 America/Montevideo] PHP Warning:  Creating default object from empty value in C:\xampp\htdocs\orderNet\src\class\defaultclass\users.php on line 347
[27-Feb-2025 08:09:39 America/Montevideo] PHP Warning:  Creating default object from empty value in C:\xampp\htdocs\orderNet\src\class\defaultclass\users.php on line 377
[27-Feb-2025 08:28:07 America/Montevideo] PHP Warning:  Creating default object from empty value in C:\xampp\htdocs\orderNet\src\class\defaultclass\users.php on line 347
[27-Feb-2025 08:28:08 America/Montevideo] PHP Warning:  Creating default object from empty value in C:\xampp\htdocs\orderNet\src\class\defaultclass\users.php on line 377
[27-Feb-2025 08:28:24 America/Montevideo] PHP Warning:  Creating default object from empty value in C:\xampp\htdocs\orderNet\src\class\defaultclass\users.php on line 347
[27-Feb-2025 08:28:25 America/Montevideo] PHP Warning:  Creating default object from empty value in C:\xampp\htdocs\orderNet\src\class\defaultclass\users.php on line 377
[27-Feb-2025 08:29:09 America/Montevideo] PHP Warning:  Creating default object from empty value in C:\xampp\htdocs\orderNet\src\class\defaultclass\users.php on line 347
[27-Feb-2025 08:29:10 America/Montevideo] PHP Warning:  Creating default object from empty value in C:\xampp\htdocs\orderNet\src\class\defaultclass\users.php on line 377
[27-Feb-2025 08:32:22 America/Montevideo] PHP Warning:  Creating default object from empty value in C:\xampp\htdocs\orderNet\src\class\defaultclass\users.php on line 347
[27-Feb-2025 08:32:24 America/Montevideo] PHP Warning:  Creating default object from empty value in C:\xampp\htdocs\orderNet\src\class\defaultclass\users.php on line 377
[27-Feb-2025 08:35:08 America/Montevideo] PHP Warning:  Creating default object from empty value in C:\xampp\htdocs\orderNet\src\class\defaultclass\users.php on line 347
[27-Feb-2025 08:35:09 America/Montevideo] PHP Warning:  Creating default object from empty value in C:\xampp\htdocs\orderNet\src\class\defaultclass\users.php on line 377
[27-Feb-2025 08:35:52 America/Montevideo] PHP Warning:  Creating default object from empty value in C:\xampp\htdocs\orderNet\src\class\defaultclass\users.php on line 347
[27-Feb-2025 08:35:53 America/Montevideo] PHP Warning:  Creating default object from empty value in C:\xampp\htdocs\orderNet\src\class\defaultclass\users.php on line 377
[27-Feb-2025 08:37:33 America/Montevideo] PHP Warning:  Creating default object from empty value in C:\xampp\htdocs\orderNet\src\class\defaultclass\users.php on line 347
[27-Feb-2025 08:37:34 America/Montevideo] PHP Warning:  Creating default object from empty value in C:\xampp\htdocs\orderNet\src\class\defaultclass\users.php on line 377
[27-Feb-2025 08:37:47 America/Montevideo] PHP Warning:  Creating default object from empty value in C:\xampp\htdocs\orderNet\src\class\defaultclass\users.php on line 347
[27-Feb-2025 08:37:49 America/Montevideo] PHP Warning:  Creating default object from empty value in C:\xampp\htdocs\orderNet\src\class\defaultclass\users.php on line 377
[27-Feb-2025 08:38:47 America/Montevideo] PHP Warning:  Creating default object from empty value in C:\xampp\htdocs\orderNet\src\class\defaultclass\users.php on line 347
[27-Feb-2025 08:38:48 America/Montevideo] PHP Warning:  Creating default object from empty value in C:\xampp\htdocs\orderNet\src\class\defaultclass\users.php on line 377
[27-Feb-2025 08:41:41 America/Montevideo] PHP Warning:  Creating default object from empty value in C:\xampp\htdocs\orderNet\src\class\defaultclass\users.php on line 347
[27-Feb-2025 08:41:42 America/Montevideo] PHP Warning:  Creating default object from empty value in C:\xampp\htdocs\orderNet\src\class\defaultclass\users.php on line 377
[27-Feb-2025 08:42:28 America/Montevideo] PHP Warning:  Creating default object from empty value in C:\xampp\htdocs\orderNet\src\class\defaultclass\users.php on line 347
[27-Feb-2025 08:42:29 America/Montevideo] PHP Warning:  Creating default object from empty value in C:\xampp\htdocs\orderNet\src\class\defaultclass\users.php on line 377
[27-Feb-2025 08:43:50 America/Montevideo] PHP Warning:  Creating default object from empty value in C:\xampp\htdocs\orderNet\src\class\defaultclass\users.php on line 347
[27-Feb-2025 08:43:51 America/Montevideo] PHP Warning:  Creating default object from empty value in C:\xampp\htdocs\orderNet\src\class\defaultclass\users.php on line 377
[27-Feb-2025 09:29:18 America/Montevideo] PHP Warning:  Creating default object from empty value in C:\xampp\htdocs\orderNet\src\class\defaultclass\users.php on line 387
[27-Feb-2025 09:29:19 America/Montevideo] PHP Warning:  Creating default object from empty value in C:\xampp\htdocs\orderNet\src\class\defaultclass\users.php on line 417
[27-Feb-2025 09:29:19 America/Montevideo] PHP Notice:  Undefined variable: query in C:\xampp\htdocs\orderNet\src\class\defaultclass\users.php on line 78
[27-Feb-2025 09:29:19 America/Montevideo] PHP Warning:  call_user_func_array() expects parameter 1 to be a valid callback, first array member is not a valid class name or object in C:\xampp\htdocs\orderNet\src\connection\open_connection.php on line 59
[27-Feb-2025 09:30:01 America/Montevideo] PHP Warning:  Creating default object from empty value in C:\xampp\htdocs\orderNet\src\class\defaultclass\users.php on line 417
[27-Feb-2025 09:30:01 America/Montevideo] PHP Notice:  Undefined variable: query in C:\xampp\htdocs\orderNet\src\class\defaultclass\users.php on line 78
[27-Feb-2025 09:30:01 America/Montevideo] PHP Warning:  call_user_func_array() expects parameter 1 to be a valid callback, first array member is not a valid class name or object in C:\xampp\htdocs\orderNet\src\connection\open_connection.php on line 59
[27-Feb-2025 09:30:01 America/Montevideo] PHP Warning:  Creating default object from empty value in C:\xampp\htdocs\orderNet\src\class\defaultclass\users.php on line 387
[27-Feb-2025 09:30:02 America/Montevideo] PHP Warning:  Creating default object from empty value in C:\xampp\htdocs\orderNet\src\class\defaultclass\users.php on line 417
[27-Feb-2025 09:30:02 America/Montevideo] PHP Notice:  Undefined variable: query in C:\xampp\htdocs\orderNet\src\class\defaultclass\users.php on line 78
[27-Feb-2025 09:30:02 America/Montevideo] PHP Warning:  call_user_func_array() expects parameter 1 to be a valid callback, first array member is not a valid class name or object in C:\xampp\htdocs\orderNet\src\connection\open_connection.php on line 59
[27-Feb-2025 09:30:03 America/Montevideo] PHP Warning:  Creating default object from empty value in C:\xampp\htdocs\orderNet\src\class\defaultclass\users.php on line 417
[27-Feb-2025 09:30:03 America/Montevideo] PHP Notice:  Undefined variable: query in C:\xampp\htdocs\orderNet\src\class\defaultclass\users.php on line 78
[27-Feb-2025 09:30:03 America/Montevideo] PHP Warning:  call_user_func_array() expects parameter 1 to be a valid callback, first array member is not a valid class name or object in C:\xampp\htdocs\orderNet\src\connection\open_connection.php on line 59
[27-Feb-2025 09:31:32 America/Montevideo] PHP Warning:  Creating default object from empty value in C:\xampp\htdocs\orderNet\src\class\defaultclass\users.php on line 417
[27-Feb-2025 09:31:32 America/Montevideo] PHP Notice:  Undefined variable: query in C:\xampp\htdocs\orderNet\src\class\defaultclass\users.php on line 78
[27-Feb-2025 09:31:32 America/Montevideo] PHP Warning:  call_user_func_array() expects parameter 1 to be a valid callback, first array member is not a valid class name or object in C:\xampp\htdocs\orderNet\src\connection\open_connection.php on line 59
[27-Feb-2025 09:31:33 America/Montevideo] PHP Warning:  Creating default object from empty value in C:\xampp\htdocs\orderNet\src\class\defaultclass\users.php on line 387
[27-Feb-2025 09:31:34 America/Montevideo] PHP Warning:  Creating default object from empty value in C:\xampp\htdocs\orderNet\src\class\defaultclass\users.php on line 417
[27-Feb-2025 09:31:34 America/Montevideo] PHP Notice:  Undefined variable: query in C:\xampp\htdocs\orderNet\src\class\defaultclass\users.php on line 78
[27-Feb-2025 09:31:34 America/Montevideo] PHP Warning:  call_user_func_array() expects parameter 1 to be a valid callback, first array member is not a valid class name or object in C:\xampp\htdocs\orderNet\src\connection\open_connection.php on line 59
[27-Feb-2025 09:32:59 America/Montevideo] PHP Warning:  Creating default object from empty value in C:\xampp\htdocs\orderNet\src\class\defaultclass\users.php on line 417
[27-Feb-2025 09:32:59 America/Montevideo] PHP Notice:  Undefined variable: query in C:\xampp\htdocs\orderNet\src\class\defaultclass\users.php on line 78
[27-Feb-2025 09:32:59 America/Montevideo] PHP Warning:  call_user_func_array() expects parameter 1 to be a valid callback, first array member is not a valid class name or object in C:\xampp\htdocs\orderNet\src\connection\open_connection.php on line 59
[27-Feb-2025 09:32:59 America/Montevideo] PHP Warning:  Creating default object from empty value in C:\xampp\htdocs\orderNet\src\class\defaultclass\users.php on line 387
[27-Feb-2025 09:33:02 America/Montevideo] PHP Warning:  Creating default object from empty value in C:\xampp\htdocs\orderNet\src\class\defaultclass\users.php on line 417
[27-Feb-2025 09:33:03 America/Montevideo] PHP Warning:  Creating default object from empty value in C:\xampp\htdocs\orderNet\src\class\defaultclass\users.php on line 417
[27-Feb-2025 09:33:33 America/Montevideo] PHP Warning:  Creating default object from empty value in C:\xampp\htdocs\orderNet\src\class\defaultclass\users.php on line 417
[27-Feb-2025 09:33:34 America/Montevideo] PHP Warning:  Creating default object from empty value in C:\xampp\htdocs\orderNet\src\class\defaultclass\users.php on line 387
[27-Feb-2025 09:33:35 America/Montevideo] PHP Warning:  Creating default object from empty value in C:\xampp\htdocs\orderNet\src\class\defaultclass\users.php on line 417
[27-Feb-2025 09:33:35 America/Montevideo] PHP Notice:  Undefined variable: query in C:\xampp\htdocs\orderNet\src\class\defaultclass\users.php on line 78
[27-Feb-2025 09:33:35 America/Montevideo] PHP Warning:  call_user_func_array() expects parameter 1 to be a valid callback, first array member is not a valid class name or object in C:\xampp\htdocs\orderNet\src\connection\open_connection.php on line 59
[27-Feb-2025 09:33:37 America/Montevideo] PHP Warning:  Creating default object from empty value in C:\xampp\htdocs\orderNet\src\class\defaultclass\users.php on line 417
[27-Feb-2025 09:33:37 America/Montevideo] PHP Notice:  Undefined variable: query in C:\xampp\htdocs\orderNet\src\class\defaultclass\users.php on line 78
[27-Feb-2025 09:33:37 America/Montevideo] PHP Warning:  call_user_func_array() expects parameter 1 to be a valid callback, first array member is not a valid class name or object in C:\xampp\htdocs\orderNet\src\connection\open_connection.php on line 59
[27-Feb-2025 09:35:24 America/Montevideo] PHP Warning:  Creating default object from empty value in C:\xampp\htdocs\orderNet\src\class\defaultclass\users.php on line 387
[27-Feb-2025 09:35:26 America/Montevideo] PHP Warning:  Creating default object from empty value in C:\xampp\htdocs\orderNet\src\class\defaultclass\users.php on line 417
[27-Feb-2025 09:36:02 America/Montevideo] PHP Warning:  Creating default object from empty value in C:\xampp\htdocs\orderNet\src\class\defaultclass\users.php on line 387
[27-Feb-2025 09:36:03 America/Montevideo] PHP Warning:  Creating default object from empty value in C:\xampp\htdocs\orderNet\src\class\defaultclass\users.php on line 417
[27-Feb-2025 09:36:07 America/Montevideo] PHP Warning:  Creating default object from empty value in C:\xampp\htdocs\orderNet\src\class\defaultclass\users.php on line 417
[27-Feb-2025 09:36:10 America/Montevideo] PHP Warning:  Creating default object from empty value in C:\xampp\htdocs\orderNet\src\class\defaultclass\users.php on line 417
[27-Feb-2025 09:36:11 America/Montevideo] PHP Warning:  Creating default object from empty value in C:\xampp\htdocs\orderNet\src\class\defaultclass\users.php on line 417
[27-Feb-2025 09:36:14 America/Montevideo] PHP Warning:  Creating default object from empty value in C:\xampp\htdocs\orderNet\src\class\defaultclass\users.php on line 417
[27-Feb-2025 09:36:18 America/Montevideo] PHP Warning:  Creating default object from empty value in C:\xampp\htdocs\orderNet\src\class\defaultclass\users.php on line 417
[27-Feb-2025 09:36:20 America/Montevideo] PHP Warning:  Creating default object from empty value in C:\xampp\htdocs\orderNet\src\class\defaultclass\users.php on line 417
[27-Feb-2025 09:37:30 America/Montevideo] PHP Warning:  Creating default object from empty value in C:\xampp\htdocs\orderNet\src\class\defaultclass\users.php on line 387
[27-Feb-2025 09:37:33 America/Montevideo] PHP Warning:  Creating default object from empty value in C:\xampp\htdocs\orderNet\src\class\defaultclass\users.php on line 417
[27-Feb-2025 09:51:42 America/Montevideo] PHP Warning:  Creating default object from empty value in C:\xampp\htdocs\orderNet\src\class\defaultclass\users.php on line 417
[27-Feb-2025 09:52:22 America/Montevideo] PHP Warning:  Creating default object from empty value in C:\xampp\htdocs\orderNet\src\class\defaultclass\users.php on line 387
[27-Feb-2025 09:52:29 America/Montevideo] PHP Warning:  Creating default object from empty value in C:\xampp\htdocs\orderNet\src\class\defaultclass\users.php on line 417
[27-Feb-2025 09:53:59 America/Montevideo] PHP Warning:  Creating default object from empty value in C:\xampp\htdocs\orderNet\src\class\defaultclass\users.php on line 417
[27-Feb-2025 09:54:46 America/Montevideo] PHP Warning:  Creating default object from empty value in C:\xampp\htdocs\orderNet\src\class\defaultclass\users.php on line 417
[27-Feb-2025 10:02:17 America/Montevideo] PHP Warning:  Creating default object from empty value in C:\xampp\htdocs\orderNet\src\class\defaultclass\users.php on line 387
[27-Feb-2025 10:02:21 America/Montevideo] PHP Warning:  Creating default object from empty value in C:\xampp\htdocs\orderNet\src\class\defaultclass\users.php on line 417
[27-Feb-2025 10:07:51 America/Montevideo] PHP Warning:  Creating default object from empty value in C:\xampp\htdocs\orderNet\src\class\defaultclass\users.php on line 387
[27-Feb-2025 10:07:53 America/Montevideo] PHP Warning:  Creating default object from empty value in C:\xampp\htdocs\orderNet\src\class\defaultclass\users.php on line 417
[27-Feb-2025 10:08:26 America/Montevideo] PHP Warning:  Creating default object from empty value in C:\xampp\htdocs\orderNet\src\class\defaultclass\users.php on line 387
[27-Feb-2025 10:08:27 America/Montevideo] PHP Warning:  Creating default object from empty value in C:\xampp\htdocs\orderNet\src\class\defaultclass\users.php on line 417
[27-Feb-2025 10:09:56 America/Montevideo] PHP Warning:  Creating default object from empty value in C:\xampp\htdocs\orderNet\src\class\defaultclass\users.php on line 387
[27-Feb-2025 10:09:57 America/Montevideo] PHP Warning:  Creating default object from empty value in C:\xampp\htdocs\orderNet\src\class\defaultclass\users.php on line 417
[27-Feb-2025 10:09:59 America/Montevideo] PHP Warning:  Creating default object from empty value in C:\xampp\htdocs\orderNet\src\class\defaultclass\users.php on line 417
[27-Feb-2025 10:10:10 America/Montevideo] PHP Warning:  Creating default object from empty value in C:\xampp\htdocs\orderNet\src\class\defaultclass\users.php on line 417
[27-Feb-2025 10:15:08 America/Montevideo] PHP Warning:  Creating default object from empty value in C:\xampp\htdocs\orderNet\src\class\defaultclass\users.php on line 417
[27-Feb-2025 10:15:10 America/Montevideo] PHP Warning:  Creating default object from empty value in C:\xampp\htdocs\orderNet\src\class\defaultclass\users.php on line 417
[27-Feb-2025 10:15:13 America/Montevideo] PHP Warning:  Creating default object from empty value in C:\xampp\htdocs\orderNet\src\class\defaultclass\users.php on line 417
[27-Feb-2025 10:15:14 America/Montevideo] PHP Warning:  Creating default object from empty value in C:\xampp\htdocs\orderNet\src\class\defaultclass\users.php on line 417
[27-Feb-2025 10:15:17 America/Montevideo] PHP Warning:  Creating default object from empty value in C:\xampp\htdocs\orderNet\src\class\defaultclass\users.php on line 417
[27-Feb-2025 10:15:58 America/Montevideo] PHP Warning:  Creating default object from empty value in C:\xampp\htdocs\orderNet\src\class\defaultclass\users.php on line 387
[27-Feb-2025 10:16:00 America/Montevideo] PHP Warning:  Creating default object from empty value in C:\xampp\htdocs\orderNet\src\class\defaultclass\users.php on line 417
[27-Feb-2025 10:16:12 America/Montevideo] PHP Warning:  Creating default object from empty value in C:\xampp\htdocs\orderNet\src\class\defaultclass\users.php on line 417
[27-Feb-2025 10:16:13 America/Montevideo] PHP Warning:  Creating default object from empty value in C:\xampp\htdocs\orderNet\src\class\defaultclass\users.php on line 387
[27-Feb-2025 10:16:14 America/Montevideo] PHP Warning:  Creating default object from empty value in C:\xampp\htdocs\orderNet\src\class\defaultclass\users.php on line 417
[27-Feb-2025 10:16:21 America/Montevideo] PHP Warning:  Creating default object from empty value in C:\xampp\htdocs\orderNet\src\class\defaultclass\users.php on line 387
[27-Feb-2025 10:16:22 America/Montevideo] PHP Warning:  Creating default object from empty value in C:\xampp\htdocs\orderNet\src\class\defaultclass\users.php on line 417
[27-Feb-2025 10:16:25 America/Montevideo] PHP Warning:  Creating default object from empty value in C:\xampp\htdocs\orderNet\src\class\defaultclass\users.php on line 417
[27-Feb-2025 10:16:27 America/Montevideo] PHP Warning:  Creating default object from empty value in C:\xampp\htdocs\orderNet\src\class\defaultclass\users.php on line 417
[27-Feb-2025 10:16:31 America/Montevideo] PHP Warning:  Creating default object from empty value in C:\xampp\htdocs\orderNet\src\class\defaultclass\users.php on line 417
[27-Feb-2025 10:16:33 America/Montevideo] PHP Warning:  Creating default object from empty value in C:\xampp\htdocs\orderNet\src\class\defaultclass\users.php on line 417
[27-Feb-2025 10:18:35 America/Montevideo] PHP Warning:  Creating default object from empty value in C:\xampp\htdocs\orderNet\src\class\defaultclass\users.php on line 387
[27-Feb-2025 10:18:36 America/Montevideo] PHP Warning:  Creating default object from empty value in C:\xampp\htdocs\orderNet\src\class\defaultclass\users.php on line 417
[27-Feb-2025 10:18:46 America/Montevideo] PHP Warning:  Creating default object from empty value in C:\xampp\htdocs\orderNet\src\class\defaultclass\users.php on line 387
[27-Feb-2025 10:18:47 America/Montevideo] PHP Warning:  Creating default object from empty value in C:\xampp\htdocs\orderNet\src\class\defaultclass\users.php on line 417
[27-Feb-2025 10:19:09 America/Montevideo] PHP Warning:  Creating default object from empty value in C:\xampp\htdocs\orderNet\src\class\defaultclass\users.php on line 387
[27-Feb-2025 10:19:10 America/Montevideo] PHP Warning:  Creating default object from empty value in C:\xampp\htdocs\orderNet\src\class\defaultclass\users.php on line 417
[27-Feb-2025 10:21:10 America/Montevideo] PHP Warning:  Creating default object from empty value in C:\xampp\htdocs\orderNet\src\class\defaultclass\users.php on line 387
[27-Feb-2025 10:21:11 America/Montevideo] PHP Warning:  Creating default object from empty value in C:\xampp\htdocs\orderNet\src\class\defaultclass\users.php on line 417
[27-Feb-2025 10:23:10 America/Montevideo] PHP Warning:  Creating default object from empty value in C:\xampp\htdocs\orderNet\src\class\defaultclass\users.php on line 387
[27-Feb-2025 10:23:12 America/Montevideo] PHP Warning:  Creating default object from empty value in C:\xampp\htdocs\orderNet\src\class\defaultclass\users.php on line 417
[27-Feb-2025 10:23:56 America/Montevideo] PHP Warning:  Creating default object from empty value in C:\xampp\htdocs\orderNet\src\class\defaultclass\users.php on line 387
[27-Feb-2025 10:23:58 America/Montevideo] PHP Warning:  Creating default object from empty value in C:\xampp\htdocs\orderNet\src\class\defaultclass\users.php on line 417
[27-Feb-2025 10:24:22 America/Montevideo] PHP Warning:  Creating default object from empty value in C:\xampp\htdocs\orderNet\src\class\defaultclass\users.php on line 387
[27-Feb-2025 10:24:22 America/Montevideo] PHP Warning:  Creating default object from empty value in C:\xampp\htdocs\orderNet\src\class\defaultclass\users.php on line 417
[27-Feb-2025 10:24:54 America/Montevideo] PHP Warning:  Creating default object from empty value in C:\xampp\htdocs\orderNet\src\class\defaultclass\users.php on line 387
[27-Feb-2025 10:24:56 America/Montevideo] PHP Warning:  Creating default object from empty value in C:\xampp\htdocs\orderNet\src\class\defaultclass\users.php on line 417
[27-Feb-2025 10:25:30 America/Montevideo] PHP Warning:  Creating default object from empty value in C:\xampp\htdocs\orderNet\src\class\defaultclass\users.php on line 387
[27-Feb-2025 10:25:31 America/Montevideo] PHP Warning:  Creating default object from empty value in C:\xampp\htdocs\orderNet\src\class\defaultclass\users.php on line 417
[27-Feb-2025 10:25:57 America/Montevideo] PHP Warning:  Creating default object from empty value in C:\xampp\htdocs\orderNet\src\class\defaultclass\users.php on line 387
[27-Feb-2025 10:25:58 America/Montevideo] PHP Warning:  Creating default object from empty value in C:\xampp\htdocs\orderNet\src\class\defaultclass\users.php on line 417
[27-Feb-2025 10:26:29 America/Montevideo] PHP Warning:  Creating default object from empty value in C:\xampp\htdocs\orderNet\src\class\defaultclass\users.php on line 387
[27-Feb-2025 10:26:30 America/Montevideo] PHP Warning:  Creating default object from empty value in C:\xampp\htdocs\orderNet\src\class\defaultclass\users.php on line 417
[27-Feb-2025 10:26:48 America/Montevideo] PHP Warning:  Creating default object from empty value in C:\xampp\htdocs\orderNet\src\class\defaultclass\users.php on line 387
[27-Feb-2025 10:26:49 America/Montevideo] PHP Warning:  Creating default object from empty value in C:\xampp\htdocs\orderNet\src\class\defaultclass\users.php on line 417
[27-Feb-2025 10:27:17 America/Montevideo] PHP Warning:  Creating default object from empty value in C:\xampp\htdocs\orderNet\src\class\defaultclass\users.php on line 387
[27-Feb-2025 10:27:18 America/Montevideo] PHP Warning:  Creating default object from empty value in C:\xampp\htdocs\orderNet\src\class\defaultclass\users.php on line 417
[27-Feb-2025 10:27:53 America/Montevideo] PHP Warning:  Creating default object from empty value in C:\xampp\htdocs\orderNet\src\class\defaultclass\users.php on line 387
[27-Feb-2025 10:27:55 America/Montevideo] PHP Warning:  Creating default object from empty value in C:\xampp\htdocs\orderNet\src\class\defaultclass\users.php on line 417
[27-Feb-2025 10:28:30 America/Montevideo] PHP Warning:  Creating default object from empty value in C:\xampp\htdocs\orderNet\src\class\defaultclass\users.php on line 417
[27-Feb-2025 10:32:06 America/Montevideo] PHP Warning:  Creating default object from empty value in C:\xampp\htdocs\orderNet\src\class\defaultclass\users.php on line 387
[27-Feb-2025 10:32:08 America/Montevideo] PHP Warning:  Creating default object from empty value in C:\xampp\htdocs\orderNet\src\class\defaultclass\users.php on line 417
[27-Feb-2025 10:33:13 America/Montevideo] PHP Warning:  Creating default object from empty value in C:\xampp\htdocs\orderNet\src\class\defaultclass\users.php on line 387
[27-Feb-2025 10:33:14 America/Montevideo] PHP Warning:  Creating default object from empty value in C:\xampp\htdocs\orderNet\src\class\defaultclass\users.php on line 417
[27-Feb-2025 10:33:16 America/Montevideo] PHP Warning:  Creating default object from empty value in C:\xampp\htdocs\orderNet\src\class\defaultclass\users.php on line 417
[27-Feb-2025 10:35:14 America/Montevideo] PHP Warning:  Creating default object from empty value in C:\xampp\htdocs\orderNet\src\class\defaultclass\users.php on line 417
[27-Feb-2025 10:35:23 America/Montevideo] PHP Warning:  Creating default object from empty value in C:\xampp\htdocs\orderNet\src\class\defaultclass\users.php on line 417
[27-Feb-2025 10:35:34 America/Montevideo] PHP Warning:  Creating default object from empty value in C:\xampp\htdocs\orderNet\src\class\defaultclass\users.php on line 417
[27-Feb-2025 10:43:38 America/Montevideo] PHP Warning:  Creating default object from empty value in C:\xampp\htdocs\orderNet\src\class\defaultclass\users.php on line 387
[27-Feb-2025 10:43:40 America/Montevideo] PHP Warning:  Creating default object from empty value in C:\xampp\htdocs\orderNet\src\class\defaultclass\users.php on line 417
[27-Feb-2025 10:44:11 America/Montevideo] PHP Warning:  Creating default object from empty value in C:\xampp\htdocs\orderNet\src\class\defaultclass\users.php on line 387
[27-Feb-2025 10:44:12 America/Montevideo] PHP Warning:  Creating default object from empty value in C:\xampp\htdocs\orderNet\src\class\defaultclass\users.php on line 417
[27-Feb-2025 10:44:40 America/Montevideo] PHP Warning:  Creating default object from empty value in C:\xampp\htdocs\orderNet\src\class\defaultclass\users.php on line 387
[27-Feb-2025 10:44:41 America/Montevideo] PHP Warning:  Creating default object from empty value in C:\xampp\htdocs\orderNet\src\class\defaultclass\users.php on line 417
[27-Feb-2025 10:46:17 America/Montevideo] PHP Warning:  Creating default object from empty value in C:\xampp\htdocs\orderNet\src\class\defaultclass\users.php on line 387
[27-Feb-2025 10:46:18 America/Montevideo] PHP Warning:  Creating default object from empty value in C:\xampp\htdocs\orderNet\src\class\defaultclass\users.php on line 417
[27-Feb-2025 10:46:49 America/Montevideo] PHP Warning:  Creating default object from empty value in C:\xampp\htdocs\orderNet\src\class\defaultclass\users.php on line 387
[27-Feb-2025 10:46:50 America/Montevideo] PHP Warning:  Creating default object from empty value in C:\xampp\htdocs\orderNet\src\class\defaultclass\users.php on line 417
[27-Feb-2025 10:49:57 America/Montevideo] PHP Warning:  Creating default object from empty value in C:\xampp\htdocs\orderNet\src\class\defaultclass\users.php on line 417
[27-Feb-2025 11:06:29 America/Montevideo] PHP Warning:  Creating default object from empty value in C:\xampp\htdocs\orderNet\src\class\defaultclass\users.php on line 387
[27-Feb-2025 11:06:29 America/Montevideo] PHP Warning:  Creating default object from empty value in C:\xampp\htdocs\orderNet\src\class\defaultclass\users.php on line 417
[27-Feb-2025 11:10:00 America/Montevideo] PHP Warning:  Creating default object from empty value in C:\xampp\htdocs\orderNet\src\class\defaultclass\users.php on line 387
[27-Feb-2025 11:10:01 America/Montevideo] PHP Warning:  Creating default object from empty value in C:\xampp\htdocs\orderNet\src\class\defaultclass\users.php on line 417
[27-Feb-2025 11:19:58 America/Montevideo] PHP Warning:  Creating default object from empty value in C:\xampp\htdocs\orderNet\src\class\defaultclass\users.php on line 387
[27-Feb-2025 11:20:00 America/Montevideo] PHP Warning:  Creating default object from empty value in C:\xampp\htdocs\orderNet\src\class\defaultclass\users.php on line 417
[27-Feb-2025 11:20:08 America/Montevideo] PHP Notice:  Undefined index: detalle in C:\xampp\htdocs\orderNet\src\routes\routes_users.php on line 300
[27-Feb-2025 11:20:08 America/Montevideo] PHP Notice:  Undefined index: codigo in C:\xampp\htdocs\orderNet\src\routes\routes_users.php on line 301
[27-Feb-2025 11:20:08 America/Montevideo] PHP Notice:  Undefined index: marca in C:\xampp\htdocs\orderNet\src\routes\routes_users.php on line 302
[27-Feb-2025 11:20:08 America/Montevideo] PHP Notice:  Undefined variable: nombre in C:\xampp\htdocs\orderNet\src\controllers\ctr_users.php on line 195
[27-Feb-2025 11:20:08 America/Montevideo] PHP Notice:  Undefined variable: rut in C:\xampp\htdocs\orderNet\src\controllers\ctr_users.php on line 195
[27-Feb-2025 11:20:08 America/Montevideo] PHP Notice:  Undefined variable: idProvider in C:\xampp\htdocs\orderNet\src\controllers\ctr_users.php on line 195
[27-Feb-2025 11:20:53 America/Montevideo] PHP Warning:  Creating default object from empty value in C:\xampp\htdocs\orderNet\src\class\defaultclass\users.php on line 387
[27-Feb-2025 11:20:55 America/Montevideo] PHP Warning:  Creating default object from empty value in C:\xampp\htdocs\orderNet\src\class\defaultclass\users.php on line 417
[27-Feb-2025 11:20:58 America/Montevideo] PHP Notice:  Undefined index: detalle in C:\xampp\htdocs\orderNet\src\routes\routes_users.php on line 300
[27-Feb-2025 11:20:58 America/Montevideo] PHP Notice:  Undefined index: codigo in C:\xampp\htdocs\orderNet\src\routes\routes_users.php on line 301
[27-Feb-2025 11:20:58 America/Montevideo] PHP Notice:  Undefined index: marca in C:\xampp\htdocs\orderNet\src\routes\routes_users.php on line 302
[27-Feb-2025 11:20:58 America/Montevideo] PHP Notice:  Undefined variable: nombre in C:\xampp\htdocs\orderNet\src\controllers\ctr_users.php on line 195
[27-Feb-2025 11:20:58 America/Montevideo] PHP Notice:  Undefined variable: rut in C:\xampp\htdocs\orderNet\src\controllers\ctr_users.php on line 195
[27-Feb-2025 11:20:58 America/Montevideo] PHP Notice:  Undefined variable: idProvider in C:\xampp\htdocs\orderNet\src\controllers\ctr_users.php on line 195
[27-Feb-2025 11:21:47 America/Montevideo] PHP Warning:  Creating default object from empty value in C:\xampp\htdocs\orderNet\src\class\defaultclass\users.php on line 387
[27-Feb-2025 11:21:48 America/Montevideo] PHP Warning:  Creating default object from empty value in C:\xampp\htdocs\orderNet\src\class\defaultclass\users.php on line 417
[27-Feb-2025 11:21:50 America/Montevideo] PHP Notice:  Undefined variable: nombre in C:\xampp\htdocs\orderNet\src\controllers\ctr_users.php on line 207
[27-Feb-2025 11:21:50 America/Montevideo] PHP Notice:  Undefined variable: rut in C:\xampp\htdocs\orderNet\src\controllers\ctr_users.php on line 207
[27-Feb-2025 11:21:50 America/Montevideo] PHP Notice:  Undefined variable: idProvider in C:\xampp\htdocs\orderNet\src\controllers\ctr_users.php on line 207
[27-Feb-2025 11:24:30 America/Montevideo] PHP Warning:  Creating default object from empty value in C:\xampp\htdocs\orderNet\src\class\defaultclass\users.php on line 387
[27-Feb-2025 11:24:32 America/Montevideo] PHP Warning:  Creating default object from empty value in C:\xampp\htdocs\orderNet\src\class\defaultclass\users.php on line 417
[27-Feb-2025 11:31:37 America/Montevideo] PHP Warning:  Creating default object from empty value in C:\xampp\htdocs\orderNet\src\class\defaultclass\users.php on line 387
[27-Feb-2025 11:31:39 America/Montevideo] PHP Warning:  Creating default object from empty value in C:\xampp\htdocs\orderNet\src\class\defaultclass\users.php on line 417
[27-Feb-2025 11:31:40 America/Montevideo] PHP Notice:  Trying to get property 'id' of non-object in C:\xampp\htdocs\orderNet\src\controllers\ctr_users.php on line 202
[27-Feb-2025 11:32:50 America/Montevideo] PHP Warning:  Creating default object from empty value in C:\xampp\htdocs\orderNet\src\class\defaultclass\users.php on line 387
[27-Feb-2025 11:32:52 America/Montevideo] PHP Warning:  Creating default object from empty value in C:\xampp\htdocs\orderNet\src\class\defaultclass\users.php on line 417
[27-Feb-2025 11:32:53 America/Montevideo] PHP Notice:  Trying to get property 'id' of non-object in C:\xampp\htdocs\orderNet\src\controllers\ctr_users.php on line 202
[27-Feb-2025 11:33:11 America/Montevideo] PHP Warning:  Creating default object from empty value in C:\xampp\htdocs\orderNet\src\class\defaultclass\users.php on line 387
[27-Feb-2025 11:33:13 America/Montevideo] PHP Warning:  Creating default object from empty value in C:\xampp\htdocs\orderNet\src\class\defaultclass\users.php on line 417
[27-Feb-2025 11:33:33 America/Montevideo] PHP Warning:  Creating default object from empty value in C:\xampp\htdocs\orderNet\src\class\defaultclass\users.php on line 387
[27-Feb-2025 11:33:35 America/Montevideo] PHP Warning:  Creating default object from empty value in C:\xampp\htdocs\orderNet\src\class\defaultclass\users.php on line 417
[27-Feb-2025 15:29:31 America/Montevideo] PHP Warning:  Creating default object from empty value in C:\xampp\htdocs\orderNet\src\class\defaultclass\users.php on line 245
[27-Feb-2025 15:29:33 America/Montevideo] PHP Warning:  Creating default object from empty value in C:\xampp\htdocs\orderNet\src\class\defaultclass\users.php on line 124
[27-Feb-2025 15:29:34 America/Montevideo] PHP Warning:  Creating default object from empty value in C:\xampp\htdocs\orderNet\src\class\defaultclass\users.php on line 327
[27-Feb-2025 15:29:36 America/Montevideo] PHP Warning:  Creating default object from empty value in C:\xampp\htdocs\orderNet\src\class\defaultclass\users.php on line 265
[27-Feb-2025 15:29:46 America/Montevideo] PHP Warning:  Creating default object from empty value in C:\xampp\htdocs\orderNet\src\class\defaultclass\users.php on line 387
[27-Feb-2025 15:29:47 America/Montevideo] PHP Warning:  Creating default object from empty value in C:\xampp\htdocs\orderNet\src\class\defaultclass\users.php on line 417
[27-Feb-2025 15:30:55 America/Montevideo] PHP Warning:  Creating default object from empty value in C:\xampp\htdocs\orderNet\src\class\defaultclass\users.php on line 387
[27-Feb-2025 15:30:58 America/Montevideo] PHP Warning:  Creating default object from empty value in C:\xampp\htdocs\orderNet\src\class\defaultclass\users.php on line 417
[27-Feb-2025 15:32:03 America/Montevideo] PHP Warning:  Creating default object from empty value in C:\xampp\htdocs\orderNet\src\class\defaultclass\users.php on line 387
[27-Feb-2025 15:32:04 America/Montevideo] PHP Warning:  Creating default object from empty value in C:\xampp\htdocs\orderNet\src\class\defaultclass\users.php on line 417
[27-Feb-2025 15:32:40 America/Montevideo] PHP Warning:  Creating default object from empty value in C:\xampp\htdocs\orderNet\src\class\defaultclass\users.php on line 387
[27-Feb-2025 15:32:42 America/Montevideo] PHP Warning:  Creating default object from empty value in C:\xampp\htdocs\orderNet\src\class\defaultclass\users.php on line 417
[27-Feb-2025 15:33:01 America/Montevideo] PHP Warning:  Creating default object from empty value in C:\xampp\htdocs\orderNet\src\class\defaultclass\users.php on line 387
[27-Feb-2025 15:33:02 America/Montevideo] PHP Warning:  Creating default object from empty value in C:\xampp\htdocs\orderNet\src\class\defaultclass\users.php on line 417
[27-Feb-2025 15:34:54 America/Montevideo] PHP Warning:  Creating default object from empty value in C:\xampp\htdocs\orderNet\src\class\defaultclass\users.php on line 387
[27-Feb-2025 15:34:56 America/Montevideo] PHP Warning:  Creating default object from empty value in C:\xampp\htdocs\orderNet\src\class\defaultclass\users.php on line 417
[27-Feb-2025 15:34:59 America/Montevideo] PHP Warning:  Creating default object from empty value in C:\xampp\htdocs\orderNet\src\class\defaultclass\users.php on line 417
[27-Feb-2025 15:35:05 America/Montevideo] PHP Warning:  Creating default object from empty value in C:\xampp\htdocs\orderNet\src\class\defaultclass\users.php on line 417
[27-Feb-2025 15:35:10 America/Montevideo] PHP Warning:  Creating default object from empty value in C:\xampp\htdocs\orderNet\src\class\defaultclass\users.php on line 417
[27-Feb-2025 15:35:14 America/Montevideo] PHP Warning:  Creating default object from empty value in C:\xampp\htdocs\orderNet\src\class\defaultclass\users.php on line 417
[27-Feb-2025 15:36:00 America/Montevideo] PHP Warning:  Creating default object from empty value in C:\xampp\htdocs\orderNet\src\class\defaultclass\users.php on line 387
[27-Feb-2025 15:36:01 America/Montevideo] PHP Warning:  Creating default object from empty value in C:\xampp\htdocs\orderNet\src\class\defaultclass\users.php on line 417
[27-Feb-2025 15:37:24 America/Montevideo] PHP Warning:  Creating default object from empty value in C:\xampp\htdocs\orderNet\src\class\defaultclass\users.php on line 387
[27-Feb-2025 15:37:25 America/Montevideo] PHP Warning:  Creating default object from empty value in C:\xampp\htdocs\orderNet\src\class\defaultclass\users.php on line 417
[27-Feb-2025 15:44:25 America/Montevideo] PHP Warning:  Creating default object from empty value in C:\xampp\htdocs\orderNet\src\class\defaultclass\users.php on line 387
[27-Feb-2025 15:44:28 America/Montevideo] PHP Warning:  Creating default object from empty value in C:\xampp\htdocs\orderNet\src\class\defaultclass\users.php on line 417
[27-Feb-2025 15:44:37 America/Montevideo] PHP Warning:  Creating default object from empty value in C:\xampp\htdocs\orderNet\src\class\defaultclass\users.php on line 387
[27-Feb-2025 15:44:38 America/Montevideo] PHP Warning:  Creating default object from empty value in C:\xampp\htdocs\orderNet\src\class\defaultclass\users.php on line 417
[27-Feb-2025 16:04:56 America/Montevideo] PHP Warning:  Creating default object from empty value in C:\xampp\htdocs\orderNet\src\class\defaultclass\users.php on line 393
[27-Feb-2025 16:04:58 America/Montevideo] PHP Warning:  Creating default object from empty value in C:\xampp\htdocs\orderNet\src\class\defaultclass\users.php on line 423
[27-Feb-2025 16:18:55 America/Montevideo] PHP Warning:  Creating default object from empty value in C:\xampp\htdocs\orderNet\src\class\defaultclass\users.php on line 407
[27-Feb-2025 16:20:33 America/Montevideo] PHP Warning:  Creating default object from empty value in C:\xampp\htdocs\orderNet\src\class\defaultclass\users.php on line 407
[27-Feb-2025 16:20:36 America/Montevideo] PHP Warning:  Creating default object from empty value in C:\xampp\htdocs\orderNet\src\class\defaultclass\users.php on line 437
[27-Feb-2025 16:20:42 America/Montevideo] PHP Warning:  Creating default object from empty value in C:\xampp\htdocs\orderNet\src\class\defaultclass\users.php on line 407
[27-Feb-2025 16:20:43 America/Montevideo] PHP Warning:  Creating default object from empty value in C:\xampp\htdocs\orderNet\src\class\defaultclass\users.php on line 437
[27-Feb-2025 16:20:51 America/Montevideo] PHP Warning:  Creating default object from empty value in C:\xampp\htdocs\orderNet\src\class\defaultclass\users.php on line 407
[27-Feb-2025 16:20:54 America/Montevideo] PHP Warning:  Creating default object from empty value in C:\xampp\htdocs\orderNet\src\class\defaultclass\users.php on line 437
[27-Feb-2025 16:21:22 America/Montevideo] PHP Warning:  Creating default object from empty value in C:\xampp\htdocs\orderNet\src\class\defaultclass\users.php on line 407
[27-Feb-2025 16:21:24 America/Montevideo] PHP Warning:  Creating default object from empty value in C:\xampp\htdocs\orderNet\src\class\defaultclass\users.php on line 437
[27-Feb-2025 16:21:31 America/Montevideo] PHP Warning:  Creating default object from empty value in C:\xampp\htdocs\orderNet\src\class\defaultclass\users.php on line 407
[27-Feb-2025 16:21:33 America/Montevideo] PHP Warning:  Creating default object from empty value in C:\xampp\htdocs\orderNet\src\class\defaultclass\users.php on line 437
[27-Feb-2025 16:32:16 America/Montevideo] PHP Warning:  Creating default object from empty value in C:\xampp\htdocs\orderNet\src\class\defaultclass\users.php on line 417
[27-Feb-2025 16:32:18 America/Montevideo] PHP Warning:  Creating default object from empty value in C:\xampp\htdocs\orderNet\src\class\defaultclass\users.php on line 447
[27-Feb-2025 16:32:36 America/Montevideo] PHP Warning:  Creating default object from empty value in C:\xampp\htdocs\orderNet\src\class\defaultclass\users.php on line 417
[27-Feb-2025 16:32:38 America/Montevideo] PHP Warning:  Creating default object from empty value in C:\xampp\htdocs\orderNet\src\class\defaultclass\users.php on line 447
[27-Feb-2025 16:32:47 America/Montevideo] PHP Warning:  Creating default object from empty value in C:\xampp\htdocs\orderNet\src\class\defaultclass\users.php on line 417
[27-Feb-2025 16:32:48 America/Montevideo] PHP Warning:  Creating default object from empty value in C:\xampp\htdocs\orderNet\src\class\defaultclass\users.php on line 447
[27-Feb-2025 16:32:58 America/Montevideo] PHP Warning:  Creating default object from empty value in C:\xampp\htdocs\orderNet\src\class\defaultclass\users.php on line 417
[27-Feb-2025 16:33:00 America/Montevideo] PHP Warning:  Creating default object from empty value in C:\xampp\htdocs\orderNet\src\class\defaultclass\users.php on line 447
[27-Feb-2025 16:33:03 America/Montevideo] PHP Warning:  Creating default object from empty value in C:\xampp\htdocs\orderNet\src\class\defaultclass\users.php on line 447
[27-Feb-2025 16:33:08 America/Montevideo] PHP Warning:  Creating default object from empty value in C:\xampp\htdocs\orderNet\src\class\defaultclass\users.php on line 447
[27-Feb-2025 16:33:14 America/Montevideo] PHP Warning:  Creating default object from empty value in C:\xampp\htdocs\orderNet\src\class\defaultclass\users.php on line 447
[27-Feb-2025 16:33:28 America/Montevideo] PHP Warning:  Creating default object from empty value in C:\xampp\htdocs\orderNet\src\class\defaultclass\users.php on line 417
[27-Feb-2025 16:33:30 America/Montevideo] PHP Warning:  Creating default object from empty value in C:\xampp\htdocs\orderNet\src\class\defaultclass\users.php on line 447
[27-Feb-2025 16:34:14 America/Montevideo] PHP Warning:  Creating default object from empty value in C:\xampp\htdocs\orderNet\src\class\defaultclass\users.php on line 417
[27-Feb-2025 16:34:16 America/Montevideo] PHP Warning:  Creating default object from empty value in C:\xampp\htdocs\orderNet\src\class\defaultclass\users.php on line 447
[27-Feb-2025 16:34:20 America/Montevideo] PHP Warning:  Creating default object from empty value in C:\xampp\htdocs\orderNet\src\class\defaultclass\users.php on line 447
[27-Feb-2025 16:34:25 America/Montevideo] PHP Warning:  Creating default object from empty value in C:\xampp\htdocs\orderNet\src\class\defaultclass\users.php on line 447
[27-Feb-2025 16:34:28 America/Montevideo] PHP Warning:  Creating default object from empty value in C:\xampp\htdocs\orderNet\src\class\defaultclass\users.php on line 447
[27-Feb-2025 16:34:33 America/Montevideo] PHP Warning:  Creating default object from empty value in C:\xampp\htdocs\orderNet\src\class\defaultclass\users.php on line 447
[27-Feb-2025 16:34:40 America/Montevideo] PHP Warning:  Creating default object from empty value in C:\xampp\htdocs\orderNet\src\class\defaultclass\users.php on line 417
[27-Feb-2025 16:34:42 America/Montevideo] PHP Warning:  Creating default object from empty value in C:\xampp\htdocs\orderNet\src\class\defaultclass\users.php on line 447
[27-Feb-2025 16:34:47 America/Montevideo] PHP Warning:  Creating default object from empty value in C:\xampp\htdocs\orderNet\src\class\defaultclass\users.php on line 417
[27-Feb-2025 16:42:18 America/Montevideo] PHP Warning:  Creating default object from empty value in C:\xampp\htdocs\orderNet\src\class\defaultclass\users.php on line 417
[27-Feb-2025 16:42:19 America/Montevideo] PHP Warning:  Creating default object from empty value in C:\xampp\htdocs\orderNet\src\class\defaultclass\users.php on line 447
[27-Feb-2025 16:43:08 America/Montevideo] PHP Warning:  Creating default object from empty value in C:\xampp\htdocs\orderNet\src\class\defaultclass\users.php on line 417
[27-Feb-2025 16:43:09 America/Montevideo] PHP Warning:  Creating default object from empty value in C:\xampp\htdocs\orderNet\src\class\defaultclass\users.php on line 447
[27-Feb-2025 16:46:50 America/Montevideo] PHP Warning:  Creating default object from empty value in C:\xampp\htdocs\orderNet\src\class\defaultclass\users.php on line 417
[27-Feb-2025 16:46:52 America/Montevideo] PHP Warning:  Creating default object from empty value in C:\xampp\htdocs\orderNet\src\class\defaultclass\users.php on line 447
[27-Feb-2025 16:46:55 America/Montevideo] PHP Warning:  Creating default object from empty value in C:\xampp\htdocs\orderNet\src\class\defaultclass\users.php on line 417
[27-Feb-2025 16:46:57 America/Montevideo] PHP Warning:  Creating default object from empty value in C:\xampp\htdocs\orderNet\src\class\defaultclass\users.php on line 447
[27-Feb-2025 16:47:05 America/Montevideo] PHP Warning:  Creating default object from empty value in C:\xampp\htdocs\orderNet\src\class\defaultclass\users.php on line 417
[27-Feb-2025 16:47:07 America/Montevideo] PHP Warning:  Creating default object from empty value in C:\xampp\htdocs\orderNet\src\class\defaultclass\users.php on line 447
[27-Feb-2025 16:47:10 America/Montevideo] PHP Warning:  Creating default object from empty value in C:\xampp\htdocs\orderNet\src\class\defaultclass\users.php on line 417
[27-Feb-2025 16:47:12 America/Montevideo] PHP Warning:  Creating default object from empty value in C:\xampp\htdocs\orderNet\src\class\defaultclass\users.php on line 447
[27-Feb-2025 16:47:15 America/Montevideo] PHP Warning:  Creating default object from empty value in C:\xampp\htdocs\orderNet\src\class\defaultclass\users.php on line 447
[27-Feb-2025 17:28:03 America/Montevideo] PHP Warning:  Creating default object from empty value in C:\xampp\htdocs\orderNet\src\class\defaultclass\users.php on line 447
[27-Feb-2025 17:36:44 America/Montevideo] PHP Warning:  Creating default object from empty value in C:\xampp\htdocs\orderNet\src\class\defaultclass\users.php on line 417
[27-Feb-2025 17:36:46 America/Montevideo] PHP Warning:  Creating default object from empty value in C:\xampp\htdocs\orderNet\src\class\defaultclass\users.php on line 447
[27-Feb-2025 17:36:51 America/Montevideo] PHP Warning:  Creating default object from empty value in C:\xampp\htdocs\orderNet\src\class\defaultclass\users.php on line 417
[27-Feb-2025 17:36:53 America/Montevideo] PHP Warning:  Creating default object from empty value in C:\xampp\htdocs\orderNet\src\class\defaultclass\users.php on line 447
[27-Feb-2025 17:36:56 America/Montevideo] PHP Warning:  Creating default object from empty value in C:\xampp\htdocs\orderNet\src\class\defaultclass\users.php on line 417
[27-Feb-2025 17:36:57 America/Montevideo] PHP Warning:  Creating default object from empty value in C:\xampp\htdocs\orderNet\src\class\defaultclass\users.php on line 447
[27-Feb-2025 17:36:59 America/Montevideo] PHP Warning:  Creating default object from empty value in C:\xampp\htdocs\orderNet\src\class\defaultclass\users.php on line 417
[27-Feb-2025 17:37:01 America/Montevideo] PHP Warning:  Creating default object from empty value in C:\xampp\htdocs\orderNet\src\class\defaultclass\users.php on line 447
[27-Feb-2025 17:37:03 America/Montevideo] PHP Warning:  Creating default object from empty value in C:\xampp\htdocs\orderNet\src\class\defaultclass\users.php on line 447
[27-Feb-2025 17:37:39 America/Montevideo] PHP Warning:  Creating default object from empty value in C:\xampp\htdocs\orderNet\src\class\defaultclass\users.php on line 417
[27-Feb-2025 17:37:40 America/Montevideo] PHP Warning:  Creating default object from empty value in C:\xampp\htdocs\orderNet\src\class\defaultclass\users.php on line 447
[27-Feb-2025 17:49:12 America/Montevideo] PHP Warning:  Creating default object from empty value in C:\xampp\htdocs\orderNet\src\class\defaultclass\users.php on line 417
[27-Feb-2025 17:49:14 America/Montevideo] PHP Warning:  Creating default object from empty value in C:\xampp\htdocs\orderNet\src\class\defaultclass\users.php on line 447
[27-Feb-2025 18:00:09 America/Montevideo] PHP Warning:  Creating default object from empty value in C:\xampp\htdocs\orderNet\src\class\defaultclass\users.php on line 417
[27-Feb-2025 18:00:10 America/Montevideo] PHP Warning:  Creating default object from empty value in C:\xampp\htdocs\orderNet\src\class\defaultclass\users.php on line 447
[27-Feb-2025 18:00:38 America/Montevideo] PHP Warning:  Creating default object from empty value in C:\xampp\htdocs\orderNet\src\class\defaultclass\users.php on line 417
[27-Feb-2025 18:00:39 America/Montevideo] PHP Warning:  Creating default object from empty value in C:\xampp\htdocs\orderNet\src\class\defaultclass\users.php on line 447
[27-Feb-2025 18:01:52 America/Montevideo] PHP Warning:  Creating default object from empty value in C:\xampp\htdocs\orderNet\src\class\defaultclass\users.php on line 417
[27-Feb-2025 18:01:53 America/Montevideo] PHP Warning:  Creating default object from empty value in C:\xampp\htdocs\orderNet\src\class\defaultclass\users.php on line 447
[27-Feb-2025 18:02:12 America/Montevideo] PHP Warning:  Creating default object from empty value in C:\xampp\htdocs\orderNet\src\class\defaultclass\users.php on line 417
[27-Feb-2025 18:02:14 America/Montevideo] PHP Warning:  Creating default object from empty value in C:\xampp\htdocs\orderNet\src\class\defaultclass\users.php on line 447
[27-Feb-2025 18:03:00 America/Montevideo] PHP Warning:  Creating default object from empty value in C:\xampp\htdocs\orderNet\src\class\defaultclass\users.php on line 417
[27-Feb-2025 18:03:02 America/Montevideo] PHP Warning:  Creating default object from empty value in C:\xampp\htdocs\orderNet\src\class\defaultclass\users.php on line 447
[27-Feb-2025 18:04:11 America/Montevideo] PHP Warning:  Creating default object from empty value in C:\xampp\htdocs\orderNet\src\class\defaultclass\users.php on line 417
[27-Feb-2025 18:04:13 America/Montevideo] PHP Warning:  Creating default object from empty value in C:\xampp\htdocs\orderNet\src\class\defaultclass\users.php on line 447
[27-Feb-2025 18:06:30 America/Montevideo] PHP Warning:  Creating default object from empty value in C:\xampp\htdocs\orderNet\src\class\defaultclass\users.php on line 417
[27-Feb-2025 18:06:32 America/Montevideo] PHP Warning:  Creating default object from empty value in C:\xampp\htdocs\orderNet\src\class\defaultclass\users.php on line 447
[27-Feb-2025 18:09:38 America/Montevideo] PHP Warning:  Creating default object from empty value in C:\xampp\htdocs\orderNet\src\class\defaultclass\users.php on line 417
[27-Feb-2025 18:09:39 America/Montevideo] PHP Warning:  Creating default object from empty value in C:\xampp\htdocs\orderNet\src\class\defaultclass\users.php on line 447
[27-Feb-2025 18:17:09 America/Montevideo] PHP Warning:  Creating default object from empty value in C:\xampp\htdocs\orderNet\src\class\defaultclass\users.php on line 417
[27-Feb-2025 18:17:11 America/Montevideo] PHP Warning:  Creating default object from empty value in C:\xampp\htdocs\orderNet\src\class\defaultclass\users.php on line 447
[27-Feb-2025 18:17:34 America/Montevideo] PHP Warning:  Creating default object from empty value in C:\xampp\htdocs\orderNet\src\class\defaultclass\users.php on line 417
[27-Feb-2025 18:17:35 America/Montevideo] PHP Warning:  Creating default object from empty value in C:\xampp\htdocs\orderNet\src\class\defaultclass\users.php on line 447
[27-Feb-2025 18:17:38 America/Montevideo] PHP Warning:  Creating default object from empty value in C:\xampp\htdocs\orderNet\src\class\defaultclass\users.php on line 417
[27-Feb-2025 18:17:40 America/Montevideo] PHP Warning:  Creating default object from empty value in C:\xampp\htdocs\orderNet\src\class\defaultclass\users.php on line 447
[27-Feb-2025 18:17:42 America/Montevideo] PHP Warning:  Creating default object from empty value in C:\xampp\htdocs\orderNet\src\class\defaultclass\users.php on line 447
[27-Feb-2025 18:23:48 America/Montevideo] PHP Warning:  Creating default object from empty value in C:\xampp\htdocs\orderNet\src\class\defaultclass\users.php on line 452
[27-Feb-2025 18:23:48 America/Montevideo] PHP Warning:  Creating default object from empty value in C:\xampp\htdocs\orderNet\src\class\defaultclass\users.php on line 422
[27-Feb-2025 18:23:50 America/Montevideo] PHP Warning:  Creating default object from empty value in C:\xampp\htdocs\orderNet\src\class\defaultclass\users.php on line 452
[27-Feb-2025 18:23:56 America/Montevideo] PHP Warning:  Creating default object from empty value in C:\xampp\htdocs\orderNet\src\class\defaultclass\users.php on line 422
[27-Feb-2025 18:23:58 America/Montevideo] PHP Warning:  Creating default object from empty value in C:\xampp\htdocs\orderNet\src\class\defaultclass\users.php on line 452
[27-Feb-2025 18:24:01 America/Montevideo] PHP Notice:  Undefined variable: articleId in C:\xampp\htdocs\orderNet\src\controllers\ctr_users.php on line 258
[27-Feb-2025 18:24:04 America/Montevideo] PHP Notice:  Undefined variable: articleId in C:\xampp\htdocs\orderNet\src\controllers\ctr_users.php on line 258
[27-Feb-2025 18:24:39 America/Montevideo] PHP Warning:  Creating default object from empty value in C:\xampp\htdocs\orderNet\src\class\defaultclass\users.php on line 422
[27-Feb-2025 18:24:40 America/Montevideo] PHP Warning:  Creating default object from empty value in C:\xampp\htdocs\orderNet\src\class\defaultclass\users.php on line 452
[27-Feb-2025 18:24:47 America/Montevideo] PHP Warning:  Creating default object from empty value in C:\xampp\htdocs\orderNet\src\class\defaultclass\users.php on line 422
[27-Feb-2025 18:24:49 America/Montevideo] PHP Warning:  Creating default object from empty value in C:\xampp\htdocs\orderNet\src\class\defaultclass\users.php on line 452
[27-Feb-2025 18:24:56 America/Montevideo] PHP Warning:  Creating default object from empty value in C:\xampp\htdocs\orderNet\src\class\defaultclass\users.php on line 422
[27-Feb-2025 18:24:57 America/Montevideo] PHP Warning:  Creating default object from empty value in C:\xampp\htdocs\orderNet\src\class\defaultclass\users.php on line 452
[27-Feb-2025 18:24:59 America/Montevideo] PHP Warning:  Creating default object from empty value in C:\xampp\htdocs\orderNet\src\class\defaultclass\users.php on line 452
[27-Feb-2025 18:25:00 America/Montevideo] PHP Warning:  Creating default object from empty value in C:\xampp\htdocs\orderNet\src\class\defaultclass\users.php on line 452
[27-Feb-2025 18:30:04 America/Montevideo] PHP Warning:  Creating default object from empty value in C:\xampp\htdocs\orderNet\src\class\defaultclass\users.php on line 422
[27-Feb-2025 18:30:48 America/Montevideo] PHP Warning:  Creating default object from empty value in C:\xampp\htdocs\orderNet\src\class\defaultclass\users.php on line 452
[27-Feb-2025 18:31:43 America/Montevideo] PHP Warning:  Creating default object from empty value in C:\xampp\htdocs\orderNet\src\class\defaultclass\users.php on line 422
[27-Feb-2025 18:31:44 America/Montevideo] PHP Warning:  Creating default object from empty value in C:\xampp\htdocs\orderNet\src\class\defaultclass\users.php on line 452
[27-Feb-2025 18:31:50 America/Montevideo] PHP Warning:  Creating default object from empty value in C:\xampp\htdocs\orderNet\src\class\defaultclass\users.php on line 422
[27-Feb-2025 18:31:55 America/Montevideo] PHP Warning:  Creating default object from empty value in C:\xampp\htdocs\orderNet\src\class\defaultclass\users.php on line 452
[27-Feb-2025 18:31:58 America/Montevideo] PHP Warning:  Creating default object from empty value in C:\xampp\htdocs\orderNet\src\class\defaultclass\users.php on line 422
[27-Feb-2025 18:31:59 America/Montevideo] PHP Warning:  Creating default object from empty value in C:\xampp\htdocs\orderNet\src\class\defaultclass\users.php on line 452
[27-Feb-2025 18:32:05 America/Montevideo] PHP Warning:  Creating default object from empty value in C:\xampp\htdocs\orderNet\src\class\defaultclass\users.php on line 422
[27-Feb-2025 18:32:06 America/Montevideo] PHP Warning:  Creating default object from empty value in C:\xampp\htdocs\orderNet\src\class\defaultclass\users.php on line 452
[27-Feb-2025 18:32:12 America/Montevideo] PHP Warning:  Creating default object from empty value in C:\xampp\htdocs\orderNet\src\class\defaultclass\users.php on line 422
[27-Feb-2025 18:32:16 America/Montevideo] PHP Warning:  Creating default object from empty value in C:\xampp\htdocs\orderNet\src\class\defaultclass\users.php on line 422
[27-Feb-2025 18:32:18 America/Montevideo] PHP Warning:  Creating default object from empty value in C:\xampp\htdocs\orderNet\src\class\defaultclass\users.php on line 438
[27-Feb-2025 18:32:32 America/Montevideo] PHP Warning:  Creating default object from empty value in C:\xampp\htdocs\orderNet\src\class\defaultclass\users.php on line 379
[27-Feb-2025 18:32:41 America/Montevideo] PHP Warning:  Creating default object from empty value in C:\xampp\htdocs\orderNet\src\class\defaultclass\users.php on line 321
[27-Feb-2025 18:32:44 America/Montevideo] PHP Warning:  Creating default object from empty value in C:\xampp\htdocs\orderNet\src\class\defaultclass\users.php on line 379
[27-Feb-2025 18:32:49 America/Montevideo] PHP Warning:  Creating default object from empty value in C:\xampp\htdocs\orderNet\src\class\defaultclass\users.php on line 362
[27-Feb-2025 18:32:53 America/Montevideo] PHP Warning:  Creating default object from empty value in C:\xampp\htdocs\orderNet\src\class\defaultclass\users.php on line 300
[27-Feb-2025 18:32:55 America/Montevideo] PHP Warning:  Creating default object from empty value in C:\xampp\htdocs\orderNet\src\class\defaultclass\users.php on line 321
[27-Feb-2025 18:32:58 America/Montevideo] PHP Warning:  Creating default object from empty value in C:\xampp\htdocs\orderNet\src\class\defaultclass\users.php on line 362
[27-Feb-2025 18:32:59 America/Montevideo] PHP Warning:  Creating default object from empty value in C:\xampp\htdocs\orderNet\src\class\defaultclass\users.php on line 300
[27-Feb-2025 18:33:05 America/Montevideo] PHP Warning:  Creating default object from empty value in C:\xampp\htdocs\orderNet\src\class\defaultclass\users.php on line 438
[27-Feb-2025 18:33:11 America/Montevideo] PHP Warning:  Creating default object from empty value in C:\xampp\htdocs\orderNet\src\class\defaultclass\users.php on line 321
[27-Feb-2025 18:33:12 America/Montevideo] PHP Warning:  Creating default object from empty value in C:\xampp\htdocs\orderNet\src\class\defaultclass\users.php on line 379
[27-Feb-2025 18:33:19 America/Montevideo] PHP Warning:  Creating default object from empty value in C:\xampp\htdocs\orderNet\src\class\defaultclass\users.php on line 438
[27-Feb-2025 18:33:21 America/Montevideo] PHP Warning:  Creating default object from empty value in C:\xampp\htdocs\orderNet\src\class\defaultclass\users.php on line 379
[27-Feb-2025 18:33:29 America/Montevideo] PHP Warning:  Creating default object from empty value in C:\xampp\htdocs\orderNet\src\class\defaultclass\users.php on line 362
[27-Feb-2025 18:33:30 America/Montevideo] PHP Warning:  Creating default object from empty value in C:\xampp\htdocs\orderNet\src\class\defaultclass\users.php on line 300
[27-Feb-2025 18:33:32 America/Montevideo] PHP Warning:  Creating default object from empty value in C:\xampp\htdocs\orderNet\src\class\defaultclass\users.php on line 321
[27-Feb-2025 18:33:36 America/Montevideo] PHP Warning:  Creating default object from empty value in C:\xampp\htdocs\orderNet\src\class\defaultclass\users.php on line 362
[27-Feb-2025 18:33:37 America/Montevideo] PHP Warning:  Creating default object from empty value in C:\xampp\htdocs\orderNet\src\class\defaultclass\users.php on line 300
[27-Feb-2025 18:33:38 America/Montevideo] PHP Warning:  Creating default object from empty value in C:\xampp\htdocs\orderNet\src\class\defaultclass\users.php on line 321
[27-Feb-2025 18:33:40 America/Montevideo] PHP Warning:  Creating default object from empty value in C:\xampp\htdocs\orderNet\src\class\defaultclass\users.php on line 379
[27-Feb-2025 18:33:46 America/Montevideo] PHP Warning:  Creating default object from empty value in C:\xampp\htdocs\orderNet\src\class\defaultclass\users.php on line 452
[27-Feb-2025 18:34:00 America/Montevideo] PHP Warning:  Creating default object from empty value in C:\xampp\htdocs\orderNet\src\class\defaultclass\users.php on line 422
[27-Feb-2025 18:34:05 America/Montevideo] PHP Warning:  Creating default object from empty value in C:\xampp\htdocs\orderNet\src\class\defaultclass\users.php on line 438
[27-Feb-2025 18:34:14 America/Montevideo] PHP Warning:  Creating default object from empty value in C:\xampp\htdocs\orderNet\src\class\defaultclass\users.php on line 438
[27-Feb-2025 18:34:15 America/Montevideo] PHP Warning:  Creating default object from empty value in C:\xampp\htdocs\orderNet\src\class\defaultclass\users.php on line 321
[27-Feb-2025 18:34:31 America/Montevideo] PHP Warning:  Creating default object from empty value in C:\xampp\htdocs\orderNet\src\class\defaultclass\users.php on line 379
[27-Feb-2025 18:34:36 America/Montevideo] PHP Warning:  Creating default object from empty value in C:\xampp\htdocs\orderNet\src\class\defaultclass\users.php on line 362
[27-Feb-2025 18:34:38 America/Montevideo] PHP Warning:  Creating default object from empty value in C:\xampp\htdocs\orderNet\src\class\defaultclass\users.php on line 280
[27-Feb-2025 18:34:49 America/Montevideo] PHP Warning:  Creating default object from empty value in C:\xampp\htdocs\orderNet\src\class\defaultclass\users.php on line 362
[27-Feb-2025 18:34:54 America/Montevideo] PHP Warning:  Creating default object from empty value in C:\xampp\htdocs\orderNet\src\class\defaultclass\users.php on line 280
[27-Feb-2025 18:34:56 America/Montevideo] PHP Warning:  Creating default object from empty value in C:\xampp\htdocs\orderNet\src\class\defaultclass\users.php on line 124
[27-Feb-2025 18:35:03 America/Montevideo] PHP Warning:  Creating default object from empty value in C:\xampp\htdocs\orderNet\src\class\defaultclass\users.php on line 362
[27-Feb-2025 18:35:05 America/Montevideo] PHP Warning:  Creating default object from empty value in C:\xampp\htdocs\orderNet\src\class\defaultclass\users.php on line 280
[27-Feb-2025 18:35:12 America/Montevideo] PHP Warning:  Creating default object from empty value in C:\xampp\htdocs\orderNet\src\class\defaultclass\users.php on line 280
[27-Feb-2025 18:35:13 America/Montevideo] PHP Warning:  Creating default object from empty value in C:\xampp\htdocs\orderNet\src\class\defaultclass\users.php on line 124
[27-Feb-2025 18:41:59 America/Montevideo] PHP Warning:  Creating default object from empty value in C:\xampp\htdocs\orderNet\src\class\defaultclass\users.php on line 124
[27-Feb-2025 18:42:13 America/Montevideo] PHP Warning:  Creating default object from empty value in C:\xampp\htdocs\orderNet\src\class\defaultclass\users.php on line 124
[27-Feb-2025 18:42:16 America/Montevideo] PHP Warning:  Creating default object from empty value in C:\xampp\htdocs\orderNet\src\class\defaultclass\users.php on line 300
[27-Feb-2025 18:42:28 America/Montevideo] PHP Warning:  Creating default object from empty value in C:\xampp\htdocs\orderNet\src\class\defaultclass\users.php on line 438
[27-Feb-2025 18:42:35 America/Montevideo] PHP Warning:  Creating default object from empty value in C:\xampp\htdocs\orderNet\src\class\defaultclass\users.php on line 422
[27-Feb-2025 18:42:36 America/Montevideo] PHP Warning:  Creating default object from empty value in C:\xampp\htdocs\orderNet\src\class\defaultclass\users.php on line 452
[27-Feb-2025 18:42:59 America/Montevideo] PHP Warning:  Creating default object from empty value in C:\xampp\htdocs\orderNet\src\class\defaultclass\users.php on line 452
[27-Feb-2025 18:43:07 America/Montevideo] PHP Warning:  Creating default object from empty value in C:\xampp\htdocs\orderNet\src\class\defaultclass\users.php on line 438
[27-Feb-2025 18:43:10 America/Montevideo] PHP Warning:  Creating default object from empty value in C:\xampp\htdocs\orderNet\src\class\defaultclass\users.php on line 379
[27-Feb-2025 18:43:14 America/Montevideo] PHP Warning:  Creating default object from empty value in C:\xampp\htdocs\orderNet\src\class\defaultclass\users.php on line 438
[27-Feb-2025 18:43:15 America/Montevideo] PHP Warning:  Creating default object from empty value in C:\xampp\htdocs\orderNet\src\class\defaultclass\users.php on line 321
[27-Feb-2025 18:43:18 America/Montevideo] PHP Warning:  Creating default object from empty value in C:\xampp\htdocs\orderNet\src\class\defaultclass\users.php on line 438
[27-Feb-2025 18:43:19 America/Montevideo] PHP Warning:  Creating default object from empty value in C:\xampp\htdocs\orderNet\src\class\defaultclass\users.php on line 321
[27-Feb-2025 18:58:37 America/Montevideo] PHP Warning:  Creating default object from empty value in C:\xampp\htdocs\orderNet\src\routes.php on line 18
[27-Feb-2025 18:58:39 America/Montevideo] PHP Warning:  Creating default object from empty value in C:\xampp\htdocs\orderNet\src\class\defaultclass\users.php on line 281
[27-Feb-2025 18:58:40 America/Montevideo] PHP Warning:  Creating default object from empty value in C:\xampp\htdocs\orderNet\src\class\defaultclass\users.php on line 125
[27-Feb-2025 18:58:45 America/Montevideo] PHP Warning:  Creating default object from empty value in C:\xampp\htdocs\orderNet\src\class\defaultclass\users.php on line 301
[27-Feb-2025 18:58:49 America/Montevideo] PHP Warning:  Creating default object from empty value in C:\xampp\htdocs\orderNet\src\class\defaultclass\users.php on line 281
[27-Feb-2025 18:58:50 America/Montevideo] PHP Warning:  Creating default object from empty value in C:\xampp\htdocs\orderNet\src\class\defaultclass\users.php on line 125
[27-Feb-2025 18:58:53 America/Montevideo] PHP Warning:  Creating default object from empty value in C:\xampp\htdocs\orderNet\src\class\defaultclass\users.php on line 301
[27-Feb-2025 18:58:54 America/Montevideo] PHP Warning:  Creating default object from empty value in C:\xampp\htdocs\orderNet\src\class\defaultclass\users.php on line 322
[27-Feb-2025 18:58:57 America/Montevideo] PHP Warning:  Creating default object from empty value in C:\xampp\htdocs\orderNet\src\class\defaultclass\users.php on line 380
[27-Feb-2025 18:59:16 America/Montevideo] PHP Warning:  Creating default object from empty value in C:\xampp\htdocs\orderNet\src\routes.php on line 18
[27-Feb-2025 18:59:22 America/Montevideo] PHP Warning:  Creating default object from empty value in C:\xampp\htdocs\orderNet\src\class\defaultclass\users.php on line 281
[27-Feb-2025 18:59:36 America/Montevideo] PHP Warning:  Creating default object from empty value in C:\xampp\htdocs\orderNet\src\class\defaultclass\users.php on line 125
[27-Feb-2025 18:59:37 America/Montevideo] PHP Warning:  Creating default object from empty value in C:\xampp\htdocs\orderNet\src\class\defaultclass\users.php on line 301
[27-Feb-2025 19:00:11 America/Montevideo] PHP Warning:  Creating default object from empty value in C:\xampp\htdocs\orderNet\src\class\defaultclass\users.php on line 281
