[18-Feb-2025 10:02:21 America/Montevideo] PHP Notice:  Undefined variable: clientClass in C:\xampp\htdocs\orderNet\src\controllers\ctr_users.php on line 63
[18-Feb-2025 10:03:11 America/Montevideo] PHP Notice:  Undefined variable: clientClass in C:\xampp\htdocs\orderNet\src\controllers\ctr_users.php on line 63
[18-Feb-2025 10:03:16 America/Montevideo] PHP Notice:  Undefined variable: clientClass in C:\xampp\htdocs\orderNet\src\controllers\ctr_users.php on line 63
[18-Feb-2025 10:03:21 America/Montevideo] PHP Notice:  Undefined variable: clientClass in C:\xampp\htdocs\orderNet\src\controllers\ctr_users.php on line 63
[18-Feb-2025 10:04:10 America/Montevideo] PHP Notice:  Undefined variable: clientClass in C:\xampp\htdocs\orderNet\src\controllers\ctr_users.php on line 63
[18-Feb-2025 10:04:21 America/Montevideo] PHP Notice:  Undefined variable: clientClass in C:\xampp\htdocs\orderNet\src\controllers\ctr_users.php on line 63
[18-Feb-2025 10:05:31 America/Montevideo] PHP Notice:  Undefined variable: clientClass in C:\xampp\htdocs\orderNet\src\controllers\ctr_users.php on line 62
[18-Feb-2025 10:06:30 America/Montevideo] PHP Warning:  Creating default object from empty value in C:\xampp\htdocs\orderNet\src\class\defaultclass\users.php on line 53
[18-Feb-2025 10:06:30 America/Montevideo] PHP Notice:  Trying to get property 'result' of non-object in C:\xampp\htdocs\orderNet\src\controllers\ctr_users.php on line 63
[18-Feb-2025 10:07:20 America/Montevideo] PHP Warning:  Creating default object from empty value in C:\xampp\htdocs\orderNet\src\class\defaultclass\users.php on line 53
[18-Feb-2025 10:07:20 America/Montevideo] PHP Notice:  Trying to get property 'result' of non-object in C:\xampp\htdocs\orderNet\src\controllers\ctr_users.php on line 63
[18-Feb-2025 10:07:45 America/Montevideo] PHP Warning:  Creating default object from empty value in C:\xampp\htdocs\orderNet\src\class\defaultclass\users.php on line 53
[18-Feb-2025 10:07:45 America/Montevideo] PHP Notice:  Trying to get property 'result' of non-object in C:\xampp\htdocs\orderNet\src\controllers\ctr_users.php on line 63
[18-Feb-2025 10:08:04 America/Montevideo] PHP Warning:  Creating default object from empty value in C:\xampp\htdocs\orderNet\src\class\defaultclass\users.php on line 53
[18-Feb-2025 10:08:04 America/Montevideo] PHP Notice:  Trying to get property 'result' of non-object in C:\xampp\htdocs\orderNet\src\controllers\ctr_users.php on line 63
[18-Feb-2025 10:08:42 America/Montevideo] PHP Warning:  Creating default object from empty value in C:\xampp\htdocs\orderNet\src\class\defaultclass\users.php on line 53
[18-Feb-2025 10:08:42 America/Montevideo] PHP Notice:  Trying to get property 'result' of non-object in C:\xampp\htdocs\orderNet\src\controllers\ctr_users.php on line 63
[18-Feb-2025 10:08:42 America/Montevideo] PHP Notice:  Trying to get property 'usuarios' of non-object in C:\xampp\htdocs\orderNet\src\routes\routes_users.php on line 45
[18-Feb-2025 10:08:55 America/Montevideo] PHP Warning:  Creating default object from empty value in C:\xampp\htdocs\orderNet\src\class\defaultclass\users.php on line 53
[18-Feb-2025 10:08:55 America/Montevideo] PHP Notice:  Trying to get property 'result' of non-object in C:\xampp\htdocs\orderNet\src\controllers\ctr_users.php on line 63
[18-Feb-2025 10:08:55 America/Montevideo] PHP Notice:  Trying to get property 'usuarios' of non-object in C:\xampp\htdocs\orderNet\src\routes\routes_users.php on line 45
[18-Feb-2025 10:09:22 America/Montevideo] PHP Warning:  Creating default object from empty value in C:\xampp\htdocs\orderNet\src\class\defaultclass\users.php on line 53
[18-Feb-2025 10:09:22 America/Montevideo] PHP Notice:  Trying to get property 'result' of non-object in C:\xampp\htdocs\orderNet\src\controllers\ctr_users.php on line 63
[18-Feb-2025 10:09:22 America/Montevideo] PHP Notice:  Trying to get property 'usuarios' of non-object in C:\xampp\htdocs\orderNet\src\routes\routes_users.php on line 45
[18-Feb-2025 10:09:24 America/Montevideo] PHP Warning:  Creating default object from empty value in C:\xampp\htdocs\orderNet\src\class\defaultclass\users.php on line 53
[18-Feb-2025 10:09:24 America/Montevideo] PHP Notice:  Trying to get property 'result' of non-object in C:\xampp\htdocs\orderNet\src\controllers\ctr_users.php on line 63
[18-Feb-2025 10:09:24 America/Montevideo] PHP Notice:  Trying to get property 'usuarios' of non-object in C:\xampp\htdocs\orderNet\src\routes\routes_users.php on line 45
[18-Feb-2025 10:09:52 America/Montevideo] PHP Warning:  Creating default object from empty value in C:\xampp\htdocs\orderNet\src\class\defaultclass\users.php on line 53
[18-Feb-2025 10:09:52 America/Montevideo] PHP Notice:  Trying to get property 'result' of non-object in C:\xampp\htdocs\orderNet\src\controllers\ctr_users.php on line 63
[18-Feb-2025 10:09:52 America/Montevideo] PHP Notice:  Trying to get property 'usuarios' of non-object in C:\xampp\htdocs\orderNet\src\routes\routes_users.php on line 45
[18-Feb-2025 10:10:08 America/Montevideo] PHP Warning:  Creating default object from empty value in C:\xampp\htdocs\orderNet\src\class\defaultclass\users.php on line 53
[18-Feb-2025 10:10:08 America/Montevideo] PHP Notice:  Trying to get property 'result' of non-object in C:\xampp\htdocs\orderNet\src\controllers\ctr_users.php on line 63
[18-Feb-2025 10:11:40 America/Montevideo] PHP Warning:  Creating default object from empty value in C:\xampp\htdocs\orderNet\src\class\defaultclass\users.php on line 53
[18-Feb-2025 10:12:05 America/Montevideo] PHP Warning:  Creating default object from empty value in C:\xampp\htdocs\orderNet\src\class\defaultclass\users.php on line 53
[18-Feb-2025 10:15:53 America/Montevideo] PHP Warning:  Creating default object from empty value in C:\xampp\htdocs\orderNet\src\class\defaultclass\users.php on line 54
[18-Feb-2025 10:15:53 America/Montevideo] PHP Notice:  Trying to get property 'result' of non-object in C:\xampp\htdocs\orderNet\src\controllers\ctr_users.php on line 63
[18-Feb-2025 10:16:24 America/Montevideo] PHP Warning:  Creating default object from empty value in C:\xampp\htdocs\orderNet\src\class\defaultclass\users.php on line 53
[18-Feb-2025 10:16:24 America/Montevideo] PHP Notice:  Undefined variable: var_dump in C:\xampp\htdocs\orderNet\src\controllers\ctr_users.php on line 63
[18-Feb-2025 10:16:37 America/Montevideo] PHP Warning:  Creating default object from empty value in C:\xampp\htdocs\orderNet\src\class\defaultclass\users.php on line 53
[18-Feb-2025 10:16:51 America/Montevideo] PHP Warning:  Creating default object from empty value in C:\xampp\htdocs\orderNet\src\class\defaultclass\users.php on line 53
[18-Feb-2025 10:18:12 America/Montevideo] PHP Warning:  Creating default object from empty value in C:\xampp\htdocs\orderNet\src\class\defaultclass\users.php on line 56
[18-Feb-2025 10:20:29 America/Montevideo] PHP Warning:  Creating default object from empty value in C:\xampp\htdocs\orderNet\src\class\defaultclass\users.php on line 57
[18-Feb-2025 10:20:38 America/Montevideo] PHP Warning:  Creating default object from empty value in C:\xampp\htdocs\orderNet\src\class\defaultclass\users.php on line 57
[18-Feb-2025 10:20:44 America/Montevideo] PHP Warning:  Creating default object from empty value in C:\xampp\htdocs\orderNet\src\class\defaultclass\users.php on line 57
[18-Feb-2025 10:21:14 America/Montevideo] PHP Warning:  Creating default object from empty value in C:\xampp\htdocs\orderNet\src\class\defaultclass\users.php on line 57
[18-Feb-2025 10:21:33 America/Montevideo] PHP Warning:  Creating default object from empty value in C:\xampp\htdocs\orderNet\src\class\defaultclass\users.php on line 57
[18-Feb-2025 10:21:56 America/Montevideo] PHP Warning:  Creating default object from empty value in C:\xampp\htdocs\orderNet\src\class\defaultclass\users.php on line 57
[18-Feb-2025 10:23:37 America/Montevideo] PHP Warning:  Creating default object from empty value in C:\xampp\htdocs\orderNet\src\class\defaultclass\users.php on line 57
[18-Feb-2025 10:23:43 America/Montevideo] PHP Warning:  Creating default object from empty value in C:\xampp\htdocs\orderNet\src\class\defaultclass\users.php on line 57
[18-Feb-2025 10:24:03 America/Montevideo] PHP Warning:  Creating default object from empty value in C:\xampp\htdocs\orderNet\src\class\defaultclass\users.php on line 57
[18-Feb-2025 10:24:08 America/Montevideo] PHP Warning:  Creating default object from empty value in C:\xampp\htdocs\orderNet\src\class\defaultclass\users.php on line 57
[18-Feb-2025 10:25:12 America/Montevideo] PHP Warning:  Creating default object from empty value in C:\xampp\htdocs\orderNet\src\class\defaultclass\users.php on line 57
[18-Feb-2025 10:26:49 America/Montevideo] PHP Warning:  Creating default object from empty value in C:\xampp\htdocs\orderNet\src\class\defaultclass\users.php on line 57
[18-Feb-2025 10:26:56 America/Montevideo] PHP Warning:  Creating default object from empty value in C:\xampp\htdocs\orderNet\src\class\defaultclass\users.php on line 57
[18-Feb-2025 10:30:44 America/Montevideo] PHP Warning:  Creating default object from empty value in C:\xampp\htdocs\orderNet\src\class\defaultclass\users.php on line 57
[18-Feb-2025 10:59:40 America/Montevideo] PHP Warning:  Creating default object from empty value in C:\xampp\htdocs\orderNet\src\class\defaultclass\users.php on line 57
[18-Feb-2025 11:01:23 America/Montevideo] PHP Warning:  Creating default object from empty value in C:\xampp\htdocs\orderNet\src\class\defaultclass\users.php on line 57
[18-Feb-2025 11:09:45 America/Montevideo] PHP Warning:  Creating default object from empty value in C:\xampp\htdocs\orderNet\src\class\defaultclass\users.php on line 65
[18-Feb-2025 11:10:31 America/Montevideo] PHP Warning:  Creating default object from empty value in C:\xampp\htdocs\orderNet\src\class\defaultclass\users.php on line 65
[18-Feb-2025 11:11:07 America/Montevideo] PHP Warning:  Creating default object from empty value in C:\xampp\htdocs\orderNet\src\class\defaultclass\users.php on line 65
[18-Feb-2025 11:12:11 America/Montevideo] PHP Warning:  Creating default object from empty value in C:\xampp\htdocs\orderNet\src\class\defaultclass\users.php on line 65
[18-Feb-2025 11:12:29 America/Montevideo] PHP Warning:  Creating default object from empty value in C:\xampp\htdocs\orderNet\src\class\defaultclass\users.php on line 65
[18-Feb-2025 11:13:15 America/Montevideo] PHP Warning:  Creating default object from empty value in C:\xampp\htdocs\orderNet\src\class\defaultclass\users.php on line 65
[18-Feb-2025 11:13:48 America/Montevideo] PHP Warning:  Creating default object from empty value in C:\xampp\htdocs\orderNet\src\class\defaultclass\users.php on line 65
[18-Feb-2025 11:14:00 America/Montevideo] PHP Warning:  Creating default object from empty value in C:\xampp\htdocs\orderNet\src\class\defaultclass\users.php on line 65
[18-Feb-2025 11:15:31 America/Montevideo] PHP Warning:  Creating default object from empty value in C:\xampp\htdocs\orderNet\src\class\defaultclass\users.php on line 65
[18-Feb-2025 11:15:40 America/Montevideo] PHP Warning:  Creating default object from empty value in C:\xampp\htdocs\orderNet\src\class\defaultclass\users.php on line 65
[18-Feb-2025 11:16:47 America/Montevideo] PHP Warning:  Creating default object from empty value in C:\xampp\htdocs\orderNet\src\class\defaultclass\users.php on line 65
[18-Feb-2025 11:16:51 America/Montevideo] PHP Warning:  Creating default object from empty value in C:\xampp\htdocs\orderNet\src\class\defaultclass\users.php on line 65
[18-Feb-2025 11:17:44 America/Montevideo] PHP Warning:  Creating default object from empty value in C:\xampp\htdocs\orderNet\src\class\defaultclass\users.php on line 65
[18-Feb-2025 11:18:17 America/Montevideo] PHP Warning:  Creating default object from empty value in C:\xampp\htdocs\orderNet\src\class\defaultclass\users.php on line 65
[18-Feb-2025 11:19:53 America/Montevideo] PHP Warning:  Creating default object from empty value in C:\xampp\htdocs\orderNet\src\class\defaultclass\users.php on line 65
[18-Feb-2025 11:21:21 America/Montevideo] PHP Warning:  Creating default object from empty value in C:\xampp\htdocs\orderNet\src\class\defaultclass\users.php on line 65
[18-Feb-2025 11:29:45 America/Montevideo] PHP Warning:  Creating default object from empty value in C:\xampp\htdocs\orderNet\src\class\defaultclass\users.php on line 65
[18-Feb-2025 11:57:56 America/Montevideo] PHP Warning:  Creating default object from empty value in C:\xampp\htdocs\orderNet\src\class\defaultclass\users.php on line 93
[18-Feb-2025 11:58:59 America/Montevideo] PHP Warning:  Creating default object from empty value in C:\xampp\htdocs\orderNet\src\class\defaultclass\users.php on line 93
[18-Feb-2025 11:59:01 America/Montevideo] PHP Warning:  Creating default object from empty value in C:\xampp\htdocs\orderNet\src\class\defaultclass\users.php on line 70
[18-Feb-2025 11:59:01 America/Montevideo] PHP Notice:  Trying to get property 'result' of non-object in C:\xampp\htdocs\orderNet\src\controllers\ctr_users.php on line 74
[18-Feb-2025 11:59:03 America/Montevideo] PHP Warning:  Creating default object from empty value in C:\xampp\htdocs\orderNet\src\class\defaultclass\users.php on line 70
[18-Feb-2025 11:59:03 America/Montevideo] PHP Notice:  Trying to get property 'result' of non-object in C:\xampp\htdocs\orderNet\src\controllers\ctr_users.php on line 74
[18-Feb-2025 11:59:53 America/Montevideo] PHP Warning:  Creating default object from empty value in C:\xampp\htdocs\orderNet\src\class\defaultclass\users.php on line 93
[18-Feb-2025 11:59:54 America/Montevideo] PHP Warning:  Creating default object from empty value in C:\xampp\htdocs\orderNet\src\class\defaultclass\users.php on line 70
[18-Feb-2025 11:59:54 America/Montevideo] PHP Notice:  Trying to get property 'result' of non-object in C:\xampp\htdocs\orderNet\src\controllers\ctr_users.php on line 74
[18-Feb-2025 11:59:55 America/Montevideo] PHP Warning:  Creating default object from empty value in C:\xampp\htdocs\orderNet\src\class\defaultclass\users.php on line 70
[18-Feb-2025 11:59:55 America/Montevideo] PHP Notice:  Trying to get property 'result' of non-object in C:\xampp\htdocs\orderNet\src\controllers\ctr_users.php on line 74
[18-Feb-2025 12:00:24 America/Montevideo] PHP Warning:  Creating default object from empty value in C:\xampp\htdocs\orderNet\src\class\defaultclass\users.php on line 71
[18-Feb-2025 12:00:24 America/Montevideo] PHP Notice:  Trying to get property 'result' of non-object in C:\xampp\htdocs\orderNet\src\controllers\ctr_users.php on line 74
[18-Feb-2025 12:00:25 America/Montevideo] PHP Warning:  Creating default object from empty value in C:\xampp\htdocs\orderNet\src\class\defaultclass\users.php on line 94
[18-Feb-2025 12:00:26 America/Montevideo] PHP Warning:  Creating default object from empty value in C:\xampp\htdocs\orderNet\src\class\defaultclass\users.php on line 71
[18-Feb-2025 12:00:26 America/Montevideo] PHP Notice:  Trying to get property 'result' of non-object in C:\xampp\htdocs\orderNet\src\controllers\ctr_users.php on line 74
[18-Feb-2025 12:01:48 America/Montevideo] PHP Warning:  Creating default object from empty value in C:\xampp\htdocs\orderNet\src\class\defaultclass\users.php on line 95
[18-Feb-2025 12:01:50 America/Montevideo] PHP Warning:  Creating default object from empty value in C:\xampp\htdocs\orderNet\src\class\defaultclass\users.php on line 71
[18-Feb-2025 12:01:54 America/Montevideo] PHP Warning:  Creating default object from empty value in C:\xampp\htdocs\orderNet\src\class\defaultclass\users.php on line 94
[18-Feb-2025 12:01:54 America/Montevideo] PHP Warning:  Creating default object from empty value in C:\xampp\htdocs\orderNet\src\class\defaultclass\users.php on line 70
[18-Feb-2025 12:07:20 America/Montevideo] PHP Warning:  Creating default object from empty value in C:\xampp\htdocs\orderNet\src\class\defaultclass\users.php on line 94
[18-Feb-2025 12:07:21 America/Montevideo] PHP Warning:  Creating default object from empty value in C:\xampp\htdocs\orderNet\src\class\defaultclass\users.php on line 70
[18-Feb-2025 12:15:50 America/Montevideo] PHP Warning:  Creating default object from empty value in C:\xampp\htdocs\orderNet\src\class\defaultclass\users.php on line 94
[18-Feb-2025 12:15:51 America/Montevideo] PHP Warning:  Creating default object from empty value in C:\xampp\htdocs\orderNet\src\class\defaultclass\users.php on line 70
[18-Feb-2025 12:16:06 America/Montevideo] PHP Warning:  Creating default object from empty value in C:\xampp\htdocs\orderNet\src\class\defaultclass\users.php on line 94
[18-Feb-2025 12:16:07 America/Montevideo] PHP Warning:  Creating default object from empty value in C:\xampp\htdocs\orderNet\src\class\defaultclass\users.php on line 70
[18-Feb-2025 12:16:08 America/Montevideo] PHP Warning:  Creating default object from empty value in C:\xampp\htdocs\orderNet\src\class\defaultclass\users.php on line 70
[18-Feb-2025 12:16:10 America/Montevideo] PHP Warning:  Creating default object from empty value in C:\xampp\htdocs\orderNet\src\class\defaultclass\users.php on line 70
[18-Feb-2025 12:16:11 America/Montevideo] PHP Warning:  Creating default object from empty value in C:\xampp\htdocs\orderNet\src\class\defaultclass\users.php on line 70
[18-Feb-2025 12:16:12 America/Montevideo] PHP Warning:  Creating default object from empty value in C:\xampp\htdocs\orderNet\src\class\defaultclass\users.php on line 70
[18-Feb-2025 12:16:43 America/Montevideo] PHP Warning:  Creating default object from empty value in C:\xampp\htdocs\orderNet\src\class\defaultclass\users.php on line 94
[18-Feb-2025 12:16:44 America/Montevideo] PHP Warning:  Creating default object from empty value in C:\xampp\htdocs\orderNet\src\class\defaultclass\users.php on line 70
[18-Feb-2025 12:16:45 America/Montevideo] PHP Warning:  Creating default object from empty value in C:\xampp\htdocs\orderNet\src\class\defaultclass\users.php on line 70
[18-Feb-2025 12:16:46 America/Montevideo] PHP Warning:  Creating default object from empty value in C:\xampp\htdocs\orderNet\src\class\defaultclass\users.php on line 70
[18-Feb-2025 12:17:01 America/Montevideo] PHP Warning:  Creating default object from empty value in C:\xampp\htdocs\orderNet\src\class\defaultclass\users.php on line 94
[18-Feb-2025 12:17:03 America/Montevideo] PHP Warning:  Creating default object from empty value in C:\xampp\htdocs\orderNet\src\class\defaultclass\users.php on line 70
[18-Feb-2025 12:17:07 America/Montevideo] PHP Warning:  Creating default object from empty value in C:\xampp\htdocs\orderNet\src\class\defaultclass\users.php on line 70
[18-Feb-2025 12:17:23 America/Montevideo] PHP Warning:  Creating default object from empty value in C:\xampp\htdocs\orderNet\src\class\defaultclass\users.php on line 94
[18-Feb-2025 12:17:24 America/Montevideo] PHP Warning:  Creating default object from empty value in C:\xampp\htdocs\orderNet\src\class\defaultclass\users.php on line 70
[18-Feb-2025 12:17:26 America/Montevideo] PHP Warning:  Creating default object from empty value in C:\xampp\htdocs\orderNet\src\class\defaultclass\users.php on line 70
[18-Feb-2025 12:17:28 America/Montevideo] PHP Warning:  Creating default object from empty value in C:\xampp\htdocs\orderNet\src\class\defaultclass\users.php on line 70
[18-Feb-2025 12:17:30 America/Montevideo] PHP Warning:  Creating default object from empty value in C:\xampp\htdocs\orderNet\src\class\defaultclass\users.php on line 70
[18-Feb-2025 12:17:59 America/Montevideo] PHP Warning:  Creating default object from empty value in C:\xampp\htdocs\orderNet\src\class\defaultclass\users.php on line 95
[18-Feb-2025 12:18:00 America/Montevideo] PHP Warning:  Creating default object from empty value in C:\xampp\htdocs\orderNet\src\class\defaultclass\users.php on line 71
[18-Feb-2025 12:18:02 America/Montevideo] PHP Warning:  Creating default object from empty value in C:\xampp\htdocs\orderNet\src\class\defaultclass\users.php on line 71
[18-Feb-2025 12:18:03 America/Montevideo] PHP Warning:  Creating default object from empty value in C:\xampp\htdocs\orderNet\src\class\defaultclass\users.php on line 71
[18-Feb-2025 12:18:04 America/Montevideo] PHP Warning:  Creating default object from empty value in C:\xampp\htdocs\orderNet\src\class\defaultclass\users.php on line 71
[18-Feb-2025 12:18:05 America/Montevideo] PHP Warning:  Creating default object from empty value in C:\xampp\htdocs\orderNet\src\class\defaultclass\users.php on line 71
[18-Feb-2025 12:18:19 America/Montevideo] PHP Warning:  Creating default object from empty value in C:\xampp\htdocs\orderNet\src\class\defaultclass\users.php on line 71
[18-Feb-2025 12:18:20 America/Montevideo] PHP Warning:  Creating default object from empty value in C:\xampp\htdocs\orderNet\src\class\defaultclass\users.php on line 71
[18-Feb-2025 12:20:09 America/Montevideo] PHP Warning:  Creating default object from empty value in C:\xampp\htdocs\orderNet\src\class\defaultclass\users.php on line 95
[18-Feb-2025 12:20:10 America/Montevideo] PHP Warning:  Creating default object from empty value in C:\xampp\htdocs\orderNet\src\class\defaultclass\users.php on line 71
[18-Feb-2025 12:20:31 America/Montevideo] PHP Warning:  Creating default object from empty value in C:\xampp\htdocs\orderNet\src\class\defaultclass\users.php on line 95
[18-Feb-2025 12:20:32 America/Montevideo] PHP Warning:  Creating default object from empty value in C:\xampp\htdocs\orderNet\src\class\defaultclass\users.php on line 71
[18-Feb-2025 12:20:55 America/Montevideo] PHP Warning:  Creating default object from empty value in C:\xampp\htdocs\orderNet\src\class\defaultclass\users.php on line 95
[18-Feb-2025 12:20:56 America/Montevideo] PHP Warning:  Creating default object from empty value in C:\xampp\htdocs\orderNet\src\class\defaultclass\users.php on line 71
[18-Feb-2025 12:21:37 America/Montevideo] PHP Warning:  Creating default object from empty value in C:\xampp\htdocs\orderNet\src\class\defaultclass\users.php on line 95
[18-Feb-2025 12:21:38 America/Montevideo] PHP Warning:  Creating default object from empty value in C:\xampp\htdocs\orderNet\src\class\defaultclass\users.php on line 71
[18-Feb-2025 12:21:48 America/Montevideo] PHP Warning:  Creating default object from empty value in C:\xampp\htdocs\orderNet\src\class\defaultclass\users.php on line 95
[18-Feb-2025 12:21:49 America/Montevideo] PHP Warning:  Creating default object from empty value in C:\xampp\htdocs\orderNet\src\class\defaultclass\users.php on line 71
[18-Feb-2025 12:21:50 America/Montevideo] PHP Warning:  Creating default object from empty value in C:\xampp\htdocs\orderNet\src\class\defaultclass\users.php on line 71
[18-Feb-2025 12:22:40 America/Montevideo] PHP Warning:  Creating default object from empty value in C:\xampp\htdocs\orderNet\src\class\defaultclass\users.php on line 95
[18-Feb-2025 12:22:45 America/Montevideo] PHP Warning:  Creating default object from empty value in C:\xampp\htdocs\orderNet\src\class\defaultclass\users.php on line 95
[18-Feb-2025 12:22:46 America/Montevideo] PHP Warning:  Creating default object from empty value in C:\xampp\htdocs\orderNet\src\class\defaultclass\users.php on line 71
[18-Feb-2025 12:22:51 America/Montevideo] PHP Warning:  Creating default object from empty value in C:\xampp\htdocs\orderNet\src\class\defaultclass\users.php on line 71
[18-Feb-2025 12:23:00 America/Montevideo] PHP Warning:  Creating default object from empty value in C:\xampp\htdocs\orderNet\src\class\defaultclass\users.php on line 71
[18-Feb-2025 12:23:02 America/Montevideo] PHP Warning:  Creating default object from empty value in C:\xampp\htdocs\orderNet\src\class\defaultclass\users.php on line 71
[18-Feb-2025 12:23:03 America/Montevideo] PHP Warning:  Creating default object from empty value in C:\xampp\htdocs\orderNet\src\class\defaultclass\users.php on line 71
[18-Feb-2025 12:23:05 America/Montevideo] PHP Warning:  Creating default object from empty value in C:\xampp\htdocs\orderNet\src\class\defaultclass\users.php on line 71
[18-Feb-2025 12:23:06 America/Montevideo] PHP Warning:  Creating default object from empty value in C:\xampp\htdocs\orderNet\src\class\defaultclass\users.php on line 71
[18-Feb-2025 12:23:26 America/Montevideo] PHP Warning:  Creating default object from empty value in C:\xampp\htdocs\orderNet\src\class\defaultclass\users.php on line 95
[18-Feb-2025 12:23:27 America/Montevideo] PHP Warning:  Creating default object from empty value in C:\xampp\htdocs\orderNet\src\class\defaultclass\users.php on line 71
[18-Feb-2025 12:23:28 America/Montevideo] PHP Warning:  Creating default object from empty value in C:\xampp\htdocs\orderNet\src\class\defaultclass\users.php on line 71
[18-Feb-2025 12:23:29 America/Montevideo] PHP Warning:  Creating default object from empty value in C:\xampp\htdocs\orderNet\src\class\defaultclass\users.php on line 71
[18-Feb-2025 12:23:30 America/Montevideo] PHP Warning:  Creating default object from empty value in C:\xampp\htdocs\orderNet\src\class\defaultclass\users.php on line 71
[18-Feb-2025 12:23:30 America/Montevideo] PHP Warning:  Creating default object from empty value in C:\xampp\htdocs\orderNet\src\class\defaultclass\users.php on line 71
[18-Feb-2025 15:25:36 America/Montevideo] PHP Warning:  Creating default object from empty value in C:\xampp\htdocs\orderNet\src\class\defaultclass\users.php on line 95
[18-Feb-2025 15:25:37 America/Montevideo] PHP Warning:  Creating default object from empty value in C:\xampp\htdocs\orderNet\src\class\defaultclass\users.php on line 71
[18-Feb-2025 15:26:41 America/Montevideo] PHP Warning:  Creating default object from empty value in C:\xampp\htdocs\orderNet\src\class\defaultclass\users.php on line 95
[18-Feb-2025 15:26:42 America/Montevideo] PHP Warning:  Creating default object from empty value in C:\xampp\htdocs\orderNet\src\class\defaultclass\users.php on line 71
[18-Feb-2025 15:26:44 America/Montevideo] PHP Warning:  Creating default object from empty value in C:\xampp\htdocs\orderNet\src\class\defaultclass\users.php on line 71
[18-Feb-2025 15:27:12 America/Montevideo] PHP Warning:  Creating default object from empty value in C:\xampp\htdocs\orderNet\src\class\defaultclass\users.php on line 71
[18-Feb-2025 15:27:15 America/Montevideo] PHP Warning:  Creating default object from empty value in C:\xampp\htdocs\orderNet\src\class\defaultclass\users.php on line 71
[18-Feb-2025 15:27:16 America/Montevideo] PHP Warning:  Creating default object from empty value in C:\xampp\htdocs\orderNet\src\class\defaultclass\users.php on line 71
[18-Feb-2025 15:27:47 America/Montevideo] PHP Warning:  Creating default object from empty value in C:\xampp\htdocs\orderNet\src\class\defaultclass\users.php on line 71
[18-Feb-2025 15:28:13 America/Montevideo] PHP Warning:  Creating default object from empty value in C:\xampp\htdocs\orderNet\src\class\defaultclass\users.php on line 95
[18-Feb-2025 15:28:15 America/Montevideo] PHP Warning:  Creating default object from empty value in C:\xampp\htdocs\orderNet\src\class\defaultclass\users.php on line 71
[18-Feb-2025 15:28:33 America/Montevideo] PHP Warning:  Creating default object from empty value in C:\xampp\htdocs\orderNet\src\class\defaultclass\users.php on line 95
[18-Feb-2025 15:28:34 America/Montevideo] PHP Warning:  Creating default object from empty value in C:\xampp\htdocs\orderNet\src\class\defaultclass\users.php on line 71
[18-Feb-2025 15:28:36 America/Montevideo] PHP Warning:  Creating default object from empty value in C:\xampp\htdocs\orderNet\src\class\defaultclass\users.php on line 71
[18-Feb-2025 15:28:37 America/Montevideo] PHP Warning:  Creating default object from empty value in C:\xampp\htdocs\orderNet\src\class\defaultclass\users.php on line 71
[18-Feb-2025 15:28:38 America/Montevideo] PHP Warning:  Creating default object from empty value in C:\xampp\htdocs\orderNet\src\class\defaultclass\users.php on line 71
[18-Feb-2025 15:28:39 America/Montevideo] PHP Warning:  Creating default object from empty value in C:\xampp\htdocs\orderNet\src\class\defaultclass\users.php on line 71
[18-Feb-2025 15:28:41 America/Montevideo] PHP Warning:  Creating default object from empty value in C:\xampp\htdocs\orderNet\src\class\defaultclass\users.php on line 71
[18-Feb-2025 15:28:52 America/Montevideo] PHP Warning:  Creating default object from empty value in C:\xampp\htdocs\orderNet\src\class\defaultclass\users.php on line 71
[18-Feb-2025 15:28:54 America/Montevideo] PHP Warning:  Creating default object from empty value in C:\xampp\htdocs\orderNet\src\class\defaultclass\users.php on line 71
[18-Feb-2025 15:28:55 America/Montevideo] PHP Warning:  Creating default object from empty value in C:\xampp\htdocs\orderNet\src\class\defaultclass\users.php on line 71
[18-Feb-2025 15:28:57 America/Montevideo] PHP Warning:  Creating default object from empty value in C:\xampp\htdocs\orderNet\src\class\defaultclass\users.php on line 71
[18-Feb-2025 15:30:07 America/Montevideo] PHP Warning:  Creating default object from empty value in C:\xampp\htdocs\orderNet\src\class\defaultclass\users.php on line 71
[18-Feb-2025 15:30:08 America/Montevideo] PHP Warning:  Creating default object from empty value in C:\xampp\htdocs\orderNet\src\class\defaultclass\users.php on line 95
[18-Feb-2025 15:30:10 America/Montevideo] PHP Warning:  Creating default object from empty value in C:\xampp\htdocs\orderNet\src\class\defaultclass\users.php on line 71
[18-Feb-2025 15:30:11 America/Montevideo] PHP Warning:  Creating default object from empty value in C:\xampp\htdocs\orderNet\src\class\defaultclass\users.php on line 71
[18-Feb-2025 15:30:25 America/Montevideo] PHP Warning:  Creating default object from empty value in C:\xampp\htdocs\orderNet\src\class\defaultclass\users.php on line 95
[18-Feb-2025 15:30:27 America/Montevideo] PHP Warning:  Creating default object from empty value in C:\xampp\htdocs\orderNet\src\class\defaultclass\users.php on line 71
[18-Feb-2025 15:30:29 America/Montevideo] PHP Warning:  Creating default object from empty value in C:\xampp\htdocs\orderNet\src\class\defaultclass\users.php on line 71
[18-Feb-2025 15:30:40 America/Montevideo] PHP Warning:  Creating default object from empty value in C:\xampp\htdocs\orderNet\src\class\defaultclass\users.php on line 71
[18-Feb-2025 15:31:13 America/Montevideo] PHP Warning:  Creating default object from empty value in C:\xampp\htdocs\orderNet\src\class\defaultclass\users.php on line 71
[18-Feb-2025 15:31:15 America/Montevideo] PHP Warning:  Creating default object from empty value in C:\xampp\htdocs\orderNet\src\class\defaultclass\users.php on line 71
[18-Feb-2025 15:42:22 America/Montevideo] PHP Warning:  Creating default object from empty value in C:\xampp\htdocs\orderNet\src\class\defaultclass\users.php on line 95
[18-Feb-2025 15:44:24 America/Montevideo] PHP Warning:  Creating default object from empty value in C:\xampp\htdocs\orderNet\src\class\defaultclass\users.php on line 95
[18-Feb-2025 15:44:26 America/Montevideo] PHP Warning:  Creating default object from empty value in C:\xampp\htdocs\orderNet\src\class\defaultclass\users.php on line 71
[18-Feb-2025 15:44:31 America/Montevideo] PHP Warning:  Creating default object from empty value in C:\xampp\htdocs\orderNet\src\class\defaultclass\users.php on line 71
[18-Feb-2025 15:44:37 America/Montevideo] PHP Warning:  Creating default object from empty value in C:\xampp\htdocs\orderNet\src\class\defaultclass\users.php on line 95
[18-Feb-2025 15:46:29 America/Montevideo] PHP Warning:  Creating default object from empty value in C:\xampp\htdocs\orderNet\src\class\defaultclass\users.php on line 95
[18-Feb-2025 15:47:12 America/Montevideo] PHP Warning:  Creating default object from empty value in C:\xampp\htdocs\orderNet\src\class\defaultclass\users.php on line 95
[18-Feb-2025 15:47:30 America/Montevideo] PHP Warning:  Creating default object from empty value in C:\xampp\htdocs\orderNet\src\class\defaultclass\users.php on line 95
[18-Feb-2025 15:47:56 America/Montevideo] PHP Warning:  Creating default object from empty value in C:\xampp\htdocs\orderNet\src\class\defaultclass\users.php on line 95
[18-Feb-2025 15:48:11 America/Montevideo] PHP Warning:  Creating default object from empty value in C:\xampp\htdocs\orderNet\src\class\defaultclass\users.php on line 95
[18-Feb-2025 15:48:45 America/Montevideo] PHP Warning:  Creating default object from empty value in C:\xampp\htdocs\orderNet\src\class\defaultclass\users.php on line 95
[18-Feb-2025 15:49:28 America/Montevideo] PHP Warning:  Creating default object from empty value in C:\xampp\htdocs\orderNet\src\class\defaultclass\users.php on line 95
[18-Feb-2025 15:49:43 America/Montevideo] PHP Warning:  Creating default object from empty value in C:\xampp\htdocs\orderNet\src\class\defaultclass\users.php on line 71
[18-Feb-2025 15:49:44 America/Montevideo] PHP Warning:  Creating default object from empty value in C:\xampp\htdocs\orderNet\src\class\defaultclass\users.php on line 95
[18-Feb-2025 15:52:44 America/Montevideo] PHP Warning:  Creating default object from empty value in C:\xampp\htdocs\orderNet\src\class\defaultclass\users.php on line 95
[18-Feb-2025 15:52:46 America/Montevideo] PHP Warning:  Creating default object from empty value in C:\xampp\htdocs\orderNet\src\class\defaultclass\users.php on line 71
[18-Feb-2025 15:53:19 America/Montevideo] PHP Warning:  Creating default object from empty value in C:\xampp\htdocs\orderNet\src\class\defaultclass\users.php on line 71
[18-Feb-2025 15:53:20 America/Montevideo] PHP Warning:  Creating default object from empty value in C:\xampp\htdocs\orderNet\src\class\defaultclass\users.php on line 95
[18-Feb-2025 15:53:21 America/Montevideo] PHP Warning:  Creating default object from empty value in C:\xampp\htdocs\orderNet\src\class\defaultclass\users.php on line 71
[18-Feb-2025 15:53:35 America/Montevideo] PHP Warning:  Creating default object from empty value in C:\xampp\htdocs\orderNet\src\class\defaultclass\users.php on line 71
[18-Feb-2025 15:53:35 America/Montevideo] PHP Warning:  Creating default object from empty value in C:\xampp\htdocs\orderNet\src\class\defaultclass\users.php on line 95
[18-Feb-2025 15:53:36 America/Montevideo] PHP Warning:  Creating default object from empty value in C:\xampp\htdocs\orderNet\src\class\defaultclass\users.php on line 71
[18-Feb-2025 15:54:01 America/Montevideo] PHP Warning:  Creating default object from empty value in C:\xampp\htdocs\orderNet\src\class\defaultclass\users.php on line 95
[18-Feb-2025 15:54:03 America/Montevideo] PHP Warning:  Creating default object from empty value in C:\xampp\htdocs\orderNet\src\class\defaultclass\users.php on line 71
[18-Feb-2025 15:54:07 America/Montevideo] PHP Warning:  Creating default object from empty value in C:\xampp\htdocs\orderNet\src\class\defaultclass\users.php on line 71
[18-Feb-2025 15:54:09 America/Montevideo] PHP Warning:  Creating default object from empty value in C:\xampp\htdocs\orderNet\src\class\defaultclass\users.php on line 71
[18-Feb-2025 15:54:37 America/Montevideo] PHP Warning:  Creating default object from empty value in C:\xampp\htdocs\orderNet\src\class\defaultclass\users.php on line 95
[18-Feb-2025 15:54:38 America/Montevideo] PHP Warning:  Creating default object from empty value in C:\xampp\htdocs\orderNet\src\class\defaultclass\users.php on line 71
[18-Feb-2025 15:54:41 America/Montevideo] PHP Warning:  Creating default object from empty value in C:\xampp\htdocs\orderNet\src\class\defaultclass\users.php on line 71
[18-Feb-2025 15:54:53 America/Montevideo] PHP Warning:  Creating default object from empty value in C:\xampp\htdocs\orderNet\src\class\defaultclass\users.php on line 71
[18-Feb-2025 15:54:55 America/Montevideo] PHP Warning:  Creating default object from empty value in C:\xampp\htdocs\orderNet\src\class\defaultclass\users.php on line 71
[18-Feb-2025 15:54:56 America/Montevideo] PHP Warning:  Creating default object from empty value in C:\xampp\htdocs\orderNet\src\class\defaultclass\users.php on line 71
[18-Feb-2025 15:54:58 America/Montevideo] PHP Warning:  Creating default object from empty value in C:\xampp\htdocs\orderNet\src\class\defaultclass\users.php on line 71
[18-Feb-2025 15:54:59 America/Montevideo] PHP Warning:  Creating default object from empty value in C:\xampp\htdocs\orderNet\src\class\defaultclass\users.php on line 71
[18-Feb-2025 15:55:00 America/Montevideo] PHP Warning:  Creating default object from empty value in C:\xampp\htdocs\orderNet\src\class\defaultclass\users.php on line 71
[18-Feb-2025 15:55:10 America/Montevideo] PHP Warning:  Creating default object from empty value in C:\xampp\htdocs\orderNet\src\class\defaultclass\users.php on line 71
[18-Feb-2025 15:55:35 America/Montevideo] PHP Warning:  Creating default object from empty value in C:\xampp\htdocs\orderNet\src\class\defaultclass\users.php on line 95
[18-Feb-2025 15:55:36 America/Montevideo] PHP Warning:  Creating default object from empty value in C:\xampp\htdocs\orderNet\src\class\defaultclass\users.php on line 71
[18-Feb-2025 15:56:08 America/Montevideo] PHP Warning:  Creating default object from empty value in C:\xampp\htdocs\orderNet\src\class\defaultclass\users.php on line 95
[18-Feb-2025 15:56:10 America/Montevideo] PHP Warning:  Creating default object from empty value in C:\xampp\htdocs\orderNet\src\class\defaultclass\users.php on line 71
[18-Feb-2025 15:56:25 America/Montevideo] PHP Warning:  Creating default object from empty value in C:\xampp\htdocs\orderNet\src\class\defaultclass\users.php on line 95
[18-Feb-2025 15:56:25 America/Montevideo] PHP Warning:  Creating default object from empty value in C:\xampp\htdocs\orderNet\src\class\defaultclass\users.php on line 71
[18-Feb-2025 15:56:26 America/Montevideo] PHP Warning:  Creating default object from empty value in C:\xampp\htdocs\orderNet\src\class\defaultclass\users.php on line 71
[18-Feb-2025 15:56:34 America/Montevideo] PHP Warning:  Creating default object from empty value in C:\xampp\htdocs\orderNet\src\class\defaultclass\users.php on line 71
[18-Feb-2025 15:56:35 America/Montevideo] PHP Warning:  Creating default object from empty value in C:\xampp\htdocs\orderNet\src\class\defaultclass\users.php on line 95
[18-Feb-2025 15:56:36 America/Montevideo] PHP Warning:  Creating default object from empty value in C:\xampp\htdocs\orderNet\src\class\defaultclass\users.php on line 71
[18-Feb-2025 15:56:53 America/Montevideo] PHP Warning:  Creating default object from empty value in C:\xampp\htdocs\orderNet\src\class\defaultclass\users.php on line 95
[18-Feb-2025 15:56:54 America/Montevideo] PHP Warning:  Creating default object from empty value in C:\xampp\htdocs\orderNet\src\class\defaultclass\users.php on line 71
[18-Feb-2025 16:02:32 America/Montevideo] PHP Warning:  Creating default object from empty value in C:\xampp\htdocs\orderNet\src\class\defaultclass\users.php on line 95
[18-Feb-2025 16:03:00 America/Montevideo] PHP Warning:  Creating default object from empty value in C:\xampp\htdocs\orderNet\src\class\defaultclass\users.php on line 95
[18-Feb-2025 16:03:20 America/Montevideo] PHP Warning:  Creating default object from empty value in C:\xampp\htdocs\orderNet\src\class\defaultclass\users.php on line 95
[18-Feb-2025 16:03:59 America/Montevideo] PHP Warning:  Creating default object from empty value in C:\xampp\htdocs\orderNet\src\class\defaultclass\users.php on line 95
[18-Feb-2025 16:04:32 America/Montevideo] PHP Warning:  Creating default object from empty value in C:\xampp\htdocs\orderNet\src\class\defaultclass\users.php on line 95
[18-Feb-2025 16:04:41 America/Montevideo] PHP Warning:  Creating default object from empty value in C:\xampp\htdocs\orderNet\src\class\defaultclass\users.php on line 71
[18-Feb-2025 16:04:42 America/Montevideo] PHP Warning:  Creating default object from empty value in C:\xampp\htdocs\orderNet\src\class\defaultclass\users.php on line 95
[18-Feb-2025 16:04:56 America/Montevideo] PHP Warning:  Creating default object from empty value in C:\xampp\htdocs\orderNet\src\class\defaultclass\users.php on line 95
[18-Feb-2025 16:05:04 America/Montevideo] PHP Warning:  Creating default object from empty value in C:\xampp\htdocs\orderNet\src\class\defaultclass\users.php on line 95
[18-Feb-2025 16:06:13 America/Montevideo] PHP Warning:  Creating default object from empty value in C:\xampp\htdocs\orderNet\src\class\defaultclass\users.php on line 95
[18-Feb-2025 16:06:30 America/Montevideo] PHP Warning:  Creating default object from empty value in C:\xampp\htdocs\orderNet\src\class\defaultclass\users.php on line 95
[18-Feb-2025 16:06:39 America/Montevideo] PHP Warning:  Creating default object from empty value in C:\xampp\htdocs\orderNet\src\class\defaultclass\users.php on line 95
[18-Feb-2025 16:07:23 America/Montevideo] PHP Warning:  Creating default object from empty value in C:\xampp\htdocs\orderNet\src\class\defaultclass\users.php on line 95
[18-Feb-2025 16:09:40 America/Montevideo] PHP Warning:  Creating default object from empty value in C:\xampp\htdocs\orderNet\src\class\defaultclass\users.php on line 95
[18-Feb-2025 16:09:41 America/Montevideo] PHP Warning:  Creating default object from empty value in C:\xampp\htdocs\orderNet\src\class\defaultclass\users.php on line 71
[18-Feb-2025 16:11:24 America/Montevideo] PHP Warning:  Creating default object from empty value in C:\xampp\htdocs\orderNet\src\class\defaultclass\users.php on line 95
[18-Feb-2025 16:11:25 America/Montevideo] PHP Warning:  Creating default object from empty value in C:\xampp\htdocs\orderNet\src\class\defaultclass\users.php on line 71
[18-Feb-2025 16:12:06 America/Montevideo] PHP Warning:  Creating default object from empty value in C:\xampp\htdocs\orderNet\src\class\defaultclass\users.php on line 95
[18-Feb-2025 16:12:09 America/Montevideo] PHP Warning:  Creating default object from empty value in C:\xampp\htdocs\orderNet\src\class\defaultclass\users.php on line 71
[18-Feb-2025 16:12:23 America/Montevideo] PHP Warning:  Creating default object from empty value in C:\xampp\htdocs\orderNet\src\class\defaultclass\users.php on line 95
[18-Feb-2025 16:12:25 America/Montevideo] PHP Warning:  Creating default object from empty value in C:\xampp\htdocs\orderNet\src\class\defaultclass\users.php on line 71
[18-Feb-2025 16:12:30 America/Montevideo] PHP Warning:  Creating default object from empty value in C:\xampp\htdocs\orderNet\src\class\defaultclass\users.php on line 95
[18-Feb-2025 16:12:32 America/Montevideo] PHP Warning:  Creating default object from empty value in C:\xampp\htdocs\orderNet\src\class\defaultclass\users.php on line 71
[18-Feb-2025 16:12:45 America/Montevideo] PHP Warning:  Creating default object from empty value in C:\xampp\htdocs\orderNet\src\class\defaultclass\users.php on line 95
[18-Feb-2025 16:12:47 America/Montevideo] PHP Warning:  Creating default object from empty value in C:\xampp\htdocs\orderNet\src\class\defaultclass\users.php on line 71
[18-Feb-2025 16:13:34 America/Montevideo] PHP Warning:  Creating default object from empty value in C:\xampp\htdocs\orderNet\src\class\defaultclass\users.php on line 95
[18-Feb-2025 16:13:35 America/Montevideo] PHP Warning:  Creating default object from empty value in C:\xampp\htdocs\orderNet\src\class\defaultclass\users.php on line 71
[18-Feb-2025 16:13:37 America/Montevideo] PHP Warning:  Creating default object from empty value in C:\xampp\htdocs\orderNet\src\class\defaultclass\users.php on line 71
[18-Feb-2025 16:13:48 America/Montevideo] PHP Warning:  Creating default object from empty value in C:\xampp\htdocs\orderNet\src\class\defaultclass\users.php on line 71
[18-Feb-2025 16:13:49 America/Montevideo] PHP Warning:  Creating default object from empty value in C:\xampp\htdocs\orderNet\src\class\defaultclass\users.php on line 95
[18-Feb-2025 16:13:50 America/Montevideo] PHP Warning:  Creating default object from empty value in C:\xampp\htdocs\orderNet\src\class\defaultclass\users.php on line 71
[18-Feb-2025 16:14:02 America/Montevideo] PHP Warning:  Creating default object from empty value in C:\xampp\htdocs\orderNet\src\class\defaultclass\users.php on line 71
[18-Feb-2025 16:14:07 America/Montevideo] PHP Warning:  Creating default object from empty value in C:\xampp\htdocs\orderNet\src\class\defaultclass\users.php on line 95
[18-Feb-2025 16:14:27 America/Montevideo] PHP Warning:  Creating default object from empty value in C:\xampp\htdocs\orderNet\src\class\defaultclass\users.php on line 95
[18-Feb-2025 16:14:28 America/Montevideo] PHP Warning:  Creating default object from empty value in C:\xampp\htdocs\orderNet\src\class\defaultclass\users.php on line 71
[18-Feb-2025 16:14:45 America/Montevideo] PHP Warning:  Creating default object from empty value in C:\xampp\htdocs\orderNet\src\class\defaultclass\users.php on line 95
[18-Feb-2025 16:14:46 America/Montevideo] PHP Warning:  Creating default object from empty value in C:\xampp\htdocs\orderNet\src\class\defaultclass\users.php on line 71
[18-Feb-2025 16:20:17 America/Montevideo] PHP Warning:  Creating default object from empty value in C:\xampp\htdocs\orderNet\src\class\defaultclass\users.php on line 95
[18-Feb-2025 16:20:19 America/Montevideo] PHP Warning:  Creating default object from empty value in C:\xampp\htdocs\orderNet\src\class\defaultclass\users.php on line 71
[18-Feb-2025 16:20:23 America/Montevideo] PHP Notice:  Undefined index: seccion in C:\xampp\htdocs\orderNet\src\class\defaultclass\users.php on line 108
[18-Feb-2025 16:20:23 America/Montevideo] PHP Warning:  Creating default object from empty value in C:\xampp\htdocs\orderNet\src\class\defaultclass\users.php on line 110
[18-Feb-2025 16:20:45 America/Montevideo] PHP Notice:  Undefined index: seccion in C:\xampp\htdocs\orderNet\src\class\defaultclass\users.php on line 108
[18-Feb-2025 16:20:45 America/Montevideo] PHP Warning:  Creating default object from empty value in C:\xampp\htdocs\orderNet\src\class\defaultclass\users.php on line 110
[18-Feb-2025 16:21:04 America/Montevideo] PHP Notice:  Undefined index: seccion in C:\xampp\htdocs\orderNet\src\class\defaultclass\users.php on line 108
[18-Feb-2025 16:21:04 America/Montevideo] PHP Warning:  Creating default object from empty value in C:\xampp\htdocs\orderNet\src\class\defaultclass\users.php on line 110
[18-Feb-2025 16:21:06 America/Montevideo] PHP Warning:  Creating default object from empty value in C:\xampp\htdocs\orderNet\src\class\defaultclass\users.php on line 71
[18-Feb-2025 16:21:08 America/Montevideo] PHP Warning:  Creating default object from empty value in C:\xampp\htdocs\orderNet\src\class\defaultclass\users.php on line 71
[18-Feb-2025 16:21:11 America/Montevideo] PHP Warning:  Creating default object from empty value in C:\xampp\htdocs\orderNet\src\class\defaultclass\users.php on line 71
[18-Feb-2025 16:21:49 America/Montevideo] PHP Notice:  Undefined index: seccion in C:\xampp\htdocs\orderNet\src\class\defaultclass\users.php on line 108
[18-Feb-2025 16:21:49 America/Montevideo] PHP Warning:  Creating default object from empty value in C:\xampp\htdocs\orderNet\src\class\defaultclass\users.php on line 110
[18-Feb-2025 16:23:07 America/Montevideo] PHP Warning:  Creating default object from empty value in C:\xampp\htdocs\orderNet\src\class\defaultclass\users.php on line 110
[18-Feb-2025 16:26:25 America/Montevideo] PHP Warning:  Creating default object from empty value in C:\xampp\htdocs\orderNet\src\class\defaultclass\users.php on line 110
[18-Feb-2025 16:26:44 America/Montevideo] PHP Warning:  Creating default object from empty value in C:\xampp\htdocs\orderNet\src\class\defaultclass\users.php on line 95
[18-Feb-2025 16:26:46 America/Montevideo] PHP Warning:  Creating default object from empty value in C:\xampp\htdocs\orderNet\src\class\defaultclass\users.php on line 71
[18-Feb-2025 16:27:37 America/Montevideo] PHP Warning:  Creating default object from empty value in C:\xampp\htdocs\orderNet\src\class\defaultclass\users.php on line 95
[18-Feb-2025 16:27:38 America/Montevideo] PHP Warning:  Creating default object from empty value in C:\xampp\htdocs\orderNet\src\class\defaultclass\users.php on line 71
[18-Feb-2025 16:27:39 America/Montevideo] PHP Warning:  Creating default object from empty value in C:\xampp\htdocs\orderNet\src\class\defaultclass\users.php on line 110
[18-Feb-2025 16:27:44 America/Montevideo] PHP Warning:  Creating default object from empty value in C:\xampp\htdocs\orderNet\src\class\defaultclass\users.php on line 95
[18-Feb-2025 16:27:45 America/Montevideo] PHP Warning:  Creating default object from empty value in C:\xampp\htdocs\orderNet\src\class\defaultclass\users.php on line 71
[18-Feb-2025 16:27:47 America/Montevideo] PHP Warning:  Creating default object from empty value in C:\xampp\htdocs\orderNet\src\class\defaultclass\users.php on line 110
[18-Feb-2025 16:52:12 America/Montevideo] PHP Warning:  Creating default object from empty value in C:\xampp\htdocs\orderNet\src\class\defaultclass\users.php on line 110
[18-Feb-2025 16:52:54 America/Montevideo] PHP Warning:  Creating default object from empty value in C:\xampp\htdocs\orderNet\src\class\defaultclass\users.php on line 110
[18-Feb-2025 16:53:13 America/Montevideo] PHP Warning:  Creating default object from empty value in C:\xampp\htdocs\orderNet\src\class\defaultclass\users.php on line 95
[18-Feb-2025 16:53:14 America/Montevideo] PHP Warning:  Creating default object from empty value in C:\xampp\htdocs\orderNet\src\class\defaultclass\users.php on line 71
[18-Feb-2025 16:53:16 America/Montevideo] PHP Warning:  Creating default object from empty value in C:\xampp\htdocs\orderNet\src\class\defaultclass\users.php on line 71
[18-Feb-2025 16:53:19 America/Montevideo] PHP Warning:  Creating default object from empty value in C:\xampp\htdocs\orderNet\src\class\defaultclass\users.php on line 71
[18-Feb-2025 16:53:20 America/Montevideo] PHP Warning:  Creating default object from empty value in C:\xampp\htdocs\orderNet\src\class\defaultclass\users.php on line 71
[18-Feb-2025 16:53:39 America/Montevideo] PHP Warning:  Creating default object from empty value in C:\xampp\htdocs\orderNet\src\class\defaultclass\users.php on line 95
[18-Feb-2025 16:53:41 America/Montevideo] PHP Warning:  Creating default object from empty value in C:\xampp\htdocs\orderNet\src\class\defaultclass\users.php on line 71
[18-Feb-2025 16:53:42 America/Montevideo] PHP Warning:  Creating default object from empty value in C:\xampp\htdocs\orderNet\src\class\defaultclass\users.php on line 71
[18-Feb-2025 16:53:44 America/Montevideo] PHP Warning:  Creating default object from empty value in C:\xampp\htdocs\orderNet\src\class\defaultclass\users.php on line 71
[18-Feb-2025 16:58:42 America/Montevideo] PHP Warning:  Creating default object from empty value in C:\xampp\htdocs\orderNet\src\class\defaultclass\users.php on line 95
[18-Feb-2025 16:58:44 America/Montevideo] PHP Warning:  Creating default object from empty value in C:\xampp\htdocs\orderNet\src\class\defaultclass\users.php on line 71
[18-Feb-2025 16:58:47 America/Montevideo] PHP Warning:  Creating default object from empty value in C:\xampp\htdocs\orderNet\src\class\defaultclass\users.php on line 71
[18-Feb-2025 16:58:48 America/Montevideo] PHP Warning:  Creating default object from empty value in C:\xampp\htdocs\orderNet\src\class\defaultclass\users.php on line 71
[18-Feb-2025 16:58:51 America/Montevideo] PHP Warning:  Creating default object from empty value in C:\xampp\htdocs\orderNet\src\class\defaultclass\users.php on line 110
[18-Feb-2025 16:59:32 America/Montevideo] PHP Warning:  Creating default object from empty value in C:\xampp\htdocs\orderNet\src\class\defaultclass\users.php on line 110
[18-Feb-2025 16:59:35 America/Montevideo] PHP Warning:  Creating default object from empty value in C:\xampp\htdocs\orderNet\src\class\defaultclass\users.php on line 95
[18-Feb-2025 16:59:45 America/Montevideo] PHP Warning:  Creating default object from empty value in C:\xampp\htdocs\orderNet\src\class\defaultclass\users.php on line 110
[18-Feb-2025 17:00:28 America/Montevideo] PHP Warning:  Creating default object from empty value in C:\xampp\htdocs\orderNet\src\class\defaultclass\users.php on line 95
[18-Feb-2025 17:00:29 America/Montevideo] PHP Warning:  Creating default object from empty value in C:\xampp\htdocs\orderNet\src\class\defaultclass\users.php on line 71
[18-Feb-2025 17:00:38 America/Montevideo] PHP Warning:  Creating default object from empty value in C:\xampp\htdocs\orderNet\src\class\defaultclass\users.php on line 110
[18-Feb-2025 17:08:33 America/Montevideo] PHP Warning:  Creating default object from empty value in C:\xampp\htdocs\orderNet\src\class\defaultclass\users.php on line 95
[18-Feb-2025 17:08:34 America/Montevideo] PHP Warning:  Creating default object from empty value in C:\xampp\htdocs\orderNet\src\class\defaultclass\users.php on line 71
[18-Feb-2025 17:08:44 America/Montevideo] PHP Warning:  Creating default object from empty value in C:\xampp\htdocs\orderNet\src\class\defaultclass\users.php on line 110
[18-Feb-2025 17:08:56 America/Montevideo] PHP Warning:  Creating default object from empty value in C:\xampp\htdocs\orderNet\src\class\defaultclass\users.php on line 95
[18-Feb-2025 17:08:57 America/Montevideo] PHP Warning:  Creating default object from empty value in C:\xampp\htdocs\orderNet\src\class\defaultclass\users.php on line 71
[18-Feb-2025 17:09:15 America/Montevideo] PHP Warning:  Creating default object from empty value in C:\xampp\htdocs\orderNet\src\class\defaultclass\users.php on line 110
[18-Feb-2025 17:50:57 America/Montevideo] PHP Warning:  Creating default object from empty value in C:\xampp\htdocs\orderNet\src\class\defaultclass\users.php on line 95
[18-Feb-2025 17:50:59 America/Montevideo] PHP Warning:  Creating default object from empty value in C:\xampp\htdocs\orderNet\src\class\defaultclass\users.php on line 71
[18-Feb-2025 17:51:33 America/Montevideo] PHP Warning:  Creating default object from empty value in C:\xampp\htdocs\orderNet\src\class\defaultclass\users.php on line 117
[18-Feb-2025 17:51:37 America/Montevideo] PHP Warning:  Creating default object from empty value in C:\xampp\htdocs\orderNet\src\class\defaultclass\users.php on line 95
[18-Feb-2025 17:51:38 America/Montevideo] PHP Warning:  Creating default object from empty value in C:\xampp\htdocs\orderNet\src\class\defaultclass\users.php on line 71
[18-Feb-2025 17:51:45 America/Montevideo] PHP Warning:  Creating default object from empty value in C:\xampp\htdocs\orderNet\src\class\defaultclass\users.php on line 117
[18-Feb-2025 17:52:12 America/Montevideo] PHP Warning:  Creating default object from empty value in C:\xampp\htdocs\orderNet\src\class\defaultclass\users.php on line 95
[18-Feb-2025 17:52:13 America/Montevideo] PHP Warning:  Creating default object from empty value in C:\xampp\htdocs\orderNet\src\class\defaultclass\users.php on line 71
[18-Feb-2025 17:52:19 America/Montevideo] PHP Warning:  Creating default object from empty value in C:\xampp\htdocs\orderNet\src\class\defaultclass\users.php on line 117
[18-Feb-2025 17:52:30 America/Montevideo] PHP Warning:  Creating default object from empty value in C:\xampp\htdocs\orderNet\src\class\defaultclass\users.php on line 95
[18-Feb-2025 17:52:42 America/Montevideo] PHP Warning:  Creating default object from empty value in C:\xampp\htdocs\orderNet\src\class\defaultclass\users.php on line 71
[18-Feb-2025 17:52:45 America/Montevideo] PHP Warning:  Creating default object from empty value in C:\xampp\htdocs\orderNet\src\class\defaultclass\users.php on line 71
[18-Feb-2025 17:52:53 America/Montevideo] PHP Warning:  Creating default object from empty value in C:\xampp\htdocs\orderNet\src\class\defaultclass\users.php on line 71
[18-Feb-2025 17:52:56 America/Montevideo] PHP Warning:  Creating default object from empty value in C:\xampp\htdocs\orderNet\src\class\defaultclass\users.php on line 117
[18-Feb-2025 17:57:25 America/Montevideo] PHP Warning:  Creating default object from empty value in C:\xampp\htdocs\orderNet\src\class\defaultclass\users.php on line 95
[18-Feb-2025 17:57:26 America/Montevideo] PHP Warning:  Creating default object from empty value in C:\xampp\htdocs\orderNet\src\class\defaultclass\users.php on line 71
[18-Feb-2025 18:02:10 America/Montevideo] PHP Warning:  Creating default object from empty value in C:\xampp\htdocs\orderNet\src\class\defaultclass\users.php on line 95
[18-Feb-2025 18:02:12 America/Montevideo] PHP Warning:  Creating default object from empty value in C:\xampp\htdocs\orderNet\src\class\defaultclass\users.php on line 71
[18-Feb-2025 18:02:12 America/Montevideo] PHP Warning:  Creating default object from empty value in C:\xampp\htdocs\orderNet\src\class\defaultclass\users.php on line 117
[18-Feb-2025 18:02:20 America/Montevideo] PHP Warning:  Creating default object from empty value in C:\xampp\htdocs\orderNet\src\class\defaultclass\users.php on line 117
[18-Feb-2025 18:03:12 America/Montevideo] PHP Warning:  Creating default object from empty value in C:\xampp\htdocs\orderNet\src\class\defaultclass\users.php on line 117
[18-Feb-2025 18:16:35 America/Montevideo] PHP Warning:  Creating default object from empty value in C:\xampp\htdocs\orderNet\src\class\defaultclass\users.php on line 123
[18-Feb-2025 18:17:11 America/Montevideo] PHP Warning:  Creating default object from empty value in C:\xampp\htdocs\orderNet\src\class\defaultclass\users.php on line 123
[18-Feb-2025 18:18:05 America/Montevideo] PHP Warning:  Creating default object from empty value in C:\xampp\htdocs\orderNet\src\class\defaultclass\users.php on line 123
[18-Feb-2025 18:18:27 America/Montevideo] PHP Warning:  Creating default object from empty value in C:\xampp\htdocs\orderNet\src\class\defaultclass\users.php on line 123
[18-Feb-2025 18:18:49 America/Montevideo] PHP Warning:  Creating default object from empty value in C:\xampp\htdocs\orderNet\src\class\defaultclass\users.php on line 123
[18-Feb-2025 18:19:17 America/Montevideo] PHP Warning:  Creating default object from empty value in C:\xampp\htdocs\orderNet\src\class\defaultclass\users.php on line 123
[18-Feb-2025 18:20:40 America/Montevideo] PHP Warning:  Creating default object from empty value in C:\xampp\htdocs\orderNet\src\class\defaultclass\users.php on line 123
[18-Feb-2025 18:22:18 America/Montevideo] PHP Warning:  Creating default object from empty value in C:\xampp\htdocs\orderNet\src\class\defaultclass\users.php on line 123
[18-Feb-2025 18:22:52 America/Montevideo] PHP Warning:  Creating default object from empty value in C:\xampp\htdocs\orderNet\src\class\defaultclass\users.php on line 123
[18-Feb-2025 18:23:18 America/Montevideo] PHP Warning:  Creating default object from empty value in C:\xampp\htdocs\orderNet\src\class\defaultclass\users.php on line 123
[18-Feb-2025 18:23:59 America/Montevideo] PHP Warning:  Creating default object from empty value in C:\xampp\htdocs\orderNet\src\class\defaultclass\users.php on line 123
[18-Feb-2025 18:24:25 America/Montevideo] PHP Warning:  Creating default object from empty value in C:\xampp\htdocs\orderNet\src\class\defaultclass\users.php on line 123
[18-Feb-2025 18:24:40 America/Montevideo] PHP Warning:  Creating default object from empty value in C:\xampp\htdocs\orderNet\src\class\defaultclass\users.php on line 123
[18-Feb-2025 18:25:22 America/Montevideo] PHP Warning:  Creating default object from empty value in C:\xampp\htdocs\orderNet\src\class\defaultclass\users.php on line 123
[18-Feb-2025 18:26:13 America/Montevideo] PHP Warning:  Creating default object from empty value in C:\xampp\htdocs\orderNet\src\class\defaultclass\users.php on line 123
[18-Feb-2025 18:28:18 America/Montevideo] PHP Warning:  Creating default object from empty value in C:\xampp\htdocs\orderNet\src\class\defaultclass\users.php on line 123
[18-Feb-2025 18:28:24 America/Montevideo] PHP Warning:  Creating default object from empty value in C:\xampp\htdocs\orderNet\src\class\defaultclass\users.php on line 123
[18-Feb-2025 18:28:34 America/Montevideo] PHP Warning:  Creating default object from empty value in C:\xampp\htdocs\orderNet\src\class\defaultclass\users.php on line 123
[18-Feb-2025 18:28:45 America/Montevideo] PHP Warning:  Creating default object from empty value in C:\xampp\htdocs\orderNet\src\class\defaultclass\users.php on line 123
